0 verbose cli /Users/michelleliu/.nvm/versions/node/v22.21.0/bin/node /Users/michelleliu/.nvm/versions/node/v22.21.0/lib/node_modules/npm/bin/npm-cli.js
1 info using npm@10.9.4
2 info using node@v22.21.0
3 silly config load:file:/Users/michelleliu/.nvm/versions/node/v22.21.0/lib/node_modules/npm/npmrc
4 silly config load:file:/Users/michelleliu/NexusWebsiteV1/.npmrc
5 silly config load:file:/Users/michelleliu/.npmrc
6 silly config load:file:/Users/michelleliu/.nvm/versions/node/v22.21.0/etc/npmrc
7 verbose title npm exec ttf2woff2 src/styles/HostGrotesk-Regular.ttf public/fonts/HostGrotesk-Regular.woff2
8 verbose argv "exec" "--" "ttf2woff2" "src/styles/HostGrotesk-Regular.ttf" "public/fonts/HostGrotesk-Regular.woff2"
9 verbose logfile logs-max:10 dir:/Users/michelleliu/NexusWebsiteV1/.npm-cache/_logs/2025-11-04T11_52_39_945Z-
10 verbose logfile /Users/michelleliu/NexusWebsiteV1/.npm-cache/_logs/2025-11-04T11_52_39_945Z-debug-0.log
11 silly logfile start cleaning logs, removing 1 files
12 silly logfile done cleaning log files
13 silly packumentCache heap:4345298944 maxSize:1086324736 maxEntrySize:543162368
14 http fetch GET 200 https://registry.npmjs.org/ttf2woff2 93ms (cache miss)
15 silly packumentCache heap:4345298944 maxSize:1086324736 maxEntrySize:543162368
16 silly packumentCache heap:4345298944 maxSize:1086324736 maxEntrySize:543162368
17 warn exec The following package was not found and will be installed: ttf2woff2@8.0.0
18 silly idealTree buildDeps
19 silly fetch manifest ttf2woff2@8.0.0
20 silly packumentCache full:https://registry.npmjs.org/ttf2woff2 cache-miss
21 http fetch GET 200 https://registry.npmjs.org/ttf2woff2 65ms (cache miss)
22 silly packumentCache full:https://registry.npmjs.org/ttf2woff2 set size:undefined disposed:false
23 silly placeDep ROOT ttf2woff2@8.0.0 OK for:  want: 8.0.0
24 silly fetch manifest bindings@^1.5.0
25 silly packumentCache full:https://registry.npmjs.org/bindings cache-miss
26 silly fetch manifest bufferstreams@^4.0.0
27 silly packumentCache full:https://registry.npmjs.org/bufferstreams cache-miss
28 silly fetch manifest debug@^4.4.1
29 silly packumentCache full:https://registry.npmjs.org/debug cache-miss
30 silly fetch manifest nan@^2.22.2
31 silly packumentCache full:https://registry.npmjs.org/nan cache-miss
32 silly fetch manifest node-gyp@^11.2.0
33 silly packumentCache full:https://registry.npmjs.org/node-gyp cache-miss
34 silly fetch manifest yerror@^8.0.0
35 silly packumentCache full:https://registry.npmjs.org/yerror cache-miss
36 http fetch GET 200 https://registry.npmjs.org/bindings 37ms (cache miss)
37 silly packumentCache full:https://registry.npmjs.org/bindings set size:undefined disposed:false
38 http fetch GET 200 https://registry.npmjs.org/debug 78ms (cache miss)
39 silly packumentCache full:https://registry.npmjs.org/debug set size:undefined disposed:false
40 http fetch GET 200 https://registry.npmjs.org/node-gyp 88ms (cache miss)
41 silly packumentCache full:https://registry.npmjs.org/node-gyp set size:undefined disposed:false
42 http fetch GET 200 https://registry.npmjs.org/nan 90ms (cache miss)
43 silly packumentCache full:https://registry.npmjs.org/nan set size:undefined disposed:false
44 http fetch GET 200 https://registry.npmjs.org/bufferstreams 113ms (cache miss)
45 silly packumentCache full:https://registry.npmjs.org/bufferstreams set size:undefined disposed:false
46 http fetch GET 200 https://registry.npmjs.org/yerror 130ms (cache miss)
47 silly packumentCache full:https://registry.npmjs.org/yerror set size:undefined disposed:false
48 silly placeDep ROOT bindings@1.5.0 OK for: ttf2woff2@8.0.0 want: ^1.5.0
49 silly placeDep ROOT bufferstreams@4.0.0 OK for: ttf2woff2@8.0.0 want: ^4.0.0
50 silly placeDep ROOT debug@4.4.3 OK for: ttf2woff2@8.0.0 want: ^4.4.1
51 silly placeDep ROOT nan@2.23.0 OK for: ttf2woff2@8.0.0 want: ^2.22.2
52 silly placeDep ROOT node-gyp@11.5.0 OK for: ttf2woff2@8.0.0 want: ^11.2.0
53 silly placeDep ROOT yerror@8.0.0 OK for: ttf2woff2@8.0.0 want: ^8.0.0
54 silly fetch manifest file-uri-to-path@1.0.0
55 silly packumentCache full:https://registry.npmjs.org/file-uri-to-path cache-miss
56 silly fetch manifest readable-stream@^3.4.0
57 silly packumentCache full:https://registry.npmjs.org/readable-stream cache-miss
58 silly fetch manifest ms@^2.1.3
59 silly packumentCache full:https://registry.npmjs.org/ms cache-miss
60 silly fetch manifest env-paths@^2.2.0
61 silly packumentCache full:https://registry.npmjs.org/env-paths cache-miss
62 silly fetch manifest exponential-backoff@^3.1.1
63 silly packumentCache full:https://registry.npmjs.org/exponential-backoff cache-miss
64 silly fetch manifest graceful-fs@^4.2.6
65 silly packumentCache full:https://registry.npmjs.org/graceful-fs cache-miss
66 silly fetch manifest make-fetch-happen@^14.0.3
67 silly packumentCache full:https://registry.npmjs.org/make-fetch-happen cache-miss
68 silly fetch manifest nopt@^8.0.0
69 silly packumentCache full:https://registry.npmjs.org/nopt cache-miss
70 silly fetch manifest proc-log@^5.0.0
71 silly packumentCache full:https://registry.npmjs.org/proc-log cache-miss
72 http fetch GET 200 https://registry.npmjs.org/readable-stream 48ms (cache miss)
73 silly packumentCache full:https://registry.npmjs.org/readable-stream set size:undefined disposed:false
74 silly fetch manifest semver@^7.3.5
75 silly packumentCache full:https://registry.npmjs.org/semver cache-miss
76 http fetch GET 200 https://registry.npmjs.org/make-fetch-happen 50ms (cache miss)
77 silly packumentCache full:https://registry.npmjs.org/make-fetch-happen set size:undefined disposed:false
78 silly fetch manifest tar@^7.4.3
79 silly packumentCache full:https://registry.npmjs.org/tar cache-miss
80 http fetch GET 200 https://registry.npmjs.org/file-uri-to-path 53ms (cache miss)
81 silly packumentCache full:https://registry.npmjs.org/file-uri-to-path set size:undefined disposed:false
82 silly fetch manifest tinyglobby@^0.2.12
83 silly packumentCache full:https://registry.npmjs.org/tinyglobby cache-miss
84 http fetch GET 200 https://registry.npmjs.org/env-paths 57ms (cache miss)
85 silly packumentCache full:https://registry.npmjs.org/env-paths set size:undefined disposed:false
86 silly fetch manifest which@^5.0.0
87 silly packumentCache full:https://registry.npmjs.org/which cache-miss
88 http fetch GET 200 https://registry.npmjs.org/ms 59ms (cache miss)
89 silly packumentCache full:https://registry.npmjs.org/ms set size:undefined disposed:false
90 http fetch GET 200 https://registry.npmjs.org/exponential-backoff 60ms (cache miss)
91 silly packumentCache full:https://registry.npmjs.org/exponential-backoff set size:undefined disposed:false
92 http fetch GET 200 https://registry.npmjs.org/nopt 66ms (cache miss)
93 silly packumentCache full:https://registry.npmjs.org/nopt set size:undefined disposed:false
94 http fetch GET 200 https://registry.npmjs.org/proc-log 72ms (cache miss)
95 silly packumentCache full:https://registry.npmjs.org/proc-log set size:undefined disposed:false
96 http fetch GET 200 https://registry.npmjs.org/semver 39ms (cache miss)
97 silly packumentCache full:https://registry.npmjs.org/semver set size:undefined disposed:false
98 http fetch GET 200 https://registry.npmjs.org/graceful-fs 93ms (cache revalidated)
99 silly packumentCache full:https://registry.npmjs.org/graceful-fs set size:124285 disposed:false
100 http fetch GET 200 https://registry.npmjs.org/which 47ms (cache miss)
101 silly packumentCache full:https://registry.npmjs.org/which set size:undefined disposed:false
102 http fetch GET 200 https://registry.npmjs.org/tinyglobby 53ms (cache miss)
103 silly packumentCache full:https://registry.npmjs.org/tinyglobby set size:undefined disposed:false
104 http fetch GET 200 https://registry.npmjs.org/tar 55ms (cache miss)
105 silly packumentCache full:https://registry.npmjs.org/tar set size:undefined disposed:false
106 silly placeDep ROOT file-uri-to-path@1.0.0 OK for: bindings@1.5.0 want: 1.0.0
107 silly placeDep ROOT readable-stream@3.6.2 OK for: bufferstreams@4.0.0 want: ^3.4.0
108 silly fetch manifest inherits@^2.0.3
109 silly packumentCache full:https://registry.npmjs.org/inherits cache-miss
110 silly fetch manifest string_decoder@^1.1.1
111 silly packumentCache full:https://registry.npmjs.org/string_decoder cache-miss
112 silly fetch manifest util-deprecate@^1.0.1
113 silly packumentCache full:https://registry.npmjs.org/util-deprecate cache-miss
114 http fetch GET 200 https://registry.npmjs.org/inherits 58ms (cache miss)
115 silly packumentCache full:https://registry.npmjs.org/inherits set size:undefined disposed:false
116 http fetch GET 200 https://registry.npmjs.org/string_decoder 75ms (cache miss)
117 silly packumentCache full:https://registry.npmjs.org/string_decoder set size:undefined disposed:false
118 http fetch GET 200 https://registry.npmjs.org/util-deprecate 114ms (cache miss)
119 silly packumentCache full:https://registry.npmjs.org/util-deprecate set size:undefined disposed:false
120 silly placeDep ROOT ms@2.1.3 OK for: debug@4.4.3 want: ^2.1.3
121 silly placeDep ROOT env-paths@2.2.1 OK for: node-gyp@11.5.0 want: ^2.2.0
122 silly placeDep ROOT exponential-backoff@3.1.3 OK for: node-gyp@11.5.0 want: ^3.1.1
123 silly placeDep ROOT graceful-fs@4.2.11 OK for: node-gyp@11.5.0 want: ^4.2.6
124 silly placeDep ROOT make-fetch-happen@14.0.3 OK for: node-gyp@11.5.0 want: ^14.0.3
125 silly placeDep ROOT nopt@8.1.0 OK for: node-gyp@11.5.0 want: ^8.0.0
126 silly placeDep ROOT proc-log@5.0.0 OK for: node-gyp@11.5.0 want: ^5.0.0
127 silly placeDep ROOT semver@7.7.3 OK for: node-gyp@11.5.0 want: ^7.3.5
128 silly placeDep ROOT tar@7.5.2 OK for: node-gyp@11.5.0 want: ^7.4.3
129 silly placeDep ROOT tinyglobby@0.2.15 OK for: node-gyp@11.5.0 want: ^0.2.12
130 silly placeDep ROOT which@5.0.0 OK for: node-gyp@11.5.0 want: ^5.0.0
131 silly fetch manifest ssri@^12.0.0
132 silly packumentCache full:https://registry.npmjs.org/ssri cache-miss
133 silly fetch manifest cacache@^19.0.1
134 silly packumentCache full:https://registry.npmjs.org/cacache cache-miss
135 silly fetch manifest minipass@^7.0.2
136 silly packumentCache full:https://registry.npmjs.org/minipass cache-miss
137 silly fetch manifest negotiator@^1.0.0
138 silly packumentCache full:https://registry.npmjs.org/negotiator cache-miss
139 silly fetch manifest @npmcli/agent@^3.0.0
140 silly packumentCache full:https://registry.npmjs.org/@npmcli%2fagent cache-miss
141 silly fetch manifest promise-retry@^2.0.1
142 silly packumentCache full:https://registry.npmjs.org/promise-retry cache-miss
143 silly fetch manifest minipass-fetch@^4.0.0
144 silly packumentCache full:https://registry.npmjs.org/minipass-fetch cache-miss
145 silly fetch manifest minipass-flush@^1.0.5
146 silly packumentCache full:https://registry.npmjs.org/minipass-flush cache-miss
147 silly fetch manifest minipass-pipeline@^1.2.4
148 silly packumentCache full:https://registry.npmjs.org/minipass-pipeline cache-miss
149 http fetch GET 200 https://registry.npmjs.org/minipass-fetch 67ms (cache miss)
150 silly packumentCache full:https://registry.npmjs.org/minipass-fetch set size:undefined disposed:false
151 silly fetch manifest http-cache-semantics@^4.1.1
152 silly packumentCache full:https://registry.npmjs.org/http-cache-semantics cache-miss
153 http fetch GET 200 https://registry.npmjs.org/negotiator 71ms (cache miss)
154 silly packumentCache full:https://registry.npmjs.org/negotiator set size:undefined disposed:false
155 silly fetch manifest abbrev@^3.0.0
156 silly packumentCache full:https://registry.npmjs.org/abbrev cache-miss
157 http fetch GET 200 https://registry.npmjs.org/minipass-flush 71ms (cache miss)
158 silly packumentCache full:https://registry.npmjs.org/minipass-flush set size:undefined disposed:false
159 silly fetch manifest @isaacs/fs-minipass@^4.0.0
160 silly packumentCache full:https://registry.npmjs.org/@isaacs%2ffs-minipass cache-miss
161 http fetch GET 200 https://registry.npmjs.org/ssri 73ms (cache miss)
162 silly packumentCache full:https://registry.npmjs.org/ssri set size:undefined disposed:false
163 silly fetch manifest chownr@^3.0.0
164 silly packumentCache full:https://registry.npmjs.org/chownr cache-miss
165 http fetch GET 200 https://registry.npmjs.org/promise-retry 75ms (cache miss)
166 silly packumentCache full:https://registry.npmjs.org/promise-retry set size:undefined disposed:false
167 silly fetch manifest minipass@^7.1.2
168 silly packumentCache full:https://registry.npmjs.org/minipass cache-miss
169 http fetch GET 200 https://registry.npmjs.org/cacache 76ms (cache miss)
170 silly packumentCache full:https://registry.npmjs.org/cacache set size:undefined disposed:false
171 silly fetch manifest minizlib@^3.1.0
172 silly packumentCache full:https://registry.npmjs.org/minizlib cache-miss
173 http fetch GET 200 https://registry.npmjs.org/minipass-pipeline 78ms (cache miss)
174 silly packumentCache full:https://registry.npmjs.org/minipass-pipeline set size:undefined disposed:false
175 silly fetch manifest yallist@^5.0.0
176 silly packumentCache full:https://registry.npmjs.org/yallist cache-miss
177 http fetch GET 200 https://registry.npmjs.org/@npmcli%2fagent 82ms (cache miss)
178 silly packumentCache full:https://registry.npmjs.org/@npmcli%2fagent set size:undefined disposed:false
179 silly fetch manifest fdir@^6.5.0
180 silly packumentCache full:https://registry.npmjs.org/fdir cache-miss
181 http fetch GET 200 https://registry.npmjs.org/minipass 86ms (cache miss)
182 silly packumentCache full:https://registry.npmjs.org/minipass set size:undefined disposed:false
183 silly fetch manifest picomatch@^4.0.3
184 silly packumentCache full:https://registry.npmjs.org/picomatch cache-miss
185 http fetch GET 200 https://registry.npmjs.org/abbrev 160ms (cache miss)
186 silly packumentCache full:https://registry.npmjs.org/abbrev set size:undefined disposed:false
187 silly fetch manifest isexe@^3.1.1
188 silly packumentCache full:https://registry.npmjs.org/isexe cache-miss
189 http fetch GET 200 https://registry.npmjs.org/chownr 160ms (cache miss)
190 silly packumentCache full:https://registry.npmjs.org/chownr set size:undefined disposed:false
191 http fetch GET 200 https://registry.npmjs.org/@isaacs%2ffs-minipass 163ms (cache miss)
192 silly packumentCache full:https://registry.npmjs.org/@isaacs%2ffs-minipass set size:undefined disposed:false
193 http fetch GET 200 https://registry.npmjs.org/minizlib 159ms (cache miss)
194 silly packumentCache full:https://registry.npmjs.org/minizlib set size:undefined disposed:false
195 http fetch GET 200 https://registry.npmjs.org/http-cache-semantics 169ms (cache miss)
196 silly packumentCache full:https://registry.npmjs.org/http-cache-semantics set size:undefined disposed:false
197 http fetch GET 200 https://registry.npmjs.org/yallist 158ms (cache miss)
198 silly packumentCache full:https://registry.npmjs.org/yallist set size:undefined disposed:false
199 http fetch GET 200 https://registry.npmjs.org/picomatch 149ms (cache miss)
200 silly packumentCache full:https://registry.npmjs.org/picomatch set size:undefined disposed:false
201 http fetch GET 200 https://registry.npmjs.org/fdir 158ms (cache miss)
202 silly packumentCache full:https://registry.npmjs.org/fdir set size:undefined disposed:false
203 http fetch GET 200 https://registry.npmjs.org/minipass 166ms (cache miss)
204 silly packumentCache full:https://registry.npmjs.org/minipass set size:undefined disposed:false
205 http fetch GET 200 https://registry.npmjs.org/isexe 50ms (cache miss)
206 silly packumentCache full:https://registry.npmjs.org/isexe set size:undefined disposed:false
207 silly placeDep ROOT @npmcli/agent@3.0.0 OK for: make-fetch-happen@14.0.3 want: ^3.0.0
208 silly placeDep ROOT cacache@19.0.1 OK for: make-fetch-happen@14.0.3 want: ^19.0.1
209 silly placeDep ROOT http-cache-semantics@4.2.0 OK for: make-fetch-happen@14.0.3 want: ^4.1.1
210 silly placeDep ROOT minipass@7.1.2 OK for: make-fetch-happen@14.0.3 want: ^7.0.2
211 silly placeDep ROOT minipass-fetch@4.0.1 OK for: make-fetch-happen@14.0.3 want: ^4.0.0
212 silly placeDep ROOT minipass-flush@1.0.5 OK for: make-fetch-happen@14.0.3 want: ^1.0.5
213 silly placeDep ROOT minipass-pipeline@1.2.4 OK for: make-fetch-happen@14.0.3 want: ^1.2.4
214 silly placeDep ROOT negotiator@1.0.0 OK for: make-fetch-happen@14.0.3 want: ^1.0.0
215 silly placeDep ROOT promise-retry@2.0.1 OK for: make-fetch-happen@14.0.3 want: ^2.0.1
216 silly placeDep ROOT ssri@12.0.0 OK for: make-fetch-happen@14.0.3 want: ^12.0.0
217 silly fetch manifest lru-cache@^10.0.1
218 silly packumentCache full:https://registry.npmjs.org/lru-cache cache-miss
219 silly fetch manifest agent-base@^7.1.0
220 silly packumentCache full:https://registry.npmjs.org/agent-base cache-miss
221 silly fetch manifest http-proxy-agent@^7.0.0
222 silly packumentCache full:https://registry.npmjs.org/http-proxy-agent cache-miss
223 silly fetch manifest https-proxy-agent@^7.0.1
224 silly packumentCache full:https://registry.npmjs.org/https-proxy-agent cache-miss
225 silly fetch manifest socks-proxy-agent@^8.0.3
226 silly packumentCache full:https://registry.npmjs.org/socks-proxy-agent cache-miss
227 silly fetch manifest glob@^10.2.2
228 silly packumentCache full:https://registry.npmjs.org/glob cache-miss
229 silly fetch manifest p-map@^7.0.2
230 silly packumentCache full:https://registry.npmjs.org/p-map cache-miss
231 silly fetch manifest minipass@^7.0.3
232 silly packumentCache full:https://registry.npmjs.org/minipass cache-miss
233 silly fetch manifest lru-cache@^10.0.1
234 silly packumentCache full:https://registry.npmjs.org/lru-cache cache-miss
235 http cache https://registry.npmjs.org/minipass 3ms (cache hit)
236 silly packumentCache full:https://registry.npmjs.org/minipass set size:490195 disposed:false
237 silly fetch manifest @npmcli/fs@^4.0.0
238 silly packumentCache full:https://registry.npmjs.org/@npmcli%2ffs cache-miss
239 http fetch GET 200 https://registry.npmjs.org/https-proxy-agent 42ms (cache miss)
240 silly packumentCache full:https://registry.npmjs.org/https-proxy-agent set size:undefined disposed:false
241 silly fetch manifest fs-minipass@^3.0.0
242 silly packumentCache full:https://registry.npmjs.org/fs-minipass cache-miss
243 http fetch GET 200 https://registry.npmjs.org/agent-base 44ms (cache miss)
244 silly packumentCache full:https://registry.npmjs.org/agent-base set size:undefined disposed:false
245 silly fetch manifest unique-filename@^4.0.0
246 silly packumentCache full:https://registry.npmjs.org/unique-filename cache-miss
247 http fetch GET 200 https://registry.npmjs.org/p-map 48ms (cache miss)
248 silly packumentCache full:https://registry.npmjs.org/p-map set size:undefined disposed:false
249 silly fetch manifest minipass-collect@^2.0.1
250 silly packumentCache full:https://registry.npmjs.org/minipass-collect cache-miss
251 http fetch GET 200 https://registry.npmjs.org/socks-proxy-agent 59ms (cache miss)
252 silly packumentCache full:https://registry.npmjs.org/socks-proxy-agent set size:undefined disposed:false
253 silly fetch manifest minizlib@^3.0.1
254 silly packumentCache full:https://registry.npmjs.org/minizlib cache-miss
255 http cache https://registry.npmjs.org/minizlib 1ms (cache hit)
256 silly packumentCache full:https://registry.npmjs.org/minizlib set size:62862 disposed:false
257 silly fetch manifest minipass-sized@^1.0.3
258 silly packumentCache full:https://registry.npmjs.org/minipass-sized cache-miss
259 http fetch GET 200 https://registry.npmjs.org/lru-cache 64ms (cache miss)
260 silly packumentCache full:https://registry.npmjs.org/lru-cache set size:undefined disposed:false
261 silly fetch manifest encoding@^0.1.13
262 silly packumentCache full:https://registry.npmjs.org/encoding cache-miss
263 http fetch GET 200 https://registry.npmjs.org/http-proxy-agent 72ms (cache miss)
264 silly packumentCache full:https://registry.npmjs.org/http-proxy-agent set size:undefined disposed:false
265 silly fetch manifest minipass@^3.0.0
266 silly packumentCache full:https://registry.npmjs.org/minipass cache-hit
267 silly fetch manifest err-code@^2.0.2
268 silly packumentCache full:https://registry.npmjs.org/err-code cache-miss
269 http fetch GET 200 https://registry.npmjs.org/glob 75ms (cache miss)
270 silly packumentCache full:https://registry.npmjs.org/glob set size:undefined disposed:false
271 silly fetch manifest retry@^0.12.0
272 silly packumentCache full:https://registry.npmjs.org/retry cache-miss
273 http fetch GET 200 https://registry.npmjs.org/@npmcli%2ffs 73ms (cache miss)
274 silly packumentCache full:https://registry.npmjs.org/@npmcli%2ffs set size:undefined disposed:false
275 http fetch GET 200 https://registry.npmjs.org/lru-cache 78ms (cache miss)
276 silly packumentCache full:https://registry.npmjs.org/lru-cache set size:undefined disposed:false
277 http fetch GET 200 https://registry.npmjs.org/fs-minipass 38ms (cache miss)
278 silly packumentCache full:https://registry.npmjs.org/fs-minipass set size:undefined disposed:false
279 http fetch GET 200 https://registry.npmjs.org/minipass-collect 35ms (cache miss)
280 silly packumentCache full:https://registry.npmjs.org/minipass-collect set size:undefined disposed:false
281 http fetch GET 200 https://registry.npmjs.org/unique-filename 44ms (cache miss)
282 silly packumentCache full:https://registry.npmjs.org/unique-filename set size:undefined disposed:false
283 http fetch GET 200 https://registry.npmjs.org/minipass-sized 34ms (cache miss)
284 silly packumentCache full:https://registry.npmjs.org/minipass-sized set size:undefined disposed:false
285 http fetch GET 200 https://registry.npmjs.org/encoding 42ms (cache miss)
286 silly packumentCache full:https://registry.npmjs.org/encoding set size:undefined disposed:false
287 http fetch GET 200 https://registry.npmjs.org/retry 41ms (cache miss)
288 silly packumentCache full:https://registry.npmjs.org/retry set size:undefined disposed:false
289 http fetch GET 200 https://registry.npmjs.org/err-code 45ms (cache miss)
290 silly packumentCache full:https://registry.npmjs.org/err-code set size:undefined disposed:false
291 silly placeDep ROOT agent-base@7.1.4 OK for: @npmcli/agent@3.0.0 want: ^7.1.0
292 silly placeDep ROOT http-proxy-agent@7.0.2 OK for: @npmcli/agent@3.0.0 want: ^7.0.0
293 silly placeDep ROOT https-proxy-agent@7.0.6 OK for: @npmcli/agent@3.0.0 want: ^7.0.1
294 silly placeDep ROOT lru-cache@10.4.3 OK for: @npmcli/agent@3.0.0 want: ^10.0.1
295 silly placeDep ROOT socks-proxy-agent@8.0.5 OK for: @npmcli/agent@3.0.0 want: ^8.0.3
296 silly fetch manifest socks@^2.8.3
297 silly packumentCache full:https://registry.npmjs.org/socks cache-miss
298 http fetch GET 200 https://registry.npmjs.org/socks 45ms (cache miss)
299 silly packumentCache full:https://registry.npmjs.org/socks set size:undefined disposed:false
300 silly placeDep ROOT @npmcli/fs@4.0.0 OK for: cacache@19.0.1 want: ^4.0.0
301 silly placeDep ROOT fs-minipass@3.0.3 OK for: cacache@19.0.1 want: ^3.0.0
302 silly placeDep ROOT glob@10.4.5 OK for: cacache@19.0.1 want: ^10.2.2
303 silly placeDep ROOT minipass-collect@2.0.1 OK for: cacache@19.0.1 want: ^2.0.1
304 silly placeDep ROOT p-map@7.0.3 OK for: cacache@19.0.1 want: ^7.0.2
305 silly placeDep ROOT unique-filename@4.0.0 OK for: cacache@19.0.1 want: ^4.0.0
306 silly fetch manifest jackspeak@^3.1.2
307 silly packumentCache full:https://registry.npmjs.org/jackspeak cache-miss
308 silly fetch manifest minimatch@^9.0.4
309 silly packumentCache full:https://registry.npmjs.org/minimatch cache-miss
310 silly fetch manifest path-scurry@^1.11.1
311 silly packumentCache full:https://registry.npmjs.org/path-scurry cache-miss
312 silly fetch manifest foreground-child@^3.1.0
313 silly packumentCache full:https://registry.npmjs.org/foreground-child cache-miss
314 silly fetch manifest package-json-from-dist@^1.0.0
315 silly packumentCache full:https://registry.npmjs.org/package-json-from-dist cache-miss
316 silly fetch manifest unique-slug@^5.0.0
317 silly packumentCache full:https://registry.npmjs.org/unique-slug cache-miss
318 http fetch GET 200 https://registry.npmjs.org/jackspeak 50ms (cache miss)
319 silly packumentCache full:https://registry.npmjs.org/jackspeak set size:undefined disposed:false
320 http fetch GET 200 https://registry.npmjs.org/foreground-child 52ms (cache miss)
321 silly packumentCache full:https://registry.npmjs.org/foreground-child set size:undefined disposed:false
322 http fetch GET 200 https://registry.npmjs.org/package-json-from-dist 55ms (cache miss)
323 silly packumentCache full:https://registry.npmjs.org/package-json-from-dist set size:undefined disposed:false
324 http fetch GET 200 https://registry.npmjs.org/minimatch 56ms (cache miss)
325 silly packumentCache full:https://registry.npmjs.org/minimatch set size:undefined disposed:false
326 http fetch GET 200 https://registry.npmjs.org/path-scurry 59ms (cache miss)
327 silly packumentCache full:https://registry.npmjs.org/path-scurry set size:undefined disposed:false
328 http fetch GET 200 https://registry.npmjs.org/unique-slug 63ms (cache miss)
329 silly packumentCache full:https://registry.npmjs.org/unique-slug set size:undefined disposed:false
330 silly placeDep ROOT foreground-child@3.3.1 OK for: glob@10.4.5 want: ^3.1.0
331 silly placeDep ROOT jackspeak@3.4.3 OK for: glob@10.4.5 want: ^3.1.2
332 silly placeDep ROOT minimatch@9.0.5 OK for: glob@10.4.5 want: ^9.0.4
333 silly placeDep ROOT package-json-from-dist@1.0.1 OK for: glob@10.4.5 want: ^1.0.0
334 silly placeDep ROOT path-scurry@1.11.1 OK for: glob@10.4.5 want: ^1.11.1
335 silly fetch manifest cross-spawn@^7.0.6
336 silly packumentCache full:https://registry.npmjs.org/cross-spawn cache-miss
337 silly fetch manifest signal-exit@^4.0.1
338 silly packumentCache full:https://registry.npmjs.org/signal-exit cache-miss
339 silly fetch manifest @isaacs/cliui@^8.0.2
340 silly packumentCache full:https://registry.npmjs.org/@isaacs%2fcliui cache-miss
341 silly fetch manifest @pkgjs/parseargs@^0.11.0
342 silly packumentCache full:https://registry.npmjs.org/@pkgjs%2fparseargs cache-miss
343 silly fetch manifest brace-expansion@^2.0.1
344 silly packumentCache full:https://registry.npmjs.org/brace-expansion cache-miss
345 http fetch GET 200 https://registry.npmjs.org/brace-expansion 43ms (cache miss)
346 silly packumentCache full:https://registry.npmjs.org/brace-expansion set size:undefined disposed:false
347 http fetch GET 200 https://registry.npmjs.org/@pkgjs%2fparseargs 59ms (cache miss)
348 silly packumentCache full:https://registry.npmjs.org/@pkgjs%2fparseargs set size:undefined disposed:false
349 http fetch GET 200 https://registry.npmjs.org/signal-exit 65ms (cache miss)
350 silly packumentCache full:https://registry.npmjs.org/signal-exit set size:undefined disposed:false
351 http fetch GET 200 https://registry.npmjs.org/@isaacs%2fcliui 68ms (cache miss)
352 silly packumentCache full:https://registry.npmjs.org/@isaacs%2fcliui set size:undefined disposed:false
353 http fetch GET 200 https://registry.npmjs.org/cross-spawn 105ms (cache miss)
354 silly packumentCache full:https://registry.npmjs.org/cross-spawn set size:undefined disposed:false
355 silly placeDep ROOT cross-spawn@7.0.6 OK for: foreground-child@3.3.1 want: ^7.0.6
356 silly placeDep ROOT signal-exit@4.1.0 OK for: foreground-child@3.3.1 want: ^4.0.1
357 silly fetch manifest which@^2.0.1
358 silly packumentCache full:https://registry.npmjs.org/which cache-miss
359 silly fetch manifest path-key@^3.1.0
360 silly packumentCache full:https://registry.npmjs.org/path-key cache-miss
361 silly fetch manifest shebang-command@^2.0.0
362 silly packumentCache full:https://registry.npmjs.org/shebang-command cache-miss
363 http cache https://registry.npmjs.org/which 3ms (cache hit)
364 silly packumentCache full:https://registry.npmjs.org/which set size:62722 disposed:false
365 http fetch GET 200 https://registry.npmjs.org/shebang-command 32ms (cache miss)
366 silly packumentCache full:https://registry.npmjs.org/shebang-command set size:undefined disposed:false
367 http fetch GET 200 https://registry.npmjs.org/path-key 41ms (cache miss)
368 silly packumentCache full:https://registry.npmjs.org/path-key set size:undefined disposed:false
369 silly placeDep ROOT path-key@3.1.1 OK for: cross-spawn@7.0.6 want: ^3.1.0
370 silly placeDep ROOT shebang-command@2.0.0 OK for: cross-spawn@7.0.6 want: ^2.0.0
371 silly placeDep node_modules/cross-spawn which@2.0.2 OK for: cross-spawn@7.0.6 want: ^2.0.1
372 silly fetch manifest shebang-regex@^3.0.0
373 silly packumentCache full:https://registry.npmjs.org/shebang-regex cache-miss
374 silly fetch manifest isexe@^2.0.0
375 silly packumentCache full:https://registry.npmjs.org/isexe cache-miss
376 http cache https://registry.npmjs.org/isexe 15ms (cache hit)
377 silly packumentCache full:https://registry.npmjs.org/isexe set size:19340 disposed:false
378 http fetch GET 200 https://registry.npmjs.org/shebang-regex 41ms (cache miss)
379 silly packumentCache full:https://registry.npmjs.org/shebang-regex set size:undefined disposed:false
380 silly placeDep ROOT @isaacs/cliui@8.0.2 OK for: jackspeak@3.4.3 want: ^8.0.2
381 silly placeDep ROOT @pkgjs/parseargs@0.11.0 OK for: jackspeak@3.4.3 want: ^0.11.0
382 silly fetch manifest string-width@^5.1.2
383 silly packumentCache full:https://registry.npmjs.org/string-width cache-miss
384 silly fetch manifest string-width-cjs@npm:string-width@^4.2.0
385 silly packumentCache full:https://registry.npmjs.org/string-width cache-miss
386 silly fetch manifest strip-ansi@^7.0.1
387 silly packumentCache full:https://registry.npmjs.org/strip-ansi cache-miss
388 silly fetch manifest strip-ansi-cjs@npm:strip-ansi@^6.0.1
389 silly packumentCache full:https://registry.npmjs.org/strip-ansi cache-miss
390 silly fetch manifest wrap-ansi@^8.1.0
391 silly packumentCache full:https://registry.npmjs.org/wrap-ansi cache-miss
392 silly fetch manifest wrap-ansi-cjs@npm:wrap-ansi@^7.0.0
393 silly packumentCache full:https://registry.npmjs.org/wrap-ansi cache-miss
394 http fetch GET 200 https://registry.npmjs.org/wrap-ansi 43ms (cache miss)
395 silly packumentCache full:https://registry.npmjs.org/wrap-ansi set size:undefined disposed:false
396 http fetch GET 200 https://registry.npmjs.org/strip-ansi 44ms (cache miss)
397 silly packumentCache full:https://registry.npmjs.org/strip-ansi set size:undefined disposed:false
398 http fetch GET 200 https://registry.npmjs.org/strip-ansi 49ms (cache miss)
399 silly packumentCache full:https://registry.npmjs.org/strip-ansi set size:undefined disposed:false
400 http fetch GET 200 https://registry.npmjs.org/wrap-ansi 50ms (cache miss)
401 silly packumentCache full:https://registry.npmjs.org/wrap-ansi set size:undefined disposed:false
402 http fetch GET 200 https://registry.npmjs.org/string-width 50ms (cache miss)
403 silly packumentCache full:https://registry.npmjs.org/string-width set size:undefined disposed:false
404 http fetch GET 200 https://registry.npmjs.org/string-width 55ms (cache miss)
405 silly packumentCache full:https://registry.npmjs.org/string-width set size:undefined disposed:false
406 silly placeDep ROOT string-width@5.1.2 OK for: @isaacs/cliui@8.0.2 want: ^5.1.2
407 silly placeDep ROOT string-width-cjs@4.2.3 OK for: @isaacs/cliui@8.0.2 want: npm:string-width@^4.2.0
408 silly placeDep ROOT strip-ansi@7.1.2 OK for: @isaacs/cliui@8.0.2 want: ^7.0.1
409 silly placeDep ROOT strip-ansi-cjs@6.0.1 OK for: @isaacs/cliui@8.0.2 want: npm:strip-ansi@^6.0.1
410 silly placeDep ROOT wrap-ansi@8.1.0 OK for: @isaacs/cliui@8.0.2 want: ^8.1.0
411 silly placeDep ROOT wrap-ansi-cjs@7.0.0 OK for: @isaacs/cliui@8.0.2 want: npm:wrap-ansi@^7.0.0
412 silly fetch manifest emoji-regex@^9.2.2
413 silly packumentCache full:https://registry.npmjs.org/emoji-regex cache-miss
414 silly fetch manifest eastasianwidth@^0.2.0
415 silly packumentCache full:https://registry.npmjs.org/eastasianwidth cache-miss
416 silly fetch manifest strip-ansi@^6.0.1
417 silly packumentCache full:https://registry.npmjs.org/strip-ansi cache-miss
418 silly fetch manifest emoji-regex@^8.0.0
419 silly packumentCache full:https://registry.npmjs.org/emoji-regex cache-miss
420 silly fetch manifest is-fullwidth-code-point@^3.0.0
421 silly packumentCache full:https://registry.npmjs.org/is-fullwidth-code-point cache-miss
422 silly fetch manifest ansi-regex@^6.0.1
423 silly packumentCache full:https://registry.npmjs.org/ansi-regex cache-miss
424 silly fetch manifest ansi-regex@^5.0.1
425 silly packumentCache full:https://registry.npmjs.org/ansi-regex cache-miss
426 silly fetch manifest ansi-styles@^6.1.0
427 silly packumentCache full:https://registry.npmjs.org/ansi-styles cache-miss
428 silly fetch manifest strip-ansi@^6.0.0
429 silly packumentCache full:https://registry.npmjs.org/strip-ansi cache-miss
430 http cache https://registry.npmjs.org/strip-ansi 3ms (cache hit)
431 silly packumentCache full:https://registry.npmjs.org/strip-ansi set size:41855 disposed:false
432 silly fetch manifest ansi-styles@^4.0.0
433 silly packumentCache full:https://registry.npmjs.org/ansi-styles cache-miss
434 http cache https://registry.npmjs.org/strip-ansi 4ms (cache hit)
435 silly packumentCache full:https://registry.npmjs.org/strip-ansi set size:41855 disposed:false
436 silly packumentCache full:https://registry.npmjs.org/strip-ansi dispose
437 silly fetch manifest string-width@^4.1.0
438 silly packumentCache full:https://registry.npmjs.org/string-width cache-miss
439 http cache https://registry.npmjs.org/string-width 1ms (cache hit)
440 silly packumentCache full:https://registry.npmjs.org/string-width set size:64158 disposed:false
441 http fetch GET 200 https://registry.npmjs.org/is-fullwidth-code-point 38ms (cache miss)
442 silly packumentCache full:https://registry.npmjs.org/is-fullwidth-code-point set size:undefined disposed:false
443 http fetch GET 200 https://registry.npmjs.org/eastasianwidth 53ms (cache miss)
444 silly packumentCache full:https://registry.npmjs.org/eastasianwidth set size:undefined disposed:false
445 http fetch GET 200 https://registry.npmjs.org/ansi-regex 52ms (cache miss)
446 silly packumentCache full:https://registry.npmjs.org/ansi-regex set size:undefined disposed:false
447 http fetch GET 200 https://registry.npmjs.org/ansi-styles 51ms (cache miss)
448 silly packumentCache full:https://registry.npmjs.org/ansi-styles set size:undefined disposed:false
449 http fetch GET 200 https://registry.npmjs.org/ansi-styles 55ms (cache miss)
450 silly packumentCache full:https://registry.npmjs.org/ansi-styles set size:undefined disposed:false
451 http fetch GET 200 https://registry.npmjs.org/emoji-regex 57ms (cache miss)
452 silly packumentCache full:https://registry.npmjs.org/emoji-regex set size:undefined disposed:false
453 http fetch GET 200 https://registry.npmjs.org/ansi-regex 57ms (cache miss)
454 silly packumentCache full:https://registry.npmjs.org/ansi-regex set size:undefined disposed:false
455 http fetch GET 200 https://registry.npmjs.org/emoji-regex 57ms (cache miss)
456 silly packumentCache full:https://registry.npmjs.org/emoji-regex set size:undefined disposed:false
457 silly placeDep ROOT brace-expansion@2.0.2 OK for: minimatch@9.0.5 want: ^2.0.1
458 silly fetch manifest balanced-match@^1.0.0
459 silly packumentCache full:https://registry.npmjs.org/balanced-match cache-miss
460 http fetch GET 200 https://registry.npmjs.org/balanced-match 39ms (cache miss)
461 silly packumentCache full:https://registry.npmjs.org/balanced-match set size:undefined disposed:false
462 silly placeDep ROOT balanced-match@1.0.2 OK for: brace-expansion@2.0.2 want: ^1.0.0
463 silly placeDep ROOT encoding@0.1.13 OK for: minipass-fetch@4.0.1 want: ^0.1.13
464 silly placeDep ROOT minipass-sized@1.0.3 OK for: minipass-fetch@4.0.1 want: ^1.0.3
465 silly placeDep ROOT minizlib@3.1.0 OK for: minipass-fetch@4.0.1 want: ^3.0.1
466 silly fetch manifest iconv-lite@^0.6.2
467 silly packumentCache full:https://registry.npmjs.org/iconv-lite cache-miss
468 http fetch GET 200 https://registry.npmjs.org/iconv-lite 45ms (cache miss)
469 silly packumentCache full:https://registry.npmjs.org/iconv-lite set size:undefined disposed:false
470 silly placeDep ROOT iconv-lite@0.6.3 OK for: encoding@0.1.13 want: ^0.6.2
471 silly fetch manifest safer-buffer@>= 2.1.2 < 3.0.0
472 silly packumentCache full:https://registry.npmjs.org/safer-buffer cache-miss
473 http fetch GET 200 https://registry.npmjs.org/safer-buffer 78ms (cache miss)
474 silly packumentCache full:https://registry.npmjs.org/safer-buffer set size:undefined disposed:false
475 silly placeDep ROOT safer-buffer@2.1.2 OK for: iconv-lite@0.6.3 want: >= 2.1.2 < 3.0.0
476 silly placeDep node_modules/minipass-flush minipass@3.3.6 OK for: minipass-flush@1.0.5 want: ^3.0.0
477 silly fetch manifest yallist@^4.0.0
478 silly packumentCache full:https://registry.npmjs.org/yallist cache-miss
479 http cache https://registry.npmjs.org/yallist 2ms (cache hit)
480 silly packumentCache full:https://registry.npmjs.org/yallist set size:34610 disposed:false
481 silly placeDep node_modules/minipass-pipeline minipass@3.3.6 OK for: minipass-pipeline@1.2.4 want: ^3.0.0
482 silly placeDep node_modules/minipass-sized minipass@3.3.6 OK for: minipass-sized@1.0.3 want: ^3.0.0
483 silly placeDep ROOT abbrev@3.0.1 OK for: nopt@8.1.0 want: ^3.0.0
484 silly placeDep ROOT err-code@2.0.3 OK for: promise-retry@2.0.1 want: ^2.0.2
485 silly placeDep ROOT retry@0.12.0 OK for: promise-retry@2.0.1 want: ^0.12.0
486 silly placeDep ROOT inherits@2.0.4 OK for: readable-stream@3.6.2 want: ^2.0.3
487 silly placeDep ROOT string_decoder@1.3.0 OK for: readable-stream@3.6.2 want: ^1.1.1
488 silly placeDep ROOT util-deprecate@1.0.2 OK for: readable-stream@3.6.2 want: ^1.0.1
489 silly fetch manifest safe-buffer@~5.2.0
490 silly packumentCache full:https://registry.npmjs.org/safe-buffer cache-miss
491 http fetch GET 200 https://registry.npmjs.org/safe-buffer 88ms (cache miss)
492 silly packumentCache full:https://registry.npmjs.org/safe-buffer set size:undefined disposed:false
493 silly placeDep ROOT shebang-regex@3.0.0 OK for: shebang-command@2.0.0 want: ^3.0.0
494 silly placeDep ROOT socks@2.8.7 OK for: socks-proxy-agent@8.0.5 want: ^2.8.3
495 silly fetch manifest ip-address@^10.0.1
496 silly packumentCache full:https://registry.npmjs.org/ip-address cache-miss
497 silly fetch manifest smart-buffer@^4.2.0
498 silly packumentCache full:https://registry.npmjs.org/smart-buffer cache-miss
499 http fetch GET 200 https://registry.npmjs.org/ip-address 53ms (cache miss)
500 silly packumentCache full:https://registry.npmjs.org/ip-address set size:undefined disposed:false
501 http fetch GET 200 https://registry.npmjs.org/smart-buffer 54ms (cache miss)
502 silly packumentCache full:https://registry.npmjs.org/smart-buffer set size:undefined disposed:false
503 silly placeDep ROOT ip-address@10.0.1 OK for: socks@2.8.7 want: ^10.0.1
504 silly placeDep ROOT smart-buffer@4.2.0 OK for: socks@2.8.7 want: ^4.2.0
505 silly placeDep ROOT safe-buffer@5.2.1 OK for: string_decoder@1.3.0 want: ~5.2.0
506 silly placeDep ROOT eastasianwidth@0.2.0 OK for: string-width@5.1.2 want: ^0.2.0
507 silly placeDep ROOT emoji-regex@9.2.2 OK for: string-width@5.1.2 want: ^9.2.2
508 silly placeDep node_modules/string-width-cjs emoji-regex@8.0.0 OK for: string-width@4.2.3 want: ^8.0.0
509 silly placeDep ROOT is-fullwidth-code-point@3.0.0 OK for: string-width@4.2.3 want: ^3.0.0
510 silly placeDep node_modules/string-width-cjs strip-ansi@6.0.1 OK for: string-width@4.2.3 want: ^6.0.1
511 silly placeDep ROOT ansi-regex@6.2.2 OK for: strip-ansi@7.1.2 want: ^6.0.1
512 silly placeDep node_modules/strip-ansi-cjs ansi-regex@5.0.1 OK for: strip-ansi@6.0.1 want: ^5.0.1
513 silly placeDep ROOT @isaacs/fs-minipass@4.0.1 OK for: tar@7.5.2 want: ^4.0.0
514 silly placeDep ROOT chownr@3.0.0 OK for: tar@7.5.2 want: ^3.0.0
515 silly placeDep ROOT yallist@5.0.0 OK for: tar@7.5.2 want: ^5.0.0
516 silly placeDep ROOT fdir@6.5.0 OK for: tinyglobby@0.2.15 want: ^6.5.0
517 silly placeDep ROOT picomatch@4.0.3 OK for: tinyglobby@0.2.15 want: ^4.0.3
518 silly placeDep ROOT unique-slug@5.0.0 OK for: unique-filename@4.0.0 want: ^5.0.0
519 silly fetch manifest imurmurhash@^0.1.4
520 silly packumentCache full:https://registry.npmjs.org/imurmurhash cache-miss
521 http fetch GET 200 https://registry.npmjs.org/imurmurhash 38ms (cache miss)
522 silly packumentCache full:https://registry.npmjs.org/imurmurhash set size:undefined disposed:false
523 silly placeDep ROOT imurmurhash@0.1.4 OK for: unique-slug@5.0.0 want: ^0.1.4
524 silly placeDep ROOT isexe@3.1.1 OK for: which@5.0.0 want: ^3.1.1
525 silly placeDep ROOT ansi-styles@6.2.3 OK for: wrap-ansi@8.1.0 want: ^6.1.0
526 silly placeDep node_modules/wrap-ansi-cjs ansi-styles@4.3.0 OK for: wrap-ansi@7.0.0 want: ^4.0.0
527 silly placeDep node_modules/wrap-ansi-cjs string-width@4.2.3 OK for: wrap-ansi@7.0.0 want: ^4.1.0
528 silly placeDep node_modules/wrap-ansi-cjs strip-ansi@6.0.1 OK for: wrap-ansi@7.0.0 want: ^6.0.0
529 silly fetch manifest color-convert@^2.0.1
530 silly packumentCache full:https://registry.npmjs.org/color-convert cache-miss
531 http fetch GET 200 https://registry.npmjs.org/color-convert 47ms (cache miss)
532 silly packumentCache full:https://registry.npmjs.org/color-convert set size:undefined disposed:false
533 silly placeDep node_modules/cross-spawn isexe@2.0.0 OK for: which@2.0.2 want: ^2.0.0
534 silly placeDep node_modules/minipass-flush yallist@4.0.0 OK for: minipass@3.3.6 want: ^4.0.0
535 silly placeDep node_modules/minipass-pipeline yallist@4.0.0 OK for: minipass@3.3.6 want: ^4.0.0
536 silly placeDep node_modules/minipass-sized yallist@4.0.0 OK for: minipass@3.3.6 want: ^4.0.0
537 silly placeDep node_modules/string-width-cjs ansi-regex@5.0.1 OK for: strip-ansi@6.0.1 want: ^5.0.1
538 silly placeDep ROOT color-convert@2.0.1 OK for: ansi-styles@4.3.0 want: ^2.0.1
539 silly fetch manifest color-name@~1.1.4
540 silly packumentCache full:https://registry.npmjs.org/color-name cache-miss
541 http fetch GET 200 https://registry.npmjs.org/color-name 49ms (cache miss)
542 silly packumentCache full:https://registry.npmjs.org/color-name set size:undefined disposed:false
543 silly placeDep ROOT color-name@1.1.4 OK for: color-convert@2.0.1 want: ~1.1.4
544 silly placeDep node_modules/wrap-ansi-cjs emoji-regex@8.0.0 OK for: string-width@4.2.3 want: ^8.0.0
545 silly placeDep node_modules/wrap-ansi-cjs ansi-regex@5.0.1 OK for: strip-ansi@6.0.1 want: ^5.0.1
546 silly reify moves {}
547 silly audit bulk request {
547 silly audit   ttf2woff2: [ '8.0.0' ],
547 silly audit   bindings: [ '1.5.0' ],
547 silly audit   bufferstreams: [ '4.0.0' ],
547 silly audit   debug: [ '4.4.3' ],
547 silly audit   nan: [ '2.23.0' ],
547 silly audit   'node-gyp': [ '11.5.0' ],
547 silly audit   yerror: [ '8.0.0' ],
547 silly audit   'file-uri-to-path': [ '1.0.0' ],
547 silly audit   'readable-stream': [ '3.6.2' ],
547 silly audit   ms: [ '2.1.3' ],
547 silly audit   'env-paths': [ '2.2.1' ],
547 silly audit   'exponential-backoff': [ '3.1.3' ],
547 silly audit   'graceful-fs': [ '4.2.11' ],
547 silly audit   'make-fetch-happen': [ '14.0.3' ],
547 silly audit   nopt: [ '8.1.0' ],
547 silly audit   'proc-log': [ '5.0.0' ],
547 silly audit   semver: [ '7.7.3' ],
547 silly audit   tar: [ '7.5.2' ],
547 silly audit   tinyglobby: [ '0.2.15' ],
547 silly audit   which: [ '5.0.0', '2.0.2' ],
547 silly audit   '@npmcli/agent': [ '3.0.0' ],
547 silly audit   cacache: [ '19.0.1' ],
547 silly audit   'http-cache-semantics': [ '4.2.0' ],
547 silly audit   minipass: [ '7.1.2', '3.3.6' ],
547 silly audit   'minipass-fetch': [ '4.0.1' ],
547 silly audit   'minipass-flush': [ '1.0.5' ],
547 silly audit   'minipass-pipeline': [ '1.2.4' ],
547 silly audit   negotiator: [ '1.0.0' ],
547 silly audit   'promise-retry': [ '2.0.1' ],
547 silly audit   ssri: [ '12.0.0' ],
547 silly audit   'agent-base': [ '7.1.4' ],
547 silly audit   'http-proxy-agent': [ '7.0.2' ],
547 silly audit   'https-proxy-agent': [ '7.0.6' ],
547 silly audit   'lru-cache': [ '10.4.3' ],
547 silly audit   'socks-proxy-agent': [ '8.0.5' ],
547 silly audit   '@npmcli/fs': [ '4.0.0' ],
547 silly audit   'fs-minipass': [ '3.0.3' ],
547 silly audit   glob: [ '10.4.5' ],
547 silly audit   'minipass-collect': [ '2.0.1' ],
547 silly audit   'p-map': [ '7.0.3' ],
547 silly audit   'unique-filename': [ '4.0.0' ],
547 silly audit   'foreground-child': [ '3.3.1' ],
547 silly audit   jackspeak: [ '3.4.3' ],
547 silly audit   minimatch: [ '9.0.5' ],
547 silly audit   'package-json-from-dist': [ '1.0.1' ],
547 silly audit   'path-scurry': [ '1.11.1' ],
547 silly audit   'cross-spawn': [ '7.0.6' ],
547 silly audit   'signal-exit': [ '4.1.0' ],
547 silly audit   'path-key': [ '3.1.1' ],
547 silly audit   'shebang-command': [ '2.0.0' ],
547 silly audit   '@isaacs/cliui': [ '8.0.2' ],
547 silly audit   '@pkgjs/parseargs': [ '0.11.0' ],
547 silly audit   'string-width': [ '5.1.2', '4.2.3' ],
547 silly audit   'strip-ansi': [ '7.1.2', '6.0.1' ],
547 silly audit   'wrap-ansi': [ '8.1.0', '7.0.0' ],
547 silly audit   'brace-expansion': [ '2.0.2' ],
547 silly audit   'balanced-match': [ '1.0.2' ],
547 silly audit   encoding: [ '0.1.13' ],
547 silly audit   'minipass-sized': [ '1.0.3' ],
547 silly audit   minizlib: [ '3.1.0' ],
547 silly audit   'iconv-lite': [ '0.6.3' ],
547 silly audit   'safer-buffer': [ '2.1.2' ],
547 silly audit   abbrev: [ '3.0.1' ],
547 silly audit   'err-code': [ '2.0.3' ],
547 silly audit   retry: [ '0.12.0' ],
547 silly audit   inherits: [ '2.0.4' ],
547 silly audit   string_decoder: [ '1.3.0' ],
547 silly audit   'util-deprecate': [ '1.0.2' ],
547 silly audit   'shebang-regex': [ '3.0.0' ],
547 silly audit   socks: [ '2.8.7' ],
547 silly audit   'ip-address': [ '10.0.1' ],
547 silly audit   'smart-buffer': [ '4.2.0' ],
547 silly audit   'safe-buffer': [ '5.2.1' ],
547 silly audit   eastasianwidth: [ '0.2.0' ],
547 silly audit   'emoji-regex': [ '9.2.2', '8.0.0' ],
547 silly audit   'is-fullwidth-code-point': [ '3.0.0' ],
547 silly audit   'ansi-regex': [ '6.2.2', '5.0.1' ],
547 silly audit   '@isaacs/fs-minipass': [ '4.0.1' ],
547 silly audit   chownr: [ '3.0.0' ],
547 silly audit   yallist: [ '5.0.0', '4.0.0' ],
547 silly audit   fdir: [ '6.5.0' ],
547 silly audit   picomatch: [ '4.0.3' ],
547 silly audit   'unique-slug': [ '5.0.0' ],
547 silly audit   imurmurhash: [ '0.1.4' ],
547 silly audit   isexe: [ '3.1.1', '2.0.0' ],
547 silly audit   'ansi-styles': [ '6.2.3', '4.3.0' ],
547 silly audit   'color-convert': [ '2.0.1' ],
547 silly audit   'color-name': [ '1.1.4' ]
547 silly audit }
548 http cache color-name@https://registry.npmjs.org/color-name/-/color-name-1.1.4.tgz 0ms (cache hit)
549 http cache imurmurhash@https://registry.npmjs.org/imurmurhash/-/imurmurhash-0.1.4.tgz 0ms (cache hit)
550 http cache isexe@https://registry.npmjs.org/isexe/-/isexe-3.1.1.tgz 0ms (cache hit)
551 http cache yallist@https://registry.npmjs.org/yallist/-/yallist-5.0.0.tgz 0ms (cache hit)
552 http cache fdir@https://registry.npmjs.org/fdir/-/fdir-6.5.0.tgz 0ms (cache hit)
553 http cache unique-slug@https://registry.npmjs.org/unique-slug/-/unique-slug-5.0.0.tgz 0ms (cache hit)
554 http cache chownr@https://registry.npmjs.org/chownr/-/chownr-3.0.0.tgz 0ms (cache hit)
555 http cache ansi-regex@https://registry.npmjs.org/ansi-regex/-/ansi-regex-6.2.2.tgz 0ms (cache hit)
556 http cache color-convert@https://registry.npmjs.org/color-convert/-/color-convert-2.0.1.tgz 0ms (cache hit)
557 http cache is-fullwidth-code-point@https://registry.npmjs.org/is-fullwidth-code-point/-/is-fullwidth-code-point-3.0.0.tgz 0ms (cache hit)
558 http cache picomatch@https://registry.npmjs.org/picomatch/-/picomatch-4.0.3.tgz 0ms (cache hit)
559 http cache ansi-styles@https://registry.npmjs.org/ansi-styles/-/ansi-styles-6.2.3.tgz 0ms (cache hit)
560 http cache @isaacs/fs-minipass@https://registry.npmjs.org/@isaacs/fs-minipass/-/fs-minipass-4.0.1.tgz 0ms (cache hit)
561 http cache emoji-regex@https://registry.npmjs.org/emoji-regex/-/emoji-regex-9.2.2.tgz 0ms (cache hit)
562 http cache smart-buffer@https://registry.npmjs.org/smart-buffer/-/smart-buffer-4.2.0.tgz 0ms (cache hit)
563 http cache safe-buffer@https://registry.npmjs.org/safe-buffer/-/safe-buffer-5.2.1.tgz 0ms (cache hit)
564 http cache socks@https://registry.npmjs.org/socks/-/socks-2.8.7.tgz 0ms (cache hit)
565 http cache shebang-regex@https://registry.npmjs.org/shebang-regex/-/shebang-regex-3.0.0.tgz 0ms (cache hit)
566 http cache ip-address@https://registry.npmjs.org/ip-address/-/ip-address-10.0.1.tgz 0ms (cache hit)
567 http cache inherits@https://registry.npmjs.org/inherits/-/inherits-2.0.4.tgz 0ms (cache hit)
568 http cache eastasianwidth@https://registry.npmjs.org/eastasianwidth/-/eastasianwidth-0.2.0.tgz 0ms (cache hit)
569 http cache err-code@https://registry.npmjs.org/err-code/-/err-code-2.0.3.tgz 0ms (cache hit)
570 http cache util-deprecate@https://registry.npmjs.org/util-deprecate/-/util-deprecate-1.0.2.tgz 0ms (cache hit)
571 http cache string_decoder@https://registry.npmjs.org/string_decoder/-/string_decoder-1.3.0.tgz 0ms (cache hit)
572 http cache abbrev@https://registry.npmjs.org/abbrev/-/abbrev-3.0.1.tgz 0ms (cache hit)
573 http cache retry@https://registry.npmjs.org/retry/-/retry-0.12.0.tgz 0ms (cache hit)
574 http cache minizlib@https://registry.npmjs.org/minizlib/-/minizlib-3.1.0.tgz 0ms (cache hit)
575 http cache iconv-lite@https://registry.npmjs.org/iconv-lite/-/iconv-lite-0.6.3.tgz 0ms (cache hit)
576 http cache encoding@https://registry.npmjs.org/encoding/-/encoding-0.1.13.tgz 0ms (cache hit)
577 http cache minipass-sized@https://registry.npmjs.org/minipass-sized/-/minipass-sized-1.0.3.tgz 0ms (cache hit)
578 http cache balanced-match@https://registry.npmjs.org/balanced-match/-/balanced-match-1.0.2.tgz 0ms (cache hit)
579 http cache brace-expansion@https://registry.npmjs.org/brace-expansion/-/brace-expansion-2.0.2.tgz 0ms (cache hit)
580 http cache strip-ansi-cjs@https://registry.npmjs.org/strip-ansi/-/strip-ansi-6.0.1.tgz 0ms (cache hit)
581 http cache wrap-ansi-cjs@https://registry.npmjs.org/wrap-ansi/-/wrap-ansi-7.0.0.tgz 0ms (cache hit)
582 http cache wrap-ansi@https://registry.npmjs.org/wrap-ansi/-/wrap-ansi-8.1.0.tgz 0ms (cache hit)
583 http cache strip-ansi@https://registry.npmjs.org/strip-ansi/-/strip-ansi-7.1.2.tgz 0ms (cache hit)
584 http cache @pkgjs/parseargs@https://registry.npmjs.org/@pkgjs/parseargs/-/parseargs-0.11.0.tgz 0ms (cache hit)
585 http cache string-width-cjs@https://registry.npmjs.org/string-width/-/string-width-4.2.3.tgz 0ms (cache hit)
586 http cache string-width@https://registry.npmjs.org/string-width/-/string-width-5.1.2.tgz 0ms (cache hit)
587 http cache safer-buffer@https://registry.npmjs.org/safer-buffer/-/safer-buffer-2.1.2.tgz 0ms (cache hit)
588 http cache shebang-command@https://registry.npmjs.org/shebang-command/-/shebang-command-2.0.0.tgz 0ms (cache hit)
589 http cache signal-exit@https://registry.npmjs.org/signal-exit/-/signal-exit-4.1.0.tgz 0ms (cache hit)
590 http cache @isaacs/cliui@https://registry.npmjs.org/@isaacs/cliui/-/cliui-8.0.2.tgz 0ms (cache hit)
591 http cache package-json-from-dist@https://registry.npmjs.org/package-json-from-dist/-/package-json-from-dist-1.0.1.tgz 0ms (cache hit)
592 http cache path-scurry@https://registry.npmjs.org/path-scurry/-/path-scurry-1.11.1.tgz 0ms (cache hit)
593 http cache path-key@https://registry.npmjs.org/path-key/-/path-key-3.1.1.tgz 0ms (cache hit)
594 http cache jackspeak@https://registry.npmjs.org/jackspeak/-/jackspeak-3.4.3.tgz 0ms (cache hit)
595 http cache minimatch@https://registry.npmjs.org/minimatch/-/minimatch-9.0.5.tgz 0ms (cache hit)
596 http cache cross-spawn@https://registry.npmjs.org/cross-spawn/-/cross-spawn-7.0.6.tgz 0ms (cache hit)
597 http cache p-map@https://registry.npmjs.org/p-map/-/p-map-7.0.3.tgz 0ms (cache hit)
598 http cache foreground-child@https://registry.npmjs.org/foreground-child/-/foreground-child-3.3.1.tgz 0ms (cache hit)
599 http cache unique-filename@https://registry.npmjs.org/unique-filename/-/unique-filename-4.0.0.tgz 0ms (cache hit)
600 http cache glob@https://registry.npmjs.org/glob/-/glob-10.4.5.tgz 0ms (cache hit)
601 http cache minipass-collect@https://registry.npmjs.org/minipass-collect/-/minipass-collect-2.0.1.tgz 0ms (cache hit)
602 http cache @npmcli/fs@https://registry.npmjs.org/@npmcli/fs/-/fs-4.0.0.tgz 0ms (cache hit)
603 http cache fs-minipass@https://registry.npmjs.org/fs-minipass/-/fs-minipass-3.0.3.tgz 0ms (cache hit)
604 http cache socks-proxy-agent@https://registry.npmjs.org/socks-proxy-agent/-/socks-proxy-agent-8.0.5.tgz 0ms (cache hit)
605 http cache https-proxy-agent@https://registry.npmjs.org/https-proxy-agent/-/https-proxy-agent-7.0.6.tgz 0ms (cache hit)
606 http cache http-proxy-agent@https://registry.npmjs.org/http-proxy-agent/-/http-proxy-agent-7.0.2.tgz 0ms (cache hit)
607 http cache lru-cache@https://registry.npmjs.org/lru-cache/-/lru-cache-10.4.3.tgz 0ms (cache hit)
608 http cache agent-base@https://registry.npmjs.org/agent-base/-/agent-base-7.1.4.tgz 0ms (cache hit)
609 http cache ssri@https://registry.npmjs.org/ssri/-/ssri-12.0.0.tgz 0ms (cache hit)
610 http cache negotiator@https://registry.npmjs.org/negotiator/-/negotiator-1.0.0.tgz 0ms (cache hit)
611 http cache promise-retry@https://registry.npmjs.org/promise-retry/-/promise-retry-2.0.1.tgz 0ms (cache hit)
612 http cache minipass-flush@https://registry.npmjs.org/minipass-flush/-/minipass-flush-1.0.5.tgz 0ms (cache hit)
613 http cache minipass-pipeline@https://registry.npmjs.org/minipass-pipeline/-/minipass-pipeline-1.2.4.tgz 0ms (cache hit)
614 http cache minipass@https://registry.npmjs.org/minipass/-/minipass-7.1.2.tgz 0ms (cache hit)
615 http cache cacache@https://registry.npmjs.org/cacache/-/cacache-19.0.1.tgz 0ms (cache hit)
616 http cache which@https://registry.npmjs.org/which/-/which-5.0.0.tgz 0ms (cache hit)
617 http cache http-cache-semantics@https://registry.npmjs.org/http-cache-semantics/-/http-cache-semantics-4.2.0.tgz 0ms (cache hit)
618 http cache @npmcli/agent@https://registry.npmjs.org/@npmcli/agent/-/agent-3.0.0.tgz 0ms (cache hit)
619 http cache minipass-fetch@https://registry.npmjs.org/minipass-fetch/-/minipass-fetch-4.0.1.tgz 0ms (cache hit)
620 http cache tinyglobby@https://registry.npmjs.org/tinyglobby/-/tinyglobby-0.2.15.tgz 0ms (cache hit)
621 http cache nopt@https://registry.npmjs.org/nopt/-/nopt-8.1.0.tgz 0ms (cache hit)
622 http cache tar@https://registry.npmjs.org/tar/-/tar-7.5.2.tgz 0ms (cache hit)
623 http cache semver@https://registry.npmjs.org/semver/-/semver-7.7.3.tgz 0ms (cache hit)
624 http cache proc-log@https://registry.npmjs.org/proc-log/-/proc-log-5.0.0.tgz 0ms (cache hit)
625 http cache make-fetch-happen@https://registry.npmjs.org/make-fetch-happen/-/make-fetch-happen-14.0.3.tgz 0ms (cache hit)
626 http cache env-paths@https://registry.npmjs.org/env-paths/-/env-paths-2.2.1.tgz 0ms (cache hit)
627 http cache ms@https://registry.npmjs.org/ms/-/ms-2.1.3.tgz 0ms (cache hit)
628 http cache graceful-fs@https://registry.npmjs.org/graceful-fs/-/graceful-fs-4.2.11.tgz 0ms (cache hit)
629 http cache readable-stream@https://registry.npmjs.org/readable-stream/-/readable-stream-3.6.2.tgz 0ms (cache hit)
630 http cache file-uri-to-path@https://registry.npmjs.org/file-uri-to-path/-/file-uri-to-path-1.0.0.tgz 0ms (cache hit)
631 http cache exponential-backoff@https://registry.npmjs.org/exponential-backoff/-/exponential-backoff-3.1.3.tgz 0ms (cache hit)
632 http cache node-gyp@https://registry.npmjs.org/node-gyp/-/node-gyp-11.5.0.tgz 0ms (cache hit)
633 http cache yerror@https://registry.npmjs.org/yerror/-/yerror-8.0.0.tgz 0ms (cache hit)
634 http cache nan@https://registry.npmjs.org/nan/-/nan-2.23.0.tgz 0ms (cache hit)
635 http cache bufferstreams@https://registry.npmjs.org/bufferstreams/-/bufferstreams-4.0.0.tgz 0ms (cache hit)
636 http cache debug@https://registry.npmjs.org/debug/-/debug-4.4.3.tgz 0ms (cache hit)
637 http cache bindings@https://registry.npmjs.org/bindings/-/bindings-1.5.0.tgz 0ms (cache hit)
638 http cache ttf2woff2@https://registry.npmjs.org/ttf2woff2/-/ttf2woff2-8.0.0.tgz 0ms (cache hit)
639 http cache emoji-regex@https://registry.npmjs.org/emoji-regex/-/emoji-regex-8.0.0.tgz 0ms (cache hit)
640 http cache minipass@https://registry.npmjs.org/minipass/-/minipass-3.3.6.tgz 0ms (cache hit)
641 http cache strip-ansi@https://registry.npmjs.org/strip-ansi/-/strip-ansi-6.0.1.tgz 0ms (cache hit)
642 http cache string-width@https://registry.npmjs.org/string-width/-/string-width-4.2.3.tgz 0ms (cache hit)
643 http cache yallist@https://registry.npmjs.org/yallist/-/yallist-4.0.0.tgz 0ms (cache hit)
644 http cache ansi-styles@https://registry.npmjs.org/ansi-styles/-/ansi-styles-4.3.0.tgz 0ms (cache hit)
645 http cache ansi-regex@https://registry.npmjs.org/ansi-regex/-/ansi-regex-5.0.1.tgz 0ms (cache hit)
646 http cache ansi-regex@https://registry.npmjs.org/ansi-regex/-/ansi-regex-5.0.1.tgz 0ms (cache hit)
647 http cache strip-ansi@https://registry.npmjs.org/strip-ansi/-/strip-ansi-6.0.1.tgz 0ms (cache hit)
648 http cache isexe@https://registry.npmjs.org/isexe/-/isexe-2.0.0.tgz 0ms (cache hit)
649 http cache emoji-regex@https://registry.npmjs.org/emoji-regex/-/emoji-regex-8.0.0.tgz 0ms (cache hit)
650 http cache which@https://registry.npmjs.org/which/-/which-2.0.2.tgz 0ms (cache hit)
651 http cache minipass@https://registry.npmjs.org/minipass/-/minipass-3.3.6.tgz 0ms (cache hit)
652 http cache yallist@https://registry.npmjs.org/yallist/-/yallist-4.0.0.tgz 0ms (cache hit)
653 http cache ansi-regex@https://registry.npmjs.org/ansi-regex/-/ansi-regex-5.0.1.tgz 0ms (cache hit)
654 http cache minipass@https://registry.npmjs.org/minipass/-/minipass-3.3.6.tgz 0ms (cache hit)
655 http cache yallist@https://registry.npmjs.org/yallist/-/yallist-4.0.0.tgz 0ms (cache hit)
656 silly tarball no local data for color-name@https://registry.npmjs.org/color-name/-/color-name-1.1.4.tgz. Extracting by manifest.
657 silly tarball no local data for imurmurhash@https://registry.npmjs.org/imurmurhash/-/imurmurhash-0.1.4.tgz. Extracting by manifest.
658 silly tarball no local data for isexe@https://registry.npmjs.org/isexe/-/isexe-3.1.1.tgz. Extracting by manifest.
659 silly tarball no local data for yallist@https://registry.npmjs.org/yallist/-/yallist-5.0.0.tgz. Extracting by manifest.
660 silly tarball no local data for fdir@https://registry.npmjs.org/fdir/-/fdir-6.5.0.tgz. Extracting by manifest.
661 silly tarball no local data for unique-slug@https://registry.npmjs.org/unique-slug/-/unique-slug-5.0.0.tgz. Extracting by manifest.
662 silly tarball no local data for chownr@https://registry.npmjs.org/chownr/-/chownr-3.0.0.tgz. Extracting by manifest.
663 silly tarball no local data for ansi-regex@https://registry.npmjs.org/ansi-regex/-/ansi-regex-6.2.2.tgz. Extracting by manifest.
664 silly tarball no local data for color-convert@https://registry.npmjs.org/color-convert/-/color-convert-2.0.1.tgz. Extracting by manifest.
665 silly tarball no local data for is-fullwidth-code-point@https://registry.npmjs.org/is-fullwidth-code-point/-/is-fullwidth-code-point-3.0.0.tgz. Extracting by manifest.
666 silly tarball no local data for picomatch@https://registry.npmjs.org/picomatch/-/picomatch-4.0.3.tgz. Extracting by manifest.
667 silly tarball no local data for ansi-styles@https://registry.npmjs.org/ansi-styles/-/ansi-styles-6.2.3.tgz. Extracting by manifest.
668 silly tarball no local data for @isaacs/fs-minipass@https://registry.npmjs.org/@isaacs/fs-minipass/-/fs-minipass-4.0.1.tgz. Extracting by manifest.
669 silly tarball no local data for emoji-regex@https://registry.npmjs.org/emoji-regex/-/emoji-regex-9.2.2.tgz. Extracting by manifest.
670 silly tarball no local data for smart-buffer@https://registry.npmjs.org/smart-buffer/-/smart-buffer-4.2.0.tgz. Extracting by manifest.
671 silly tarball no local data for safe-buffer@https://registry.npmjs.org/safe-buffer/-/safe-buffer-5.2.1.tgz. Extracting by manifest.
672 silly tarball no local data for socks@https://registry.npmjs.org/socks/-/socks-2.8.7.tgz. Extracting by manifest.
673 silly tarball no local data for ip-address@https://registry.npmjs.org/ip-address/-/ip-address-10.0.1.tgz. Extracting by manifest.
674 silly tarball no local data for shebang-regex@https://registry.npmjs.org/shebang-regex/-/shebang-regex-3.0.0.tgz. Extracting by manifest.
675 silly tarball no local data for inherits@https://registry.npmjs.org/inherits/-/inherits-2.0.4.tgz. Extracting by manifest.
676 silly tarball no local data for eastasianwidth@https://registry.npmjs.org/eastasianwidth/-/eastasianwidth-0.2.0.tgz. Extracting by manifest.
677 silly tarball no local data for err-code@https://registry.npmjs.org/err-code/-/err-code-2.0.3.tgz. Extracting by manifest.
678 silly tarball no local data for util-deprecate@https://registry.npmjs.org/util-deprecate/-/util-deprecate-1.0.2.tgz. Extracting by manifest.
679 silly tarball no local data for string_decoder@https://registry.npmjs.org/string_decoder/-/string_decoder-1.3.0.tgz. Extracting by manifest.
680 silly tarball no local data for abbrev@https://registry.npmjs.org/abbrev/-/abbrev-3.0.1.tgz. Extracting by manifest.
681 silly tarball no local data for retry@https://registry.npmjs.org/retry/-/retry-0.12.0.tgz. Extracting by manifest.
682 silly tarball no local data for minizlib@https://registry.npmjs.org/minizlib/-/minizlib-3.1.0.tgz. Extracting by manifest.
683 silly tarball no local data for iconv-lite@https://registry.npmjs.org/iconv-lite/-/iconv-lite-0.6.3.tgz. Extracting by manifest.
684 silly tarball no local data for encoding@https://registry.npmjs.org/encoding/-/encoding-0.1.13.tgz. Extracting by manifest.
685 silly tarball no local data for minipass-sized@https://registry.npmjs.org/minipass-sized/-/minipass-sized-1.0.3.tgz. Extracting by manifest.
686 silly tarball no local data for balanced-match@https://registry.npmjs.org/balanced-match/-/balanced-match-1.0.2.tgz. Extracting by manifest.
687 silly tarball no local data for brace-expansion@https://registry.npmjs.org/brace-expansion/-/brace-expansion-2.0.2.tgz. Extracting by manifest.
688 silly tarball no local data for strip-ansi-cjs@https://registry.npmjs.org/strip-ansi/-/strip-ansi-6.0.1.tgz. Extracting by manifest.
689 silly tarball no local data for wrap-ansi-cjs@https://registry.npmjs.org/wrap-ansi/-/wrap-ansi-7.0.0.tgz. Extracting by manifest.
690 silly tarball no local data for wrap-ansi@https://registry.npmjs.org/wrap-ansi/-/wrap-ansi-8.1.0.tgz. Extracting by manifest.
691 silly tarball no local data for strip-ansi@https://registry.npmjs.org/strip-ansi/-/strip-ansi-7.1.2.tgz. Extracting by manifest.
692 silly tarball no local data for @pkgjs/parseargs@https://registry.npmjs.org/@pkgjs/parseargs/-/parseargs-0.11.0.tgz. Extracting by manifest.
693 silly tarball no local data for string-width-cjs@https://registry.npmjs.org/string-width/-/string-width-4.2.3.tgz. Extracting by manifest.
694 silly tarball no local data for string-width@https://registry.npmjs.org/string-width/-/string-width-5.1.2.tgz. Extracting by manifest.
695 silly tarball no local data for safer-buffer@https://registry.npmjs.org/safer-buffer/-/safer-buffer-2.1.2.tgz. Extracting by manifest.
696 silly tarball no local data for shebang-command@https://registry.npmjs.org/shebang-command/-/shebang-command-2.0.0.tgz. Extracting by manifest.
697 silly tarball no local data for signal-exit@https://registry.npmjs.org/signal-exit/-/signal-exit-4.1.0.tgz. Extracting by manifest.
698 silly tarball no local data for @isaacs/cliui@https://registry.npmjs.org/@isaacs/cliui/-/cliui-8.0.2.tgz. Extracting by manifest.
699 silly tarball no local data for package-json-from-dist@https://registry.npmjs.org/package-json-from-dist/-/package-json-from-dist-1.0.1.tgz. Extracting by manifest.
700 silly tarball no local data for path-scurry@https://registry.npmjs.org/path-scurry/-/path-scurry-1.11.1.tgz. Extracting by manifest.
701 silly tarball no local data for path-key@https://registry.npmjs.org/path-key/-/path-key-3.1.1.tgz. Extracting by manifest.
702 silly tarball no local data for jackspeak@https://registry.npmjs.org/jackspeak/-/jackspeak-3.4.3.tgz. Extracting by manifest.
703 silly tarball no local data for minimatch@https://registry.npmjs.org/minimatch/-/minimatch-9.0.5.tgz. Extracting by manifest.
704 silly tarball no local data for cross-spawn@https://registry.npmjs.org/cross-spawn/-/cross-spawn-7.0.6.tgz. Extracting by manifest.
705 silly tarball no local data for p-map@https://registry.npmjs.org/p-map/-/p-map-7.0.3.tgz. Extracting by manifest.
706 silly tarball no local data for foreground-child@https://registry.npmjs.org/foreground-child/-/foreground-child-3.3.1.tgz. Extracting by manifest.
707 silly tarball no local data for unique-filename@https://registry.npmjs.org/unique-filename/-/unique-filename-4.0.0.tgz. Extracting by manifest.
708 silly tarball no local data for glob@https://registry.npmjs.org/glob/-/glob-10.4.5.tgz. Extracting by manifest.
709 silly tarball no local data for minipass-collect@https://registry.npmjs.org/minipass-collect/-/minipass-collect-2.0.1.tgz. Extracting by manifest.
710 silly tarball no local data for @npmcli/fs@https://registry.npmjs.org/@npmcli/fs/-/fs-4.0.0.tgz. Extracting by manifest.
711 silly tarball no local data for fs-minipass@https://registry.npmjs.org/fs-minipass/-/fs-minipass-3.0.3.tgz. Extracting by manifest.
712 silly tarball no local data for socks-proxy-agent@https://registry.npmjs.org/socks-proxy-agent/-/socks-proxy-agent-8.0.5.tgz. Extracting by manifest.
713 silly tarball no local data for https-proxy-agent@https://registry.npmjs.org/https-proxy-agent/-/https-proxy-agent-7.0.6.tgz. Extracting by manifest.
714 silly tarball no local data for http-proxy-agent@https://registry.npmjs.org/http-proxy-agent/-/http-proxy-agent-7.0.2.tgz. Extracting by manifest.
715 silly tarball no local data for lru-cache@https://registry.npmjs.org/lru-cache/-/lru-cache-10.4.3.tgz. Extracting by manifest.
716 silly tarball no local data for agent-base@https://registry.npmjs.org/agent-base/-/agent-base-7.1.4.tgz. Extracting by manifest.
717 silly tarball no local data for ssri@https://registry.npmjs.org/ssri/-/ssri-12.0.0.tgz. Extracting by manifest.
718 silly tarball no local data for negotiator@https://registry.npmjs.org/negotiator/-/negotiator-1.0.0.tgz. Extracting by manifest.
719 silly tarball no local data for promise-retry@https://registry.npmjs.org/promise-retry/-/promise-retry-2.0.1.tgz. Extracting by manifest.
720 silly tarball no local data for minipass-flush@https://registry.npmjs.org/minipass-flush/-/minipass-flush-1.0.5.tgz. Extracting by manifest.
721 silly tarball no local data for minipass-pipeline@https://registry.npmjs.org/minipass-pipeline/-/minipass-pipeline-1.2.4.tgz. Extracting by manifest.
722 silly tarball no local data for minipass@https://registry.npmjs.org/minipass/-/minipass-7.1.2.tgz. Extracting by manifest.
723 silly tarball no local data for cacache@https://registry.npmjs.org/cacache/-/cacache-19.0.1.tgz. Extracting by manifest.
724 silly tarball no local data for which@https://registry.npmjs.org/which/-/which-5.0.0.tgz. Extracting by manifest.
725 silly tarball no local data for http-cache-semantics@https://registry.npmjs.org/http-cache-semantics/-/http-cache-semantics-4.2.0.tgz. Extracting by manifest.
726 silly tarball no local data for @npmcli/agent@https://registry.npmjs.org/@npmcli/agent/-/agent-3.0.0.tgz. Extracting by manifest.
727 silly tarball no local data for minipass-fetch@https://registry.npmjs.org/minipass-fetch/-/minipass-fetch-4.0.1.tgz. Extracting by manifest.
728 silly tarball no local data for tinyglobby@https://registry.npmjs.org/tinyglobby/-/tinyglobby-0.2.15.tgz. Extracting by manifest.
729 silly tarball no local data for nopt@https://registry.npmjs.org/nopt/-/nopt-8.1.0.tgz. Extracting by manifest.
730 silly tarball no local data for tar@https://registry.npmjs.org/tar/-/tar-7.5.2.tgz. Extracting by manifest.
731 silly tarball no local data for semver@https://registry.npmjs.org/semver/-/semver-7.7.3.tgz. Extracting by manifest.
732 silly tarball no local data for proc-log@https://registry.npmjs.org/proc-log/-/proc-log-5.0.0.tgz. Extracting by manifest.
733 silly tarball no local data for make-fetch-happen@https://registry.npmjs.org/make-fetch-happen/-/make-fetch-happen-14.0.3.tgz. Extracting by manifest.
734 silly tarball no local data for env-paths@https://registry.npmjs.org/env-paths/-/env-paths-2.2.1.tgz. Extracting by manifest.
735 silly tarball no local data for ms@https://registry.npmjs.org/ms/-/ms-2.1.3.tgz. Extracting by manifest.
736 silly tarball no local data for readable-stream@https://registry.npmjs.org/readable-stream/-/readable-stream-3.6.2.tgz. Extracting by manifest.
737 silly tarball no local data for file-uri-to-path@https://registry.npmjs.org/file-uri-to-path/-/file-uri-to-path-1.0.0.tgz. Extracting by manifest.
738 silly tarball no local data for exponential-backoff@https://registry.npmjs.org/exponential-backoff/-/exponential-backoff-3.1.3.tgz. Extracting by manifest.
739 silly tarball no local data for node-gyp@https://registry.npmjs.org/node-gyp/-/node-gyp-11.5.0.tgz. Extracting by manifest.
740 silly tarball no local data for yerror@https://registry.npmjs.org/yerror/-/yerror-8.0.0.tgz. Extracting by manifest.
741 silly tarball no local data for nan@https://registry.npmjs.org/nan/-/nan-2.23.0.tgz. Extracting by manifest.
742 silly tarball no local data for bufferstreams@https://registry.npmjs.org/bufferstreams/-/bufferstreams-4.0.0.tgz. Extracting by manifest.
743 silly tarball no local data for debug@https://registry.npmjs.org/debug/-/debug-4.4.3.tgz. Extracting by manifest.
744 silly tarball no local data for bindings@https://registry.npmjs.org/bindings/-/bindings-1.5.0.tgz. Extracting by manifest.
745 silly tarball no local data for emoji-regex@https://registry.npmjs.org/emoji-regex/-/emoji-regex-8.0.0.tgz. Extracting by manifest.
746 silly tarball no local data for ttf2woff2@https://registry.npmjs.org/ttf2woff2/-/ttf2woff2-8.0.0.tgz. Extracting by manifest.
747 silly tarball no local data for minipass@https://registry.npmjs.org/minipass/-/minipass-3.3.6.tgz. Extracting by manifest.
748 silly tarball no local data for strip-ansi@https://registry.npmjs.org/strip-ansi/-/strip-ansi-6.0.1.tgz. Extracting by manifest.
749 silly tarball no local data for string-width@https://registry.npmjs.org/string-width/-/string-width-4.2.3.tgz. Extracting by manifest.
750 silly tarball no local data for yallist@https://registry.npmjs.org/yallist/-/yallist-4.0.0.tgz. Extracting by manifest.
751 silly tarball no local data for ansi-styles@https://registry.npmjs.org/ansi-styles/-/ansi-styles-4.3.0.tgz. Extracting by manifest.
752 silly tarball no local data for ansi-regex@https://registry.npmjs.org/ansi-regex/-/ansi-regex-5.0.1.tgz. Extracting by manifest.
753 silly tarball no local data for ansi-regex@https://registry.npmjs.org/ansi-regex/-/ansi-regex-5.0.1.tgz. Extracting by manifest.
754 silly tarball no local data for strip-ansi@https://registry.npmjs.org/strip-ansi/-/strip-ansi-6.0.1.tgz. Extracting by manifest.
755 silly tarball no local data for isexe@https://registry.npmjs.org/isexe/-/isexe-2.0.0.tgz. Extracting by manifest.
756 silly tarball no local data for emoji-regex@https://registry.npmjs.org/emoji-regex/-/emoji-regex-8.0.0.tgz. Extracting by manifest.
757 silly tarball no local data for which@https://registry.npmjs.org/which/-/which-2.0.2.tgz. Extracting by manifest.
758 silly tarball no local data for minipass@https://registry.npmjs.org/minipass/-/minipass-3.3.6.tgz. Extracting by manifest.
759 silly tarball no local data for yallist@https://registry.npmjs.org/yallist/-/yallist-4.0.0.tgz. Extracting by manifest.
760 silly tarball no local data for ansi-regex@https://registry.npmjs.org/ansi-regex/-/ansi-regex-5.0.1.tgz. Extracting by manifest.
761 silly tarball no local data for minipass@https://registry.npmjs.org/minipass/-/minipass-3.3.6.tgz. Extracting by manifest.
762 silly tarball no local data for yallist@https://registry.npmjs.org/yallist/-/yallist-4.0.0.tgz. Extracting by manifest.
763 http fetch GET 200 https://registry.npmjs.org/color-name/-/color-name-1.1.4.tgz 58ms (cache miss)
764 http fetch GET 200 https://registry.npmjs.org/isexe/-/isexe-3.1.1.tgz 58ms (cache miss)
765 http fetch GET 200 https://registry.npmjs.org/imurmurhash/-/imurmurhash-0.1.4.tgz 58ms (cache miss)
766 http fetch GET 200 https://registry.npmjs.org/ansi-regex/-/ansi-regex-6.2.2.tgz 58ms (cache miss)
767 http fetch GET 200 https://registry.npmjs.org/unique-slug/-/unique-slug-5.0.0.tgz 59ms (cache miss)
768 http fetch GET 200 https://registry.npmjs.org/fdir/-/fdir-6.5.0.tgz 59ms (cache miss)
769 http fetch GET 200 https://registry.npmjs.org/chownr/-/chownr-3.0.0.tgz 60ms (cache miss)
770 http fetch GET 200 https://registry.npmjs.org/yallist/-/yallist-5.0.0.tgz 61ms (cache miss)
771 http fetch POST 200 https://registry.npmjs.org/-/npm/v1/security/advisories/bulk 82ms
772 silly audit report {}
773 http fetch GET 200 https://registry.npmjs.org/is-fullwidth-code-point/-/is-fullwidth-code-point-3.0.0.tgz 78ms (cache miss)
774 http fetch GET 200 https://registry.npmjs.org/smart-buffer/-/smart-buffer-4.2.0.tgz 80ms (cache miss)
775 http fetch GET 200 https://registry.npmjs.org/shebang-regex/-/shebang-regex-3.0.0.tgz 86ms (cache miss)
776 http fetch GET 200 https://registry.npmjs.org/ansi-styles/-/ansi-styles-6.2.3.tgz 87ms (cache miss)
777 http fetch GET 200 https://registry.npmjs.org/inherits/-/inherits-2.0.4.tgz 86ms (cache miss)
778 http fetch GET 200 https://registry.npmjs.org/err-code/-/err-code-2.0.3.tgz 91ms (cache miss)
779 http fetch GET 200 https://registry.npmjs.org/color-convert/-/color-convert-2.0.1.tgz 101ms (cache miss)
780 http fetch GET 200 https://registry.npmjs.org/picomatch/-/picomatch-4.0.3.tgz 104ms (cache miss)
781 http fetch GET 200 https://registry.npmjs.org/util-deprecate/-/util-deprecate-1.0.2.tgz 106ms (cache miss)
782 http fetch GET 200 https://registry.npmjs.org/ip-address/-/ip-address-10.0.1.tgz 110ms (cache miss)
783 http fetch GET 200 https://registry.npmjs.org/socks/-/socks-2.8.7.tgz 111ms (cache miss)
784 http fetch GET 200 https://registry.npmjs.org/emoji-regex/-/emoji-regex-9.2.2.tgz 112ms (cache miss)
785 http fetch GET 200 https://registry.npmjs.org/string_decoder/-/string_decoder-1.3.0.tgz 110ms (cache miss)
786 http fetch GET 200 https://registry.npmjs.org/eastasianwidth/-/eastasianwidth-0.2.0.tgz 121ms (cache miss)
787 http fetch GET 200 https://registry.npmjs.org/retry/-/retry-0.12.0.tgz 120ms (cache miss)
788 http fetch GET 200 https://registry.npmjs.org/encoding/-/encoding-0.1.13.tgz 128ms (cache miss)
789 http fetch GET 200 https://registry.npmjs.org/abbrev/-/abbrev-3.0.1.tgz 129ms (cache miss)
790 http fetch GET 200 https://registry.npmjs.org/@isaacs/fs-minipass/-/fs-minipass-4.0.1.tgz 131ms (cache miss)
791 http fetch GET 200 https://registry.npmjs.org/minizlib/-/minizlib-3.1.0.tgz 132ms (cache miss)
792 http fetch GET 200 https://registry.npmjs.org/strip-ansi/-/strip-ansi-6.0.1.tgz 140ms (cache miss)
793 http fetch GET 200 https://registry.npmjs.org/brace-expansion/-/brace-expansion-2.0.2.tgz 140ms (cache miss)
794 http fetch GET 200 https://registry.npmjs.org/wrap-ansi/-/wrap-ansi-7.0.0.tgz 140ms (cache miss)
795 http fetch GET 200 https://registry.npmjs.org/strip-ansi/-/strip-ansi-7.1.2.tgz 149ms (cache miss)
796 http fetch GET 200 https://registry.npmjs.org/wrap-ansi/-/wrap-ansi-8.1.0.tgz 155ms (cache miss)
797 http fetch GET 200 https://registry.npmjs.org/minipass-sized/-/minipass-sized-1.0.3.tgz 156ms (cache miss)
798 http fetch GET 200 https://registry.npmjs.org/balanced-match/-/balanced-match-1.0.2.tgz 157ms (cache miss)
799 http fetch GET 200 https://registry.npmjs.org/string-width/-/string-width-4.2.3.tgz 156ms (cache miss)
800 http fetch GET 200 https://registry.npmjs.org/iconv-lite/-/iconv-lite-0.6.3.tgz 158ms (cache miss)
801 http fetch GET 200 https://registry.npmjs.org/shebang-command/-/shebang-command-2.0.0.tgz 175ms (cache miss)
802 http fetch GET 200 https://registry.npmjs.org/string-width/-/string-width-5.1.2.tgz 176ms (cache miss)
803 http fetch GET 200 https://registry.npmjs.org/@pkgjs/parseargs/-/parseargs-0.11.0.tgz 181ms (cache miss)
804 http fetch GET 200 https://registry.npmjs.org/package-json-from-dist/-/package-json-from-dist-1.0.1.tgz 180ms (cache miss)
805 http fetch GET 200 https://registry.npmjs.org/safer-buffer/-/safer-buffer-2.1.2.tgz 184ms (cache miss)
806 http fetch GET 200 https://registry.npmjs.org/signal-exit/-/signal-exit-4.1.0.tgz 184ms (cache miss)
807 http fetch GET 200 https://registry.npmjs.org/path-scurry/-/path-scurry-1.11.1.tgz 188ms (cache miss)
808 http fetch GET 200 https://registry.npmjs.org/path-key/-/path-key-3.1.1.tgz 189ms (cache miss)
809 http fetch GET 200 https://registry.npmjs.org/p-map/-/p-map-7.0.3.tgz 218ms (cache miss)
810 http fetch GET 200 https://registry.npmjs.org/foreground-child/-/foreground-child-3.3.1.tgz 221ms (cache miss)
811 http fetch GET 200 https://registry.npmjs.org/cross-spawn/-/cross-spawn-7.0.6.tgz 221ms (cache miss)
812 http fetch GET 200 https://registry.npmjs.org/unique-filename/-/unique-filename-4.0.0.tgz 228ms (cache miss)
813 http fetch GET 200 https://registry.npmjs.org/minipass-collect/-/minipass-collect-2.0.1.tgz 230ms (cache miss)
814 http fetch GET 200 https://registry.npmjs.org/http-proxy-agent/-/http-proxy-agent-7.0.2.tgz 234ms (cache miss)
815 http fetch GET 200 https://registry.npmjs.org/fs-minipass/-/fs-minipass-3.0.3.tgz 235ms (cache miss)
816 http fetch GET 200 https://registry.npmjs.org/jackspeak/-/jackspeak-3.4.3.tgz 237ms (cache miss)
817 http fetch GET 200 https://registry.npmjs.org/socks-proxy-agent/-/socks-proxy-agent-8.0.5.tgz 236ms (cache miss)
818 http fetch GET 200 https://registry.npmjs.org/minimatch/-/minimatch-9.0.5.tgz 244ms (cache miss)
819 http fetch GET 200 https://registry.npmjs.org/@npmcli/fs/-/fs-4.0.0.tgz 244ms (cache miss)
820 http fetch GET 200 https://registry.npmjs.org/https-proxy-agent/-/https-proxy-agent-7.0.6.tgz 249ms (cache miss)
821 http fetch GET 200 https://registry.npmjs.org/@isaacs/cliui/-/cliui-8.0.2.tgz 250ms (cache miss)
822 http fetch GET 200 https://registry.npmjs.org/ssri/-/ssri-12.0.0.tgz 254ms (cache miss)
823 http fetch GET 200 https://registry.npmjs.org/lru-cache/-/lru-cache-10.4.3.tgz 254ms (cache miss)
824 http fetch GET 200 https://registry.npmjs.org/glob/-/glob-10.4.5.tgz 255ms (cache miss)
825 http fetch GET 200 https://registry.npmjs.org/minipass-pipeline/-/minipass-pipeline-1.2.4.tgz 253ms (cache miss)
826 http fetch GET 200 https://registry.npmjs.org/safe-buffer/-/safe-buffer-5.2.1.tgz 264ms (cache miss)
827 http fetch GET 200 https://registry.npmjs.org/minipass-flush/-/minipass-flush-1.0.5.tgz 262ms (cache miss)
828 http fetch GET 200 https://registry.npmjs.org/negotiator/-/negotiator-1.0.0.tgz 263ms (cache miss)
829 http fetch GET 200 https://registry.npmjs.org/promise-retry/-/promise-retry-2.0.1.tgz 264ms (cache miss)
830 http fetch GET 200 https://registry.npmjs.org/agent-base/-/agent-base-7.1.4.tgz 265ms (cache miss)
831 http fetch GET 200 https://registry.npmjs.org/which/-/which-5.0.0.tgz 263ms (cache miss)
832 http fetch GET 200 https://registry.npmjs.org/minipass/-/minipass-7.1.2.tgz 267ms (cache miss)
833 http fetch GET 200 https://registry.npmjs.org/http-cache-semantics/-/http-cache-semantics-4.2.0.tgz 268ms (cache miss)
834 http fetch GET 200 https://registry.npmjs.org/cacache/-/cacache-19.0.1.tgz 268ms (cache miss)
835 http fetch GET 200 https://registry.npmjs.org/minipass-fetch/-/minipass-fetch-4.0.1.tgz 279ms (cache miss)
836 http fetch GET 200 https://registry.npmjs.org/nopt/-/nopt-8.1.0.tgz 284ms (cache miss)
837 http fetch GET 200 https://registry.npmjs.org/proc-log/-/proc-log-5.0.0.tgz 293ms (cache miss)
838 http fetch GET 200 https://registry.npmjs.org/tinyglobby/-/tinyglobby-0.2.15.tgz 313ms (cache miss)
839 http fetch GET 200 https://registry.npmjs.org/@npmcli/agent/-/agent-3.0.0.tgz 325ms (cache miss)
840 http fetch GET 200 https://registry.npmjs.org/env-paths/-/env-paths-2.2.1.tgz 358ms (cache miss)
841 http fetch GET 200 https://registry.npmjs.org/ms/-/ms-2.1.3.tgz 373ms (cache miss)
842 http fetch GET 200 https://registry.npmjs.org/make-fetch-happen/-/make-fetch-happen-14.0.3.tgz 374ms (cache miss)
843 http fetch GET 200 https://registry.npmjs.org/emoji-regex/-/emoji-regex-8.0.0.tgz 387ms (cache miss)
844 http fetch GET 200 https://registry.npmjs.org/yerror/-/yerror-8.0.0.tgz 388ms (cache miss)
845 http fetch GET 200 https://registry.npmjs.org/strip-ansi/-/strip-ansi-6.0.1.tgz 387ms (cache miss)
846 http fetch GET 200 https://registry.npmjs.org/string-width/-/string-width-4.2.3.tgz 387ms (cache miss)
847 http fetch GET 200 https://registry.npmjs.org/debug/-/debug-4.4.3.tgz 388ms (cache miss)
848 http fetch GET 200 https://registry.npmjs.org/exponential-backoff/-/exponential-backoff-3.1.3.tgz 390ms (cache miss)
849 http fetch GET 200 https://registry.npmjs.org/bufferstreams/-/bufferstreams-4.0.0.tgz 389ms (cache miss)
850 http fetch GET 200 https://registry.npmjs.org/file-uri-to-path/-/file-uri-to-path-1.0.0.tgz 392ms (cache miss)
851 http fetch GET 200 https://registry.npmjs.org/bindings/-/bindings-1.5.0.tgz 391ms (cache miss)
852 http fetch GET 200 https://registry.npmjs.org/minipass/-/minipass-3.3.6.tgz 399ms (cache miss)
853 http fetch GET 200 https://registry.npmjs.org/readable-stream/-/readable-stream-3.6.2.tgz 407ms (cache miss)
854 http fetch GET 200 https://registry.npmjs.org/isexe/-/isexe-2.0.0.tgz 410ms (cache miss)
855 http fetch GET 200 https://registry.npmjs.org/ansi-styles/-/ansi-styles-4.3.0.tgz 410ms (cache miss)
856 http fetch GET 200 https://registry.npmjs.org/yallist/-/yallist-4.0.0.tgz 411ms (cache miss)
857 http fetch GET 200 https://registry.npmjs.org/semver/-/semver-7.7.3.tgz 418ms (cache miss)
858 http fetch GET 200 https://registry.npmjs.org/nan/-/nan-2.23.0.tgz 426ms (cache miss)
859 http fetch GET 200 https://registry.npmjs.org/yallist/-/yallist-4.0.0.tgz 425ms (cache miss)
860 http fetch GET 200 https://registry.npmjs.org/ansi-regex/-/ansi-regex-5.0.1.tgz 430ms (cache miss)
861 http fetch GET 200 https://registry.npmjs.org/ansi-regex/-/ansi-regex-5.0.1.tgz 429ms (cache miss)
862 http fetch GET 200 https://registry.npmjs.org/tar/-/tar-7.5.2.tgz 452ms (cache miss)
863 http fetch GET 200 https://registry.npmjs.org/emoji-regex/-/emoji-regex-8.0.0.tgz 461ms (cache miss)
864 http fetch GET 200 https://registry.npmjs.org/minipass/-/minipass-3.3.6.tgz 469ms (cache miss)
865 http fetch GET 200 https://registry.npmjs.org/which/-/which-2.0.2.tgz 470ms (cache miss)
866 http fetch GET 200 https://registry.npmjs.org/strip-ansi/-/strip-ansi-6.0.1.tgz 492ms (cache miss)
867 http fetch GET 200 https://registry.npmjs.org/minipass/-/minipass-3.3.6.tgz 493ms (cache miss)
868 http fetch GET 200 https://registry.npmjs.org/yallist/-/yallist-4.0.0.tgz 493ms (cache miss)
869 http fetch GET 200 https://registry.npmjs.org/node-gyp/-/node-gyp-11.5.0.tgz 507ms (cache miss)
870 http fetch GET 200 https://registry.npmjs.org/ttf2woff2/-/ttf2woff2-8.0.0.tgz 572ms (cache miss)
871 http fetch GET 200 https://registry.npmjs.org/ansi-regex/-/ansi-regex-5.0.1.tgz 653ms (cache miss)
872 info run ttf2woff2@8.0.0 install node_modules/ttf2woff2 ((node-gyp configure && node-gyp build) > builderror.log) || (exit 0)
873 info run ttf2woff2@8.0.0 install { code: 0, signal: null }
874 verbose cwd /Users/michelleliu/NexusWebsiteV1
875 verbose os Darwin 24.6.0
876 verbose node v22.21.0
877 verbose npm  v10.9.4
878 verbose exit 1
879 verbose code 1
