0 verbose cli /Users/michelleliu/.nvm/versions/node/v22.21.0/bin/node /Users/michelleliu/.nvm/versions/node/v22.21.0/bin/npm
1 info using npm@10.9.4
2 info using node@v22.21.0
3 silly config load:file:/Users/michelleliu/.nvm/versions/node/v22.21.0/lib/node_modules/npm/npmrc
4 silly config load:file:/Users/michelleliu/NexusWebsiteV1/.npmrc
5 silly config load:file:/Users/michelleliu/.npmrc
6 silly config load:file:/Users/michelleliu/.nvm/versions/node/v22.21.0/etc/npmrc
7 verbose title npm install
8 verbose argv "install"
9 verbose logfile logs-max:10 dir:/Users/michelleliu/NexusWebsiteV1/.npm-cache/_logs/2025-11-04T07_40_07_841Z-
10 verbose logfile /Users/michelleliu/NexusWebsiteV1/.npm-cache/_logs/2025-11-04T07_40_07_841Z-debug-0.log
11 silly logfile start cleaning logs, removing 1 files
12 silly logfile done cleaning log files
13 silly packumentCache heap:4345298944 maxSize:1086324736 maxEntrySize:543162368
14 silly idealTree buildDeps
15 verbose shrinkwrap failed to load node_modules/.package-lock.json out of date, updated: node_modules
16 silly reify moves {}
17 verbose reify failed optional dependency /Users/michelleliu/NexusWebsiteV1/node_modules/@tailwindcss/oxide-wasm32-wasi
18 silly reify mark deleted [
18 silly reify   '/Users/michelleliu/NexusWebsiteV1/node_modules/@tailwindcss/oxide-wasm32-wasi'
18 silly reify ]
19 silly audit bulk request {
19 silly audit   '@alloc/quick-lru': [ '5.2.0' ],
19 silly audit   '@babel/runtime': [ '7.28.4' ],
19 silly audit   '@esbuild/aix-ppc64': [ '0.25.11' ],
19 silly audit   '@esbuild/android-arm': [ '0.25.11' ],
19 silly audit   '@esbuild/android-arm64': [ '0.25.11' ],
19 silly audit   '@esbuild/android-x64': [ '0.25.11' ],
19 silly audit   '@esbuild/darwin-arm64': [ '0.25.11' ],
19 silly audit   '@esbuild/darwin-x64': [ '0.25.11' ],
19 silly audit   '@esbuild/freebsd-arm64': [ '0.25.11' ],
19 silly audit   '@esbuild/freebsd-x64': [ '0.25.11' ],
19 silly audit   '@esbuild/linux-arm': [ '0.25.11' ],
19 silly audit   '@esbuild/linux-arm64': [ '0.25.11' ],
19 silly audit   '@esbuild/linux-ia32': [ '0.25.11' ],
19 silly audit   '@esbuild/linux-loong64': [ '0.25.11' ],
19 silly audit   '@esbuild/linux-mips64el': [ '0.25.11' ],
19 silly audit   '@esbuild/linux-ppc64': [ '0.25.11' ],
19 silly audit   '@esbuild/linux-riscv64': [ '0.25.11' ],
19 silly audit   '@esbuild/linux-s390x': [ '0.25.11' ],
19 silly audit   '@esbuild/linux-x64': [ '0.25.11' ],
19 silly audit   '@esbuild/netbsd-arm64': [ '0.25.11' ],
19 silly audit   '@esbuild/netbsd-x64': [ '0.25.11' ],
19 silly audit   '@esbuild/openbsd-arm64': [ '0.25.11' ],
19 silly audit   '@esbuild/openbsd-x64': [ '0.25.11' ],
19 silly audit   '@esbuild/openharmony-arm64': [ '0.25.11' ],
19 silly audit   '@esbuild/sunos-x64': [ '0.25.11' ],
19 silly audit   '@esbuild/win32-arm64': [ '0.25.11' ],
19 silly audit   '@esbuild/win32-ia32': [ '0.25.11' ],
19 silly audit   '@esbuild/win32-x64': [ '0.25.11' ],
19 silly audit   '@floating-ui/core': [ '1.7.3' ],
19 silly audit   '@floating-ui/dom': [ '1.7.4' ],
19 silly audit   '@floating-ui/react-dom': [ '2.1.6' ],
19 silly audit   '@floating-ui/utils': [ '0.2.10' ],
19 silly audit   '@jridgewell/gen-mapping': [ '0.3.13' ],
19 silly audit   '@jridgewell/remapping': [ '2.3.5' ],
19 silly audit   '@jridgewell/resolve-uri': [ '3.1.2' ],
19 silly audit   '@jridgewell/sourcemap-codec': [ '1.5.5' ],
19 silly audit   '@jridgewell/trace-mapping': [ '0.3.31' ],
19 silly audit   '@radix-ui/number': [ '1.1.1' ],
19 silly audit   '@radix-ui/primitive': [ '1.1.3' ],
19 silly audit   '@radix-ui/react-accordion': [ '1.2.12' ],
19 silly audit   '@radix-ui/react-alert-dialog': [ '1.1.15' ],
19 silly audit   '@radix-ui/react-arrow': [ '1.1.7' ],
19 silly audit   '@radix-ui/react-aspect-ratio': [ '1.1.7' ],
19 silly audit   '@radix-ui/react-avatar': [ '1.1.10' ],
19 silly audit   '@radix-ui/react-checkbox': [ '1.3.3' ],
19 silly audit   '@radix-ui/react-collapsible': [ '1.1.12' ],
19 silly audit   '@radix-ui/react-collection': [ '1.1.7' ],
19 silly audit   '@radix-ui/react-compose-refs': [ '1.1.2' ],
19 silly audit   '@radix-ui/react-context': [ '1.1.2' ],
19 silly audit   '@radix-ui/react-context-menu': [ '2.2.16' ],
19 silly audit   '@radix-ui/react-dialog': [ '1.1.15' ],
19 silly audit   '@radix-ui/react-direction': [ '1.1.1' ],
19 silly audit   '@radix-ui/react-dismissable-layer': [ '1.1.11' ],
19 silly audit   '@radix-ui/react-dropdown-menu': [ '2.1.16' ],
19 silly audit   '@radix-ui/react-focus-guards': [ '1.1.3' ],
19 silly audit   '@radix-ui/react-focus-scope': [ '1.1.7' ],
19 silly audit   '@radix-ui/react-hover-card': [ '1.1.15' ],
19 silly audit   '@radix-ui/react-id': [ '1.1.1' ],
19 silly audit   '@radix-ui/react-label': [ '2.1.7' ],
19 silly audit   '@radix-ui/react-menu': [ '2.1.16' ],
19 silly audit   '@radix-ui/react-menubar': [ '1.1.16' ],
19 silly audit   '@radix-ui/react-navigation-menu': [ '1.2.14' ],
19 silly audit   '@radix-ui/react-popover': [ '1.1.15' ],
19 silly audit   '@radix-ui/react-popper': [ '1.2.8' ],
19 silly audit   '@radix-ui/react-portal': [ '1.1.9' ],
19 silly audit   '@radix-ui/react-presence': [ '1.1.5' ],
19 silly audit   '@radix-ui/react-primitive': [ '2.1.3' ],
19 silly audit   '@radix-ui/react-progress': [ '1.1.7' ],
19 silly audit   '@radix-ui/react-radio-group': [ '1.3.8' ],
19 silly audit   '@radix-ui/react-roving-focus': [ '1.1.11' ],
19 silly audit   '@radix-ui/react-scroll-area': [ '1.2.10' ],
19 silly audit   '@radix-ui/react-select': [ '2.2.6' ],
19 silly audit   '@radix-ui/react-separator': [ '1.1.7' ],
19 silly audit   '@radix-ui/react-slider': [ '1.3.6' ],
19 silly audit   '@radix-ui/react-slot': [ '1.2.3' ],
19 silly audit   '@radix-ui/react-switch': [ '1.2.6' ],
19 silly audit   '@radix-ui/react-tabs': [ '1.1.13' ],
19 silly audit   '@radix-ui/react-toggle': [ '1.1.10' ],
19 silly audit   '@radix-ui/react-toggle-group': [ '1.1.11' ],
19 silly audit   '@radix-ui/react-tooltip': [ '1.2.8' ],
19 silly audit   '@radix-ui/react-use-callback-ref': [ '1.1.1' ],
19 silly audit   '@radix-ui/react-use-controllable-state': [ '1.2.2' ],
19 silly audit   '@radix-ui/react-use-effect-event': [ '0.0.2' ],
19 silly audit   '@radix-ui/react-use-escape-keydown': [ '1.1.1' ],
19 silly audit   '@radix-ui/react-use-is-hydrated': [ '0.1.0' ],
19 silly audit   '@radix-ui/react-use-layout-effect': [ '1.1.1' ],
19 silly audit   '@radix-ui/react-use-previous': [ '1.1.1' ],
19 silly audit   '@radix-ui/react-use-rect': [ '1.1.1' ],
19 silly audit   '@radix-ui/react-use-size': [ '1.1.1' ],
19 silly audit   '@radix-ui/react-visually-hidden': [ '1.2.3' ],
19 silly audit   '@radix-ui/rect': [ '1.1.1' ],
19 silly audit   '@rolldown/pluginutils': [ '1.0.0-beta.27' ],
19 silly audit   '@rollup/rollup-android-arm-eabi': [ '4.52.5' ],
19 silly audit   '@rollup/rollup-android-arm64': [ '4.52.5' ],
19 silly audit   '@rollup/rollup-darwin-arm64': [ '4.52.5' ],
19 silly audit   '@rollup/rollup-darwin-x64': [ '4.52.5' ],
19 silly audit   '@rollup/rollup-freebsd-arm64': [ '4.52.5' ],
19 silly audit   '@rollup/rollup-freebsd-x64': [ '4.52.5' ],
19 silly audit   '@rollup/rollup-linux-arm-gnueabihf': [ '4.52.5' ],
19 silly audit   '@rollup/rollup-linux-arm-musleabihf': [ '4.52.5' ],
19 silly audit   '@rollup/rollup-linux-arm64-gnu': [ '4.52.5' ],
19 silly audit   '@rollup/rollup-linux-arm64-musl': [ '4.52.5' ],
19 silly audit   '@rollup/rollup-linux-loong64-gnu': [ '4.52.5' ],
19 silly audit   '@rollup/rollup-linux-ppc64-gnu': [ '4.52.5' ],
19 silly audit   '@rollup/rollup-linux-riscv64-gnu': [ '4.52.5' ],
19 silly audit   '@rollup/rollup-linux-riscv64-musl': [ '4.52.5' ],
19 silly audit   '@rollup/rollup-linux-s390x-gnu': [ '4.52.5' ],
19 silly audit   '@rollup/rollup-linux-x64-gnu': [ '4.52.5' ],
19 silly audit   '@rollup/rollup-linux-x64-musl': [ '4.52.5' ],
19 silly audit   '@rollup/rollup-openharmony-arm64': [ '4.52.5' ],
19 silly audit   '@rollup/rollup-win32-arm64-msvc': [ '4.52.5' ],
19 silly audit   '@rollup/rollup-win32-ia32-msvc': [ '4.52.5' ],
19 silly audit   '@rollup/rollup-win32-x64-gnu': [ '4.52.5' ],
19 silly audit   '@rollup/rollup-win32-x64-msvc': [ '4.52.5' ],
19 silly audit   '@swc/core': [ '1.13.5' ],
19 silly audit   '@swc/core-darwin-arm64': [ '1.13.5' ],
19 silly audit   '@swc/core-darwin-x64': [ '1.13.5' ],
19 silly audit   '@swc/core-linux-arm-gnueabihf': [ '1.13.5' ],
19 silly audit   '@swc/core-linux-arm64-gnu': [ '1.13.5' ],
19 silly audit   '@swc/core-linux-arm64-musl': [ '1.13.5' ],
19 silly audit   '@swc/core-linux-x64-gnu': [ '1.13.5' ],
19 silly audit   '@swc/core-linux-x64-musl': [ '1.13.5' ],
19 silly audit   '@swc/core-win32-arm64-msvc': [ '1.13.5' ],
19 silly audit   '@swc/core-win32-ia32-msvc': [ '1.13.5' ],
19 silly audit   '@swc/core-win32-x64-msvc': [ '1.13.5' ],
19 silly audit   '@swc/counter': [ '0.1.3' ],
19 silly audit   '@swc/types': [ '0.1.25' ],
19 silly audit   '@tailwindcss/node': [ '4.1.16' ],
19 silly audit   jiti: [ '2.6.1', '1.21.7' ],
19 silly audit   '@tailwindcss/oxide': [ '4.1.16' ],
19 silly audit   '@tailwindcss/oxide-android-arm64': [ '4.1.16' ],
19 silly audit   '@tailwindcss/oxide-darwin-arm64': [ '4.1.16' ],
19 silly audit   '@tailwindcss/oxide-darwin-x64': [ '4.1.16' ],
19 silly audit   '@tailwindcss/oxide-freebsd-x64': [ '4.1.16' ],
19 silly audit   '@tailwindcss/oxide-linux-arm-gnueabihf': [ '4.1.16' ],
19 silly audit   '@tailwindcss/oxide-linux-arm64-gnu': [ '4.1.16' ],
19 silly audit   '@tailwindcss/oxide-linux-arm64-musl': [ '4.1.16' ],
19 silly audit   '@tailwindcss/oxide-linux-x64-gnu': [ '4.1.16' ],
19 silly audit   '@tailwindcss/oxide-linux-x64-musl': [ '4.1.16' ],
19 silly audit   '@tailwindcss/oxide-win32-arm64-msvc': [ '4.1.16' ],
19 silly audit   '@tailwindcss/oxide-win32-x64-msvc': [ '4.1.16' ],
19 silly audit   '@tailwindcss/postcss': [ '4.1.16' ],
19 silly audit   '@types/d3-array': [ '3.2.2' ],
19 silly audit   '@types/d3-color': [ '3.1.3' ],
19 silly audit   '@types/d3-ease': [ '3.0.2' ],
19 silly audit   '@types/d3-interpolate': [ '3.0.4' ],
19 silly audit   '@types/d3-path': [ '3.1.1' ],
19 silly audit   '@types/d3-scale': [ '4.0.9' ],
19 silly audit   '@types/d3-shape': [ '3.1.7' ],
19 silly audit   '@types/d3-time': [ '3.0.4' ],
19 silly audit   '@types/d3-timer': [ '3.0.2' ],
19 silly audit   '@types/estree': [ '1.0.8' ],
19 silly audit   '@types/node': [ '20.19.23' ],
19 silly audit   '@vitejs/plugin-react-swc': [ '3.11.0' ],
19 silly audit   'aria-hidden': [ '1.2.6' ],
19 silly audit   autoprefixer: [ '10.4.21' ],
19 silly audit   'baseline-browser-mapping': [ '2.8.23' ],
19 silly audit   browserslist: [ '4.27.0' ],
19 silly audit   'caniuse-lite': [ '1.0.30001753' ],
19 silly audit   'class-variance-authority': [ '0.7.1' ],
19 silly audit   clsx: [ '2.1.1' ],
19 silly audit   cmdk: [ '1.1.1' ],
19 silly audit   csstype: [ '3.1.3' ],
19 silly audit   'd3-array': [ '3.2.4' ],
19 silly audit   'd3-color': [ '3.1.0' ],
19 silly audit   'd3-ease': [ '3.0.1' ],
19 silly audit   'd3-format': [ '3.1.0' ],
19 silly audit   'd3-interpolate': [ '3.0.1' ],
19 silly audit   'd3-path': [ '3.1.0' ],
19 silly audit   'd3-scale': [ '4.0.2' ],
19 silly audit   'd3-shape': [ '3.2.0' ],
19 silly audit   'd3-time': [ '3.1.0' ],
19 silly audit   'd3-time-format': [ '4.1.0' ],
19 silly audit   'd3-timer': [ '3.0.1' ],
19 silly audit   'date-fns': [ '3.6.0' ],
19 silly audit   'decimal.js-light': [ '2.5.1' ],
19 silly audit   'detect-libc': [ '2.1.2' ],
19 silly audit   'detect-node-es': [ '1.1.0' ],
19 silly audit   'dom-helpers': [ '5.2.1' ],
19 silly audit   'electron-to-chromium': [ '1.5.244' ],
19 silly audit   'embla-carousel': [ '8.6.0' ],
19 silly audit   'embla-carousel-react': [ '8.6.0' ],
19 silly audit   'embla-carousel-reactive-utils': [ '8.6.0' ],
19 silly audit   'enhanced-resolve': [ '5.18.3' ],
19 silly audit   esbuild: [ '0.25.11' ],
19 silly audit   escalade: [ '3.2.0' ],
19 silly audit   eventemitter3: [ '4.0.7' ],
19 silly audit   'fast-equals': [ '5.3.2' ],
19 silly audit   fdir: [ '6.5.0' ],
19 silly audit   'fraction.js': [ '4.3.7' ],
19 silly audit   fsevents: [ '2.3.3' ],
19 silly audit   'get-nonce': [ '1.0.1' ],
19 silly audit   'graceful-fs': [ '4.2.11' ],
19 silly audit   'input-otp': [ '1.4.2' ],
19 silly audit   internmap: [ '2.0.3' ],
19 silly audit   'js-tokens': [ '4.0.0' ],
19 silly audit   lightningcss: [ '1.30.2' ],
19 silly audit   'lightningcss-android-arm64': [ '1.30.2' ],
19 silly audit   'lightningcss-darwin-arm64': [ '1.30.2' ],
19 silly audit   'lightningcss-darwin-x64': [ '1.30.2' ],
19 silly audit   'lightningcss-freebsd-x64': [ '1.30.2' ],
19 silly audit   'lightningcss-linux-arm-gnueabihf': [ '1.30.2' ],
19 silly audit   'lightningcss-linux-arm64-gnu': [ '1.30.2' ],
19 silly audit   'lightningcss-linux-arm64-musl': [ '1.30.2' ],
19 silly audit   'lightningcss-linux-x64-gnu': [ '1.30.2' ],
19 silly audit   'lightningcss-linux-x64-musl': [ '1.30.2' ],
19 silly audit   'lightningcss-win32-arm64-msvc': [ '1.30.2' ],
19 silly audit   'lightningcss-win32-x64-msvc': [ '1.30.2' ],
19 silly audit   lodash: [ '4.17.21' ],
19 silly audit   'loose-envify': [ '1.4.0' ],
19 silly audit   'lucide-react': [ '0.487.0' ],
19 silly audit   'magic-string': [ '0.30.21' ],
19 silly audit   nanoid: [ '3.3.11' ],
19 silly audit   'next-themes': [ '0.4.6' ],
19 silly audit   'node-releases': [ '2.0.27' ],
19 silly audit   'normalize-range': [ '0.1.2' ],
19 silly audit   'object-assign': [ '4.1.1' ],
19 silly audit   picocolors: [ '1.1.1' ],
19 silly audit   picomatch: [ '4.0.3' ],
19 silly audit   postcss: [ '8.5.6' ],
19 silly audit   'postcss-value-parser': [ '4.2.0' ],
19 silly audit   'prop-types': [ '15.8.1' ],
19 silly audit   'react-is': [ '16.13.1', '18.3.1' ],
19 silly audit   react: [ '18.3.1' ],
19 silly audit   'react-day-picker': [ '8.10.1' ],
19 silly audit   'react-dom': [ '18.3.1' ],
19 silly audit   'react-hook-form': [ '7.65.0' ],
19 silly audit   'react-remove-scroll': [ '2.7.1' ],
19 silly audit   'react-remove-scroll-bar': [ '2.3.8' ],
19 silly audit   'react-resizable-panels': [ '2.1.9' ],
19 silly audit   'react-smooth': [ '4.0.4' ],
19 silly audit   'react-style-singleton': [ '2.2.3' ],
19 silly audit   'react-transition-group': [ '4.4.5' ],
19 silly audit   recharts: [ '2.15.4' ],
19 silly audit   'recharts-scale': [ '0.4.5' ],
19 silly audit   rollup: [ '4.52.5' ],
19 silly audit   scheduler: [ '0.23.2' ],
19 silly audit   sonner: [ '2.0.7' ],
19 silly audit   'source-map-js': [ '1.2.1' ],
19 silly audit   'tailwind-merge': [ '3.3.1' ],
19 silly audit   tailwindcss: [ '4.1.16' ],
19 silly audit   tapable: [ '2.3.0' ],
19 silly audit   'tiny-invariant': [ '1.3.3' ],
19 silly audit   tinyglobby: [ '0.2.15' ],
19 silly audit   tslib: [ '2.8.1' ],
19 silly audit   'undici-types': [ '6.21.0' ],
19 silly audit   'update-browserslist-db': [ '1.1.4' ],
19 silly audit   'use-callback-ref': [ '1.3.3' ],
19 silly audit   'use-sidecar': [ '1.1.3' ],
19 silly audit   'use-sync-external-store': [ '1.6.0' ],
19 silly audit   vaul: [ '1.1.2' ],
19 silly audit   'victory-vendor': [ '36.9.2' ],
19 silly audit   vite: [ '6.4.1' ],
19 silly audit   '@tailwindcss/oxide-wasm32-wasi': [ '4.1.16' ]
19 silly audit }
20 verbose reify failed optional dependency /Users/michelleliu/NexusWebsiteV1/node_modules/lightningcss-win32-x64-msvc
21 silly reify mark deleted [
21 silly reify   '/Users/michelleliu/NexusWebsiteV1/node_modules/lightningcss-win32-x64-msvc'
21 silly reify ]
22 verbose reify failed optional dependency /Users/michelleliu/NexusWebsiteV1/node_modules/lightningcss-win32-arm64-msvc
23 silly reify mark deleted [
23 silly reify   '/Users/michelleliu/NexusWebsiteV1/node_modules/lightningcss-win32-arm64-msvc'
23 silly reify ]
24 verbose reify failed optional dependency /Users/michelleliu/NexusWebsiteV1/node_modules/lightningcss-linux-x64-musl
25 silly reify mark deleted [
25 silly reify   '/Users/michelleliu/NexusWebsiteV1/node_modules/lightningcss-linux-x64-musl'
25 silly reify ]
26 verbose reify failed optional dependency /Users/michelleliu/NexusWebsiteV1/node_modules/lightningcss-linux-x64-gnu
27 silly reify mark deleted [
27 silly reify   '/Users/michelleliu/NexusWebsiteV1/node_modules/lightningcss-linux-x64-gnu'
27 silly reify ]
28 verbose reify failed optional dependency /Users/michelleliu/NexusWebsiteV1/node_modules/lightningcss-linux-arm64-musl
29 silly reify mark deleted [
29 silly reify   '/Users/michelleliu/NexusWebsiteV1/node_modules/lightningcss-linux-arm64-musl'
29 silly reify ]
30 verbose reify failed optional dependency /Users/michelleliu/NexusWebsiteV1/node_modules/lightningcss-linux-arm64-gnu
31 silly reify mark deleted [
31 silly reify   '/Users/michelleliu/NexusWebsiteV1/node_modules/lightningcss-linux-arm64-gnu'
31 silly reify ]
32 verbose reify failed optional dependency /Users/michelleliu/NexusWebsiteV1/node_modules/lightningcss-linux-arm-gnueabihf
33 silly reify mark deleted [
33 silly reify   '/Users/michelleliu/NexusWebsiteV1/node_modules/lightningcss-linux-arm-gnueabihf'
33 silly reify ]
34 verbose reify failed optional dependency /Users/michelleliu/NexusWebsiteV1/node_modules/lightningcss-freebsd-x64
35 silly reify mark deleted [
35 silly reify   '/Users/michelleliu/NexusWebsiteV1/node_modules/lightningcss-freebsd-x64'
35 silly reify ]
36 verbose reify failed optional dependency /Users/michelleliu/NexusWebsiteV1/node_modules/lightningcss-darwin-x64
37 silly reify mark deleted [
37 silly reify   '/Users/michelleliu/NexusWebsiteV1/node_modules/lightningcss-darwin-x64'
37 silly reify ]
38 verbose reify failed optional dependency /Users/michelleliu/NexusWebsiteV1/node_modules/lightningcss-android-arm64
39 silly reify mark deleted [
39 silly reify   '/Users/michelleliu/NexusWebsiteV1/node_modules/lightningcss-android-arm64'
39 silly reify ]
40 verbose reify failed optional dependency /Users/michelleliu/NexusWebsiteV1/node_modules/@tailwindcss/oxide-win32-x64-msvc
41 silly reify mark deleted [
41 silly reify   '/Users/michelleliu/NexusWebsiteV1/node_modules/@tailwindcss/oxide-win32-x64-msvc'
41 silly reify ]
42 verbose reify failed optional dependency /Users/michelleliu/NexusWebsiteV1/node_modules/@tailwindcss/oxide-win32-arm64-msvc
43 silly reify mark deleted [
43 silly reify   '/Users/michelleliu/NexusWebsiteV1/node_modules/@tailwindcss/oxide-win32-arm64-msvc'
43 silly reify ]
44 verbose reify failed optional dependency /Users/michelleliu/NexusWebsiteV1/node_modules/@tailwindcss/oxide-linux-x64-musl
45 silly reify mark deleted [
45 silly reify   '/Users/michelleliu/NexusWebsiteV1/node_modules/@tailwindcss/oxide-linux-x64-musl'
45 silly reify ]
46 verbose reify failed optional dependency /Users/michelleliu/NexusWebsiteV1/node_modules/@tailwindcss/oxide-linux-x64-gnu
47 silly reify mark deleted [
47 silly reify   '/Users/michelleliu/NexusWebsiteV1/node_modules/@tailwindcss/oxide-linux-x64-gnu'
47 silly reify ]
48 verbose reify failed optional dependency /Users/michelleliu/NexusWebsiteV1/node_modules/@tailwindcss/oxide-linux-arm64-musl
49 silly reify mark deleted [
49 silly reify   '/Users/michelleliu/NexusWebsiteV1/node_modules/@tailwindcss/oxide-linux-arm64-musl'
49 silly reify ]
50 verbose reify failed optional dependency /Users/michelleliu/NexusWebsiteV1/node_modules/@tailwindcss/oxide-linux-arm64-gnu
51 silly reify mark deleted [
51 silly reify   '/Users/michelleliu/NexusWebsiteV1/node_modules/@tailwindcss/oxide-linux-arm64-gnu'
51 silly reify ]
52 verbose reify failed optional dependency /Users/michelleliu/NexusWebsiteV1/node_modules/@tailwindcss/oxide-linux-arm-gnueabihf
53 silly reify mark deleted [
53 silly reify   '/Users/michelleliu/NexusWebsiteV1/node_modules/@tailwindcss/oxide-linux-arm-gnueabihf'
53 silly reify ]
54 verbose reify failed optional dependency /Users/michelleliu/NexusWebsiteV1/node_modules/@tailwindcss/oxide-freebsd-x64
55 silly reify mark deleted [
55 silly reify   '/Users/michelleliu/NexusWebsiteV1/node_modules/@tailwindcss/oxide-freebsd-x64'
55 silly reify ]
56 verbose reify failed optional dependency /Users/michelleliu/NexusWebsiteV1/node_modules/@tailwindcss/oxide-darwin-x64
57 silly reify mark deleted [
57 silly reify   '/Users/michelleliu/NexusWebsiteV1/node_modules/@tailwindcss/oxide-darwin-x64'
57 silly reify ]
58 verbose reify failed optional dependency /Users/michelleliu/NexusWebsiteV1/node_modules/@tailwindcss/oxide-android-arm64
59 silly reify mark deleted [
59 silly reify   '/Users/michelleliu/NexusWebsiteV1/node_modules/@tailwindcss/oxide-android-arm64'
59 silly reify ]
60 verbose reify failed optional dependency /Users/michelleliu/NexusWebsiteV1/node_modules/@swc/core-win32-x64-msvc
61 silly reify mark deleted [
61 silly reify   '/Users/michelleliu/NexusWebsiteV1/node_modules/@swc/core-win32-x64-msvc'
61 silly reify ]
62 verbose reify failed optional dependency /Users/michelleliu/NexusWebsiteV1/node_modules/@swc/core-win32-ia32-msvc
63 silly reify mark deleted [
63 silly reify   '/Users/michelleliu/NexusWebsiteV1/node_modules/@swc/core-win32-ia32-msvc'
63 silly reify ]
64 verbose reify failed optional dependency /Users/michelleliu/NexusWebsiteV1/node_modules/@swc/core-win32-arm64-msvc
65 silly reify mark deleted [
65 silly reify   '/Users/michelleliu/NexusWebsiteV1/node_modules/@swc/core-win32-arm64-msvc'
65 silly reify ]
66 verbose reify failed optional dependency /Users/michelleliu/NexusWebsiteV1/node_modules/@swc/core-linux-x64-musl
67 silly reify mark deleted [
67 silly reify   '/Users/michelleliu/NexusWebsiteV1/node_modules/@swc/core-linux-x64-musl'
67 silly reify ]
68 verbose reify failed optional dependency /Users/michelleliu/NexusWebsiteV1/node_modules/@swc/core-linux-x64-gnu
69 silly reify mark deleted [
69 silly reify   '/Users/michelleliu/NexusWebsiteV1/node_modules/@swc/core-linux-x64-gnu'
69 silly reify ]
70 verbose reify failed optional dependency /Users/michelleliu/NexusWebsiteV1/node_modules/@swc/core-linux-arm64-musl
71 silly reify mark deleted [
71 silly reify   '/Users/michelleliu/NexusWebsiteV1/node_modules/@swc/core-linux-arm64-musl'
71 silly reify ]
72 verbose reify failed optional dependency /Users/michelleliu/NexusWebsiteV1/node_modules/@swc/core-linux-arm64-gnu
73 silly reify mark deleted [
73 silly reify   '/Users/michelleliu/NexusWebsiteV1/node_modules/@swc/core-linux-arm64-gnu'
73 silly reify ]
74 verbose reify failed optional dependency /Users/michelleliu/NexusWebsiteV1/node_modules/@swc/core-linux-arm-gnueabihf
75 silly reify mark deleted [
75 silly reify   '/Users/michelleliu/NexusWebsiteV1/node_modules/@swc/core-linux-arm-gnueabihf'
75 silly reify ]
76 verbose reify failed optional dependency /Users/michelleliu/NexusWebsiteV1/node_modules/@swc/core-darwin-x64
77 silly reify mark deleted [
77 silly reify   '/Users/michelleliu/NexusWebsiteV1/node_modules/@swc/core-darwin-x64'
77 silly reify ]
78 verbose reify failed optional dependency /Users/michelleliu/NexusWebsiteV1/node_modules/@rollup/rollup-win32-x64-msvc
79 silly reify mark deleted [
79 silly reify   '/Users/michelleliu/NexusWebsiteV1/node_modules/@rollup/rollup-win32-x64-msvc'
79 silly reify ]
80 verbose reify failed optional dependency /Users/michelleliu/NexusWebsiteV1/node_modules/@rollup/rollup-win32-x64-gnu
81 silly reify mark deleted [
81 silly reify   '/Users/michelleliu/NexusWebsiteV1/node_modules/@rollup/rollup-win32-x64-gnu'
81 silly reify ]
82 verbose reify failed optional dependency /Users/michelleliu/NexusWebsiteV1/node_modules/@rollup/rollup-win32-ia32-msvc
83 silly reify mark deleted [
83 silly reify   '/Users/michelleliu/NexusWebsiteV1/node_modules/@rollup/rollup-win32-ia32-msvc'
83 silly reify ]
84 verbose reify failed optional dependency /Users/michelleliu/NexusWebsiteV1/node_modules/@rollup/rollup-win32-arm64-msvc
85 silly reify mark deleted [
85 silly reify   '/Users/michelleliu/NexusWebsiteV1/node_modules/@rollup/rollup-win32-arm64-msvc'
85 silly reify ]
86 verbose reify failed optional dependency /Users/michelleliu/NexusWebsiteV1/node_modules/@rollup/rollup-openharmony-arm64
87 silly reify mark deleted [
87 silly reify   '/Users/michelleliu/NexusWebsiteV1/node_modules/@rollup/rollup-openharmony-arm64'
87 silly reify ]
88 verbose reify failed optional dependency /Users/michelleliu/NexusWebsiteV1/node_modules/@rollup/rollup-linux-x64-musl
89 silly reify mark deleted [
89 silly reify   '/Users/michelleliu/NexusWebsiteV1/node_modules/@rollup/rollup-linux-x64-musl'
89 silly reify ]
90 verbose reify failed optional dependency /Users/michelleliu/NexusWebsiteV1/node_modules/@rollup/rollup-linux-x64-gnu
91 silly reify mark deleted [
91 silly reify   '/Users/michelleliu/NexusWebsiteV1/node_modules/@rollup/rollup-linux-x64-gnu'
91 silly reify ]
92 verbose reify failed optional dependency /Users/michelleliu/NexusWebsiteV1/node_modules/@rollup/rollup-linux-s390x-gnu
93 silly reify mark deleted [
93 silly reify   '/Users/michelleliu/NexusWebsiteV1/node_modules/@rollup/rollup-linux-s390x-gnu'
93 silly reify ]
94 verbose reify failed optional dependency /Users/michelleliu/NexusWebsiteV1/node_modules/@rollup/rollup-linux-riscv64-musl
95 silly reify mark deleted [
95 silly reify   '/Users/michelleliu/NexusWebsiteV1/node_modules/@rollup/rollup-linux-riscv64-musl'
95 silly reify ]
96 verbose reify failed optional dependency /Users/michelleliu/NexusWebsiteV1/node_modules/@rollup/rollup-linux-riscv64-gnu
97 silly reify mark deleted [
97 silly reify   '/Users/michelleliu/NexusWebsiteV1/node_modules/@rollup/rollup-linux-riscv64-gnu'
97 silly reify ]
98 verbose reify failed optional dependency /Users/michelleliu/NexusWebsiteV1/node_modules/@rollup/rollup-linux-ppc64-gnu
99 silly reify mark deleted [
99 silly reify   '/Users/michelleliu/NexusWebsiteV1/node_modules/@rollup/rollup-linux-ppc64-gnu'
99 silly reify ]
100 verbose reify failed optional dependency /Users/michelleliu/NexusWebsiteV1/node_modules/@rollup/rollup-linux-loong64-gnu
101 silly reify mark deleted [
101 silly reify   '/Users/michelleliu/NexusWebsiteV1/node_modules/@rollup/rollup-linux-loong64-gnu'
101 silly reify ]
102 verbose reify failed optional dependency /Users/michelleliu/NexusWebsiteV1/node_modules/@rollup/rollup-linux-arm64-musl
103 silly reify mark deleted [
103 silly reify   '/Users/michelleliu/NexusWebsiteV1/node_modules/@rollup/rollup-linux-arm64-musl'
103 silly reify ]
104 verbose reify failed optional dependency /Users/michelleliu/NexusWebsiteV1/node_modules/@rollup/rollup-linux-arm64-gnu
105 silly reify mark deleted [
105 silly reify   '/Users/michelleliu/NexusWebsiteV1/node_modules/@rollup/rollup-linux-arm64-gnu'
105 silly reify ]
106 verbose reify failed optional dependency /Users/michelleliu/NexusWebsiteV1/node_modules/@rollup/rollup-linux-arm-musleabihf
107 silly reify mark deleted [
107 silly reify   '/Users/michelleliu/NexusWebsiteV1/node_modules/@rollup/rollup-linux-arm-musleabihf'
107 silly reify ]
108 verbose reify failed optional dependency /Users/michelleliu/NexusWebsiteV1/node_modules/@rollup/rollup-linux-arm-gnueabihf
109 silly reify mark deleted [
109 silly reify   '/Users/michelleliu/NexusWebsiteV1/node_modules/@rollup/rollup-linux-arm-gnueabihf'
109 silly reify ]
110 verbose reify failed optional dependency /Users/michelleliu/NexusWebsiteV1/node_modules/@rollup/rollup-freebsd-x64
111 silly reify mark deleted [
111 silly reify   '/Users/michelleliu/NexusWebsiteV1/node_modules/@rollup/rollup-freebsd-x64'
111 silly reify ]
112 verbose reify failed optional dependency /Users/michelleliu/NexusWebsiteV1/node_modules/@rollup/rollup-freebsd-arm64
113 silly reify mark deleted [
113 silly reify   '/Users/michelleliu/NexusWebsiteV1/node_modules/@rollup/rollup-freebsd-arm64'
113 silly reify ]
114 verbose reify failed optional dependency /Users/michelleliu/NexusWebsiteV1/node_modules/@rollup/rollup-darwin-x64
115 silly reify mark deleted [
115 silly reify   '/Users/michelleliu/NexusWebsiteV1/node_modules/@rollup/rollup-darwin-x64'
115 silly reify ]
116 verbose reify failed optional dependency /Users/michelleliu/NexusWebsiteV1/node_modules/@rollup/rollup-android-arm64
117 silly reify mark deleted [
117 silly reify   '/Users/michelleliu/NexusWebsiteV1/node_modules/@rollup/rollup-android-arm64'
117 silly reify ]
118 verbose reify failed optional dependency /Users/michelleliu/NexusWebsiteV1/node_modules/@rollup/rollup-android-arm-eabi
119 silly reify mark deleted [
119 silly reify   '/Users/michelleliu/NexusWebsiteV1/node_modules/@rollup/rollup-android-arm-eabi'
119 silly reify ]
120 verbose reify failed optional dependency /Users/michelleliu/NexusWebsiteV1/node_modules/@esbuild/win32-x64
121 silly reify mark deleted [ '/Users/michelleliu/NexusWebsiteV1/node_modules/@esbuild/win32-x64' ]
122 verbose reify failed optional dependency /Users/michelleliu/NexusWebsiteV1/node_modules/@esbuild/win32-ia32
123 silly reify mark deleted [
123 silly reify   '/Users/michelleliu/NexusWebsiteV1/node_modules/@esbuild/win32-ia32'
123 silly reify ]
124 verbose reify failed optional dependency /Users/michelleliu/NexusWebsiteV1/node_modules/@esbuild/win32-arm64
125 silly reify mark deleted [
125 silly reify   '/Users/michelleliu/NexusWebsiteV1/node_modules/@esbuild/win32-arm64'
125 silly reify ]
126 verbose reify failed optional dependency /Users/michelleliu/NexusWebsiteV1/node_modules/@esbuild/sunos-x64
127 silly reify mark deleted [ '/Users/michelleliu/NexusWebsiteV1/node_modules/@esbuild/sunos-x64' ]
128 verbose reify failed optional dependency /Users/michelleliu/NexusWebsiteV1/node_modules/@esbuild/openharmony-arm64
129 silly reify mark deleted [
129 silly reify   '/Users/michelleliu/NexusWebsiteV1/node_modules/@esbuild/openharmony-arm64'
129 silly reify ]
130 verbose reify failed optional dependency /Users/michelleliu/NexusWebsiteV1/node_modules/@esbuild/openbsd-x64
131 silly reify mark deleted [
131 silly reify   '/Users/michelleliu/NexusWebsiteV1/node_modules/@esbuild/openbsd-x64'
131 silly reify ]
132 verbose reify failed optional dependency /Users/michelleliu/NexusWebsiteV1/node_modules/@esbuild/openbsd-arm64
133 silly reify mark deleted [
133 silly reify   '/Users/michelleliu/NexusWebsiteV1/node_modules/@esbuild/openbsd-arm64'
133 silly reify ]
134 verbose reify failed optional dependency /Users/michelleliu/NexusWebsiteV1/node_modules/@esbuild/netbsd-x64
135 silly reify mark deleted [
135 silly reify   '/Users/michelleliu/NexusWebsiteV1/node_modules/@esbuild/netbsd-x64'
135 silly reify ]
136 verbose reify failed optional dependency /Users/michelleliu/NexusWebsiteV1/node_modules/@esbuild/netbsd-arm64
137 silly reify mark deleted [
137 silly reify   '/Users/michelleliu/NexusWebsiteV1/node_modules/@esbuild/netbsd-arm64'
137 silly reify ]
138 verbose reify failed optional dependency /Users/michelleliu/NexusWebsiteV1/node_modules/@esbuild/linux-x64
139 silly reify mark deleted [ '/Users/michelleliu/NexusWebsiteV1/node_modules/@esbuild/linux-x64' ]
140 verbose reify failed optional dependency /Users/michelleliu/NexusWebsiteV1/node_modules/@esbuild/linux-s390x
141 silly reify mark deleted [
141 silly reify   '/Users/michelleliu/NexusWebsiteV1/node_modules/@esbuild/linux-s390x'
141 silly reify ]
142 verbose reify failed optional dependency /Users/michelleliu/NexusWebsiteV1/node_modules/@esbuild/linux-riscv64
143 silly reify mark deleted [
143 silly reify   '/Users/michelleliu/NexusWebsiteV1/node_modules/@esbuild/linux-riscv64'
143 silly reify ]
144 verbose reify failed optional dependency /Users/michelleliu/NexusWebsiteV1/node_modules/@esbuild/linux-ppc64
145 silly reify mark deleted [
145 silly reify   '/Users/michelleliu/NexusWebsiteV1/node_modules/@esbuild/linux-ppc64'
145 silly reify ]
146 verbose reify failed optional dependency /Users/michelleliu/NexusWebsiteV1/node_modules/@esbuild/linux-mips64el
147 silly reify mark deleted [
147 silly reify   '/Users/michelleliu/NexusWebsiteV1/node_modules/@esbuild/linux-mips64el'
147 silly reify ]
148 verbose reify failed optional dependency /Users/michelleliu/NexusWebsiteV1/node_modules/@esbuild/linux-loong64
149 silly reify mark deleted [
149 silly reify   '/Users/michelleliu/NexusWebsiteV1/node_modules/@esbuild/linux-loong64'
149 silly reify ]
150 verbose reify failed optional dependency /Users/michelleliu/NexusWebsiteV1/node_modules/@esbuild/linux-ia32
151 silly reify mark deleted [
151 silly reify   '/Users/michelleliu/NexusWebsiteV1/node_modules/@esbuild/linux-ia32'
151 silly reify ]
152 verbose reify failed optional dependency /Users/michelleliu/NexusWebsiteV1/node_modules/@esbuild/linux-arm64
153 silly reify mark deleted [
153 silly reify   '/Users/michelleliu/NexusWebsiteV1/node_modules/@esbuild/linux-arm64'
153 silly reify ]
154 verbose reify failed optional dependency /Users/michelleliu/NexusWebsiteV1/node_modules/@esbuild/linux-arm
155 silly reify mark deleted [ '/Users/michelleliu/NexusWebsiteV1/node_modules/@esbuild/linux-arm' ]
156 verbose reify failed optional dependency /Users/michelleliu/NexusWebsiteV1/node_modules/@esbuild/freebsd-x64
157 silly reify mark deleted [
157 silly reify   '/Users/michelleliu/NexusWebsiteV1/node_modules/@esbuild/freebsd-x64'
157 silly reify ]
158 verbose reify failed optional dependency /Users/michelleliu/NexusWebsiteV1/node_modules/@esbuild/freebsd-arm64
159 silly reify mark deleted [
159 silly reify   '/Users/michelleliu/NexusWebsiteV1/node_modules/@esbuild/freebsd-arm64'
159 silly reify ]
160 verbose reify failed optional dependency /Users/michelleliu/NexusWebsiteV1/node_modules/@esbuild/darwin-x64
161 silly reify mark deleted [
161 silly reify   '/Users/michelleliu/NexusWebsiteV1/node_modules/@esbuild/darwin-x64'
161 silly reify ]
162 verbose reify failed optional dependency /Users/michelleliu/NexusWebsiteV1/node_modules/@esbuild/android-x64
163 silly reify mark deleted [
163 silly reify   '/Users/michelleliu/NexusWebsiteV1/node_modules/@esbuild/android-x64'
163 silly reify ]
164 verbose reify failed optional dependency /Users/michelleliu/NexusWebsiteV1/node_modules/@esbuild/android-arm64
165 silly reify mark deleted [
165 silly reify   '/Users/michelleliu/NexusWebsiteV1/node_modules/@esbuild/android-arm64'
165 silly reify ]
166 verbose reify failed optional dependency /Users/michelleliu/NexusWebsiteV1/node_modules/@esbuild/android-arm
167 silly reify mark deleted [
167 silly reify   '/Users/michelleliu/NexusWebsiteV1/node_modules/@esbuild/android-arm'
167 silly reify ]
168 verbose reify failed optional dependency /Users/michelleliu/NexusWebsiteV1/node_modules/@esbuild/aix-ppc64
169 silly reify mark deleted [ '/Users/michelleliu/NexusWebsiteV1/node_modules/@esbuild/aix-ppc64' ]
170 http fetch POST 200 https://registry.npmjs.org/-/npm/v1/security/advisories/bulk 145ms
171 silly audit report {}
172 silly ADD
173 silly ADD
174 silly ADD
175 silly ADD
176 silly ADD
177 silly ADD
178 silly ADD
179 silly ADD
180 silly ADD
181 silly ADD
182 silly ADD
183 silly ADD
184 silly ADD
185 silly ADD
186 silly ADD
187 silly ADD
188 silly ADD
189 silly ADD
190 silly ADD
191 silly ADD
192 silly ADD
193 silly ADD
194 silly ADD
195 silly ADD
196 silly ADD
197 silly ADD
198 silly ADD
199 silly ADD
200 silly ADD
201 silly ADD
202 silly ADD
203 silly ADD
204 silly ADD
205 silly ADD
206 silly ADD
207 silly ADD
208 silly ADD
209 silly ADD
210 silly ADD
211 silly ADD
212 silly ADD
213 silly ADD
214 silly ADD
215 silly ADD
216 silly ADD
217 silly ADD
218 silly ADD
219 silly ADD
220 silly ADD
221 silly ADD
222 silly ADD
223 silly ADD
224 silly ADD
225 silly ADD
226 silly ADD
227 silly ADD
228 silly ADD
229 silly ADD
230 silly ADD
231 silly ADD
232 silly ADD
233 silly ADD
234 silly ADD
235 silly ADD
236 silly ADD
237 silly ADD
238 silly ADD
239 silly ADD
240 silly ADD
241 silly ADD
242 silly ADD
243 silly ADD
244 silly ADD
245 silly ADD
246 silly ADD
247 silly ADD
248 verbose cwd /Users/michelleliu/NexusWebsiteV1
249 verbose os Darwin 24.6.0
250 verbose node v22.21.0
251 verbose npm  v10.9.4
252 verbose exit 0
253 info ok
