0 verbose cli /Users/michelleliu/.nvm/versions/node/v22.21.0/bin/node /Users/michelleliu/.nvm/versions/node/v22.21.0/bin/npm
1 info using npm@10.9.4
2 info using node@v22.21.0
3 silly config load:file:/Users/michelleliu/.nvm/versions/node/v22.21.0/lib/node_modules/npm/npmrc
4 silly config load:file:/Users/michelleliu/NexusWebsiteV1/.npmrc
5 silly config load:file:/Users/michelleliu/.npmrc
6 silly config load:file:/Users/michelleliu/.nvm/versions/node/v22.21.0/etc/npmrc
7 verbose title npm install
8 verbose argv "install"
9 verbose logfile logs-max:10 dir:/Users/michelleliu/NexusWebsiteV1/.npm-cache/_logs/2025-11-04T11_38_06_210Z-
10 verbose logfile /Users/michelleliu/NexusWebsiteV1/.npm-cache/_logs/2025-11-04T11_38_06_210Z-debug-0.log
11 silly logfile start cleaning logs, removing 1 files
12 silly packumentCache heap:4345298944 maxSize:1086324736 maxEntrySize:543162368
13 silly logfile done cleaning log files
14 silly idealTree buildDeps
15 silly fetch manifest tailwindcss@^4.1.16
16 silly packumentCache full:https://registry.npmjs.org/tailwindcss cache-miss
17 http fetch GET 200 https://registry.npmjs.org/tailwindcss 106ms (cache revalidated)
18 silly packumentCache full:https://registry.npmjs.org/tailwindcss set size:9814913 disposed:false
19 silly placeDep ROOT tailwindcss@4.1.16 REPLACE for: Implement Design Code@0.1.0 want: ^4.1.16
20 silly reify mark retired [ '/Users/michelleliu/NexusWebsiteV1/node_modules/@isaacs/cliui' ]
21 silly reify mark retired [
21 silly reify   '/Users/michelleliu/NexusWebsiteV1/node_modules/@nodelib/fs.scandir'
21 silly reify ]
22 silly reify mark retired [ '/Users/michelleliu/NexusWebsiteV1/node_modules/@nodelib/fs.stat' ]
23 silly reify mark retired [ '/Users/michelleliu/NexusWebsiteV1/node_modules/@nodelib/fs.walk' ]
24 silly reify mark retired [ '/Users/michelleliu/NexusWebsiteV1/node_modules/@pkgjs/parseargs' ]
25 silly reify mark retired [
25 silly reify   '/Users/michelleliu/NexusWebsiteV1/node_modules/@tailwindcss/node/node_modules/tailwindcss'
25 silly reify ]
26 silly reify mark retired [
26 silly reify   '/Users/michelleliu/NexusWebsiteV1/node_modules/@tailwindcss/postcss/node_modules/tailwindcss'
26 silly reify ]
27 silly reify mark retired [ '/Users/michelleliu/NexusWebsiteV1/node_modules/ansi-regex' ]
28 silly reify mark retired [ '/Users/michelleliu/NexusWebsiteV1/node_modules/ansi-styles' ]
29 silly reify mark retired [ '/Users/michelleliu/NexusWebsiteV1/node_modules/any-promise' ]
30 silly reify mark retired [ '/Users/michelleliu/NexusWebsiteV1/node_modules/anymatch' ]
31 silly reify mark retired [ '/Users/michelleliu/NexusWebsiteV1/node_modules/arg' ]
32 silly reify mark retired [ '/Users/michelleliu/NexusWebsiteV1/node_modules/balanced-match' ]
33 silly reify mark retired [ '/Users/michelleliu/NexusWebsiteV1/node_modules/binary-extensions' ]
34 silly reify mark retired [ '/Users/michelleliu/NexusWebsiteV1/node_modules/brace-expansion' ]
35 silly reify mark retired [ '/Users/michelleliu/NexusWebsiteV1/node_modules/braces' ]
36 silly reify mark retired [ '/Users/michelleliu/NexusWebsiteV1/node_modules/camelcase-css' ]
37 silly reify mark retired [ '/Users/michelleliu/NexusWebsiteV1/node_modules/chokidar' ]
38 silly reify mark retired [ '/Users/michelleliu/NexusWebsiteV1/node_modules/color-convert' ]
39 silly reify mark retired [ '/Users/michelleliu/NexusWebsiteV1/node_modules/color-name' ]
40 silly reify mark retired [ '/Users/michelleliu/NexusWebsiteV1/node_modules/commander' ]
41 silly reify mark retired [ '/Users/michelleliu/NexusWebsiteV1/node_modules/cross-spawn' ]
42 silly reify mark retired [
42 silly reify   '/Users/michelleliu/NexusWebsiteV1/node_modules/cssesc',
42 silly reify   '/Users/michelleliu/NexusWebsiteV1/node_modules/.bin/cssesc'
42 silly reify ]
43 silly reify mark retired [ '/Users/michelleliu/NexusWebsiteV1/node_modules/didyoumean' ]
44 silly reify mark retired [ '/Users/michelleliu/NexusWebsiteV1/node_modules/dlv' ]
45 silly reify mark retired [ '/Users/michelleliu/NexusWebsiteV1/node_modules/eastasianwidth' ]
46 silly reify mark retired [ '/Users/michelleliu/NexusWebsiteV1/node_modules/emoji-regex' ]
47 silly reify mark retired [ '/Users/michelleliu/NexusWebsiteV1/node_modules/fast-glob' ]
48 silly reify mark retired [ '/Users/michelleliu/NexusWebsiteV1/node_modules/fastq' ]
49 silly reify mark retired [ '/Users/michelleliu/NexusWebsiteV1/node_modules/fill-range' ]
50 silly reify mark retired [ '/Users/michelleliu/NexusWebsiteV1/node_modules/foreground-child' ]
51 silly reify mark retired [ '/Users/michelleliu/NexusWebsiteV1/node_modules/function-bind' ]
52 silly reify mark retired [
52 silly reify   '/Users/michelleliu/NexusWebsiteV1/node_modules/glob',
52 silly reify   '/Users/michelleliu/NexusWebsiteV1/node_modules/.bin/glob'
52 silly reify ]
53 silly reify mark retired [ '/Users/michelleliu/NexusWebsiteV1/node_modules/glob-parent' ]
54 silly reify mark retired [ '/Users/michelleliu/NexusWebsiteV1/node_modules/hasown' ]
55 silly reify mark retired [ '/Users/michelleliu/NexusWebsiteV1/node_modules/is-binary-path' ]
56 silly reify mark retired [ '/Users/michelleliu/NexusWebsiteV1/node_modules/is-core-module' ]
57 silly reify mark retired [ '/Users/michelleliu/NexusWebsiteV1/node_modules/is-extglob' ]
58 silly reify mark retired [
58 silly reify   '/Users/michelleliu/NexusWebsiteV1/node_modules/is-fullwidth-code-point'
58 silly reify ]
59 silly reify mark retired [ '/Users/michelleliu/NexusWebsiteV1/node_modules/is-glob' ]
60 silly reify mark retired [ '/Users/michelleliu/NexusWebsiteV1/node_modules/is-number' ]
61 silly reify mark retired [ '/Users/michelleliu/NexusWebsiteV1/node_modules/isexe' ]
62 silly reify mark retired [ '/Users/michelleliu/NexusWebsiteV1/node_modules/jackspeak' ]
63 silly reify mark retired [ '/Users/michelleliu/NexusWebsiteV1/node_modules/lilconfig' ]
64 silly reify mark retired [ '/Users/michelleliu/NexusWebsiteV1/node_modules/lines-and-columns' ]
65 silly reify mark retired [ '/Users/michelleliu/NexusWebsiteV1/node_modules/lru-cache' ]
66 silly reify mark retired [ '/Users/michelleliu/NexusWebsiteV1/node_modules/merge2' ]
67 silly reify mark retired [ '/Users/michelleliu/NexusWebsiteV1/node_modules/micromatch' ]
68 silly reify mark retired [ '/Users/michelleliu/NexusWebsiteV1/node_modules/minimatch' ]
69 silly reify mark retired [ '/Users/michelleliu/NexusWebsiteV1/node_modules/minipass' ]
70 silly reify mark retired [ '/Users/michelleliu/NexusWebsiteV1/node_modules/mz' ]
71 silly reify mark retired [ '/Users/michelleliu/NexusWebsiteV1/node_modules/normalize-path' ]
72 silly reify mark retired [ '/Users/michelleliu/NexusWebsiteV1/node_modules/object-hash' ]
73 silly reify mark retired [
73 silly reify   '/Users/michelleliu/NexusWebsiteV1/node_modules/package-json-from-dist'
73 silly reify ]
74 silly reify mark retired [ '/Users/michelleliu/NexusWebsiteV1/node_modules/path-key' ]
75 silly reify mark retired [ '/Users/michelleliu/NexusWebsiteV1/node_modules/path-parse' ]
76 silly reify mark retired [ '/Users/michelleliu/NexusWebsiteV1/node_modules/path-scurry' ]
77 silly reify mark retired [ '/Users/michelleliu/NexusWebsiteV1/node_modules/pify' ]
78 silly reify mark retired [ '/Users/michelleliu/NexusWebsiteV1/node_modules/pirates' ]
79 silly reify mark retired [ '/Users/michelleliu/NexusWebsiteV1/node_modules/postcss-import' ]
80 silly reify mark retired [ '/Users/michelleliu/NexusWebsiteV1/node_modules/postcss-js' ]
81 silly reify mark retired [
81 silly reify   '/Users/michelleliu/NexusWebsiteV1/node_modules/postcss-load-config'
81 silly reify ]
82 silly reify mark retired [ '/Users/michelleliu/NexusWebsiteV1/node_modules/postcss-nested' ]
83 silly reify mark retired [
83 silly reify   '/Users/michelleliu/NexusWebsiteV1/node_modules/postcss-selector-parser'
83 silly reify ]
84 silly reify mark retired [ '/Users/michelleliu/NexusWebsiteV1/node_modules/queue-microtask' ]
85 silly reify mark retired [ '/Users/michelleliu/NexusWebsiteV1/node_modules/read-cache' ]
86 silly reify mark retired [ '/Users/michelleliu/NexusWebsiteV1/node_modules/readdirp' ]
87 silly reify mark retired [
87 silly reify   '/Users/michelleliu/NexusWebsiteV1/node_modules/resolve',
87 silly reify   '/Users/michelleliu/NexusWebsiteV1/node_modules/.bin/resolve'
87 silly reify ]
88 silly reify mark retired [ '/Users/michelleliu/NexusWebsiteV1/node_modules/reusify' ]
89 silly reify mark retired [ '/Users/michelleliu/NexusWebsiteV1/node_modules/run-parallel' ]
90 silly reify mark retired [ '/Users/michelleliu/NexusWebsiteV1/node_modules/shebang-command' ]
91 silly reify mark retired [ '/Users/michelleliu/NexusWebsiteV1/node_modules/shebang-regex' ]
92 silly reify mark retired [ '/Users/michelleliu/NexusWebsiteV1/node_modules/signal-exit' ]
93 silly reify mark retired [ '/Users/michelleliu/NexusWebsiteV1/node_modules/string-width' ]
94 silly reify mark retired [ '/Users/michelleliu/NexusWebsiteV1/node_modules/string-width-cjs' ]
95 silly reify mark retired [ '/Users/michelleliu/NexusWebsiteV1/node_modules/strip-ansi' ]
96 silly reify mark retired [ '/Users/michelleliu/NexusWebsiteV1/node_modules/strip-ansi-cjs' ]
97 silly reify mark retired [
97 silly reify   '/Users/michelleliu/NexusWebsiteV1/node_modules/sucrase',
97 silly reify   '/Users/michelleliu/NexusWebsiteV1/node_modules/.bin/sucrase',
97 silly reify   '/Users/michelleliu/NexusWebsiteV1/node_modules/.bin/sucrase-node'
97 silly reify ]
98 silly reify mark retired [
98 silly reify   '/Users/michelleliu/NexusWebsiteV1/node_modules/supports-preserve-symlinks-flag'
98 silly reify ]
99 silly reify mark retired [
99 silly reify   '/Users/michelleliu/NexusWebsiteV1/node_modules/tailwindcss',
99 silly reify   '/Users/michelleliu/NexusWebsiteV1/node_modules/.bin/tailwind',
99 silly reify   '/Users/michelleliu/NexusWebsiteV1/node_modules/.bin/tailwindcss'
99 silly reify ]
100 silly reify mark retired [ '/Users/michelleliu/NexusWebsiteV1/node_modules/thenify' ]
101 silly reify mark retired [ '/Users/michelleliu/NexusWebsiteV1/node_modules/thenify-all' ]
102 silly reify mark retired [ '/Users/michelleliu/NexusWebsiteV1/node_modules/to-regex-range' ]
103 silly reify mark retired [
103 silly reify   '/Users/michelleliu/NexusWebsiteV1/node_modules/ts-interface-checker'
103 silly reify ]
104 silly reify mark retired [ '/Users/michelleliu/NexusWebsiteV1/node_modules/util-deprecate' ]
105 silly reify mark retired [
105 silly reify   '/Users/michelleliu/NexusWebsiteV1/node_modules/which',
105 silly reify   '/Users/michelleliu/NexusWebsiteV1/node_modules/.bin/node-which'
105 silly reify ]
106 silly reify mark retired [ '/Users/michelleliu/NexusWebsiteV1/node_modules/wrap-ansi' ]
107 silly reify mark retired [ '/Users/michelleliu/NexusWebsiteV1/node_modules/wrap-ansi-cjs' ]
108 silly reify moves {
108 silly reify   '/Users/michelleliu/NexusWebsiteV1/node_modules/@isaacs/cliui': '/Users/michelleliu/NexusWebsiteV1/node_modules/@isaacs/.cliui-FB8ZMQr8',
108 silly reify   '/Users/michelleliu/NexusWebsiteV1/node_modules/@nodelib/fs.scandir': '/Users/michelleliu/NexusWebsiteV1/node_modules/@nodelib/.fs.scandir-Eq0kBA13',
108 silly reify   '/Users/michelleliu/NexusWebsiteV1/node_modules/@nodelib/fs.stat': '/Users/michelleliu/NexusWebsiteV1/node_modules/@nodelib/.fs.stat-ktXDQdxR',
108 silly reify   '/Users/michelleliu/NexusWebsiteV1/node_modules/@nodelib/fs.walk': '/Users/michelleliu/NexusWebsiteV1/node_modules/@nodelib/.fs.walk-NrixzU69',
108 silly reify   '/Users/michelleliu/NexusWebsiteV1/node_modules/@pkgjs/parseargs': '/Users/michelleliu/NexusWebsiteV1/node_modules/@pkgjs/.parseargs-AF3ZVbay',
108 silly reify   '/Users/michelleliu/NexusWebsiteV1/node_modules/@tailwindcss/node/node_modules/tailwindcss': '/Users/michelleliu/NexusWebsiteV1/node_modules/@tailwindcss/node/node_modules/.tailwindcss-omtTOdF0',
108 silly reify   '/Users/michelleliu/NexusWebsiteV1/node_modules/@tailwindcss/postcss/node_modules/tailwindcss': '/Users/michelleliu/NexusWebsiteV1/node_modules/@tailwindcss/postcss/node_modules/.tailwindcss-KRNRBQCn',
108 silly reify   '/Users/michelleliu/NexusWebsiteV1/node_modules/ansi-regex': '/Users/michelleliu/NexusWebsiteV1/node_modules/.ansi-regex-2zYIfKmC',
108 silly reify   '/Users/michelleliu/NexusWebsiteV1/node_modules/ansi-styles': '/Users/michelleliu/NexusWebsiteV1/node_modules/.ansi-styles-fmhZGSSC',
108 silly reify   '/Users/michelleliu/NexusWebsiteV1/node_modules/any-promise': '/Users/michelleliu/NexusWebsiteV1/node_modules/.any-promise-QaTH24F6',
108 silly reify   '/Users/michelleliu/NexusWebsiteV1/node_modules/anymatch': '/Users/michelleliu/NexusWebsiteV1/node_modules/.anymatch-Ax3hji7f',
108 silly reify   '/Users/michelleliu/NexusWebsiteV1/node_modules/arg': '/Users/michelleliu/NexusWebsiteV1/node_modules/.arg-ka0UALCz',
108 silly reify   '/Users/michelleliu/NexusWebsiteV1/node_modules/balanced-match': '/Users/michelleliu/NexusWebsiteV1/node_modules/.balanced-match-8vkZTYBT',
108 silly reify   '/Users/michelleliu/NexusWebsiteV1/node_modules/binary-extensions': '/Users/michelleliu/NexusWebsiteV1/node_modules/.binary-extensions-ItOhpPWy',
108 silly reify   '/Users/michelleliu/NexusWebsiteV1/node_modules/brace-expansion': '/Users/michelleliu/NexusWebsiteV1/node_modules/.brace-expansion-oD165VGt',
108 silly reify   '/Users/michelleliu/NexusWebsiteV1/node_modules/braces': '/Users/michelleliu/NexusWebsiteV1/node_modules/.braces-1Y3SwXRi',
108 silly reify   '/Users/michelleliu/NexusWebsiteV1/node_modules/camelcase-css': '/Users/michelleliu/NexusWebsiteV1/node_modules/.camelcase-css-huRYod1h',
108 silly reify   '/Users/michelleliu/NexusWebsiteV1/node_modules/chokidar': '/Users/michelleliu/NexusWebsiteV1/node_modules/.chokidar-InOnynIe',
108 silly reify   '/Users/michelleliu/NexusWebsiteV1/node_modules/color-convert': '/Users/michelleliu/NexusWebsiteV1/node_modules/.color-convert-a6MMK5ho',
108 silly reify   '/Users/michelleliu/NexusWebsiteV1/node_modules/color-name': '/Users/michelleliu/NexusWebsiteV1/node_modules/.color-name-vtg9ln5b',
108 silly reify   '/Users/michelleliu/NexusWebsiteV1/node_modules/commander': '/Users/michelleliu/NexusWebsiteV1/node_modules/.commander-9fLfxjzA',
108 silly reify   '/Users/michelleliu/NexusWebsiteV1/node_modules/cross-spawn': '/Users/michelleliu/NexusWebsiteV1/node_modules/.cross-spawn-n5ytdKrb',
108 silly reify   '/Users/michelleliu/NexusWebsiteV1/node_modules/cssesc': '/Users/michelleliu/NexusWebsiteV1/node_modules/.cssesc-503yXzYG',
108 silly reify   '/Users/michelleliu/NexusWebsiteV1/node_modules/.bin/cssesc': '/Users/michelleliu/NexusWebsiteV1/node_modules/.bin/.cssesc-74crJ3KR',
108 silly reify   '/Users/michelleliu/NexusWebsiteV1/node_modules/didyoumean': '/Users/michelleliu/NexusWebsiteV1/node_modules/.didyoumean-gmBBbEKI',
108 silly reify   '/Users/michelleliu/NexusWebsiteV1/node_modules/dlv': '/Users/michelleliu/NexusWebsiteV1/node_modules/.dlv-sO4Iiij0',
108 silly reify   '/Users/michelleliu/NexusWebsiteV1/node_modules/eastasianwidth': '/Users/michelleliu/NexusWebsiteV1/node_modules/.eastasianwidth-09XOImYn',
108 silly reify   '/Users/michelleliu/NexusWebsiteV1/node_modules/emoji-regex': '/Users/michelleliu/NexusWebsiteV1/node_modules/.emoji-regex-F6tMQ0Kn',
108 silly reify   '/Users/michelleliu/NexusWebsiteV1/node_modules/fast-glob': '/Users/michelleliu/NexusWebsiteV1/node_modules/.fast-glob-ZZQajMJb',
108 silly reify   '/Users/michelleliu/NexusWebsiteV1/node_modules/fastq': '/Users/michelleliu/NexusWebsiteV1/node_modules/.fastq-XJezL1mZ',
108 silly reify   '/Users/michelleliu/NexusWebsiteV1/node_modules/fill-range': '/Users/michelleliu/NexusWebsiteV1/node_modules/.fill-range-vS7qPILD',
108 silly reify   '/Users/michelleliu/NexusWebsiteV1/node_modules/foreground-child': '/Users/michelleliu/NexusWebsiteV1/node_modules/.foreground-child-JUaTA3Xt',
108 silly reify   '/Users/michelleliu/NexusWebsiteV1/node_modules/function-bind': '/Users/michelleliu/NexusWebsiteV1/node_modules/.function-bind-2zSLtUHG',
108 silly reify   '/Users/michelleliu/NexusWebsiteV1/node_modules/glob': '/Users/michelleliu/NexusWebsiteV1/node_modules/.glob-Zfa1nJfw',
108 silly reify   '/Users/michelleliu/NexusWebsiteV1/node_modules/.bin/glob': '/Users/michelleliu/NexusWebsiteV1/node_modules/.bin/.glob-Bb2K5VSG',
108 silly reify   '/Users/michelleliu/NexusWebsiteV1/node_modules/glob-parent': '/Users/michelleliu/NexusWebsiteV1/node_modules/.glob-parent-S5wyqBwc',
108 silly reify   '/Users/michelleliu/NexusWebsiteV1/node_modules/hasown': '/Users/michelleliu/NexusWebsiteV1/node_modules/.hasown-PiPUPvhl',
108 silly reify   '/Users/michelleliu/NexusWebsiteV1/node_modules/is-binary-path': '/Users/michelleliu/NexusWebsiteV1/node_modules/.is-binary-path-fyRVc0Ad',
108 silly reify   '/Users/michelleliu/NexusWebsiteV1/node_modules/is-core-module': '/Users/michelleliu/NexusWebsiteV1/node_modules/.is-core-module-F1qjb5rw',
108 silly reify   '/Users/michelleliu/NexusWebsiteV1/node_modules/is-extglob': '/Users/michelleliu/NexusWebsiteV1/node_modules/.is-extglob-ckzyPxhZ',
108 silly reify   '/Users/michelleliu/NexusWebsiteV1/node_modules/is-fullwidth-code-point': '/Users/michelleliu/NexusWebsiteV1/node_modules/.is-fullwidth-code-point-TQh0h1Gm',
108 silly reify   '/Users/michelleliu/NexusWebsiteV1/node_modules/is-glob': '/Users/michelleliu/NexusWebsiteV1/node_modules/.is-glob-P6j3udLk',
108 silly reify   '/Users/michelleliu/NexusWebsiteV1/node_modules/is-number': '/Users/michelleliu/NexusWebsiteV1/node_modules/.is-number-nqE7Q06I',
108 silly reify   '/Users/michelleliu/NexusWebsiteV1/node_modules/isexe': '/Users/michelleliu/NexusWebsiteV1/node_modules/.isexe-Qp5pC1Fe',
108 silly reify   '/Users/michelleliu/NexusWebsiteV1/node_modules/jackspeak': '/Users/michelleliu/NexusWebsiteV1/node_modules/.jackspeak-F5lhpbpq',
108 silly reify   '/Users/michelleliu/NexusWebsiteV1/node_modules/lilconfig': '/Users/michelleliu/NexusWebsiteV1/node_modules/.lilconfig-C5r630aS',
108 silly reify   '/Users/michelleliu/NexusWebsiteV1/node_modules/lines-and-columns': '/Users/michelleliu/NexusWebsiteV1/node_modules/.lines-and-columns-P2magv7K',
108 silly reify   '/Users/michelleliu/NexusWebsiteV1/node_modules/lru-cache': '/Users/michelleliu/NexusWebsiteV1/node_modules/.lru-cache-WKoeCDoB',
108 silly reify   '/Users/michelleliu/NexusWebsiteV1/node_modules/merge2': '/Users/michelleliu/NexusWebsiteV1/node_modules/.merge2-vHoh54iO',
108 silly reify   '/Users/michelleliu/NexusWebsiteV1/node_modules/micromatch': '/Users/michelleliu/NexusWebsiteV1/node_modules/.micromatch-olmUCTp8',
108 silly reify   '/Users/michelleliu/NexusWebsiteV1/node_modules/minimatch': '/Users/michelleliu/NexusWebsiteV1/node_modules/.minimatch-WUTG1kzg',
108 silly reify   '/Users/michelleliu/NexusWebsiteV1/node_modules/minipass': '/Users/michelleliu/NexusWebsiteV1/node_modules/.minipass-LjN82Qa7',
108 silly reify   '/Users/michelleliu/NexusWebsiteV1/node_modules/mz': '/Users/michelleliu/NexusWebsiteV1/node_modules/.mz-kkhDkmPC',
108 silly reify   '/Users/michelleliu/NexusWebsiteV1/node_modules/normalize-path': '/Users/michelleliu/NexusWebsiteV1/node_modules/.normalize-path-mHhRRUYl',
108 silly reify   '/Users/michelleliu/NexusWebsiteV1/node_modules/object-hash': '/Users/michelleliu/NexusWebsiteV1/node_modules/.object-hash-9pPIcSCy',
108 silly reify   '/Users/michelleliu/NexusWebsiteV1/node_modules/package-json-from-dist': '/Users/michelleliu/NexusWebsiteV1/node_modules/.package-json-from-dist-KcPwNd1c',
108 silly reify   '/Users/michelleliu/NexusWebsiteV1/node_modules/path-key': '/Users/michelleliu/NexusWebsiteV1/node_modules/.path-key-lKnAHH8Y',
108 silly reify   '/Users/michelleliu/NexusWebsiteV1/node_modules/path-parse': '/Users/michelleliu/NexusWebsiteV1/node_modules/.path-parse-PDevsCVu',
108 silly reify   '/Users/michelleliu/NexusWebsiteV1/node_modules/path-scurry': '/Users/michelleliu/NexusWebsiteV1/node_modules/.path-scurry-AlD6hlc0',
108 silly reify   '/Users/michelleliu/NexusWebsiteV1/node_modules/pify': '/Users/michelleliu/NexusWebsiteV1/node_modules/.pify-D7r9QRGF',
108 silly reify   '/Users/michelleliu/NexusWebsiteV1/node_modules/pirates': '/Users/michelleliu/NexusWebsiteV1/node_modules/.pirates-4Y9ReM3L',
108 silly reify   '/Users/michelleliu/NexusWebsiteV1/node_modules/postcss-import': '/Users/michelleliu/NexusWebsiteV1/node_modules/.postcss-import-nw2i33Zz',
108 silly reify   '/Users/michelleliu/NexusWebsiteV1/node_modules/postcss-js': '/Users/michelleliu/NexusWebsiteV1/node_modules/.postcss-js-1qUbvjG1',
108 silly reify   '/Users/michelleliu/NexusWebsiteV1/node_modules/postcss-load-config': '/Users/michelleliu/NexusWebsiteV1/node_modules/.postcss-load-config-7GQvfgmg',
108 silly reify   '/Users/michelleliu/NexusWebsiteV1/node_modules/postcss-nested': '/Users/michelleliu/NexusWebsiteV1/node_modules/.postcss-nested-SjLPXfEG',
108 silly reify   '/Users/michelleliu/NexusWebsiteV1/node_modules/postcss-selector-parser': '/Users/michelleliu/NexusWebsiteV1/node_modules/.postcss-selector-parser-c8qh8gJB',
108 silly reify   '/Users/michelleliu/NexusWebsiteV1/node_modules/queue-microtask': '/Users/michelleliu/NexusWebsiteV1/node_modules/.queue-microtask-ewGGdqks',
108 silly reify   '/Users/michelleliu/NexusWebsiteV1/node_modules/read-cache': '/Users/michelleliu/NexusWebsiteV1/node_modules/.read-cache-WpwUKUSE',
108 silly reify   '/Users/michelleliu/NexusWebsiteV1/node_modules/readdirp': '/Users/michelleliu/NexusWebsiteV1/node_modules/.readdirp-iEiZlJyC',
108 silly reify   '/Users/michelleliu/NexusWebsiteV1/node_modules/resolve': '/Users/michelleliu/NexusWebsiteV1/node_modules/.resolve-haIO9lTH',
108 silly reify   '/Users/michelleliu/NexusWebsiteV1/node_modules/.bin/resolve': '/Users/michelleliu/NexusWebsiteV1/node_modules/.bin/.resolve-9TVBfE7C',
108 silly reify   '/Users/michelleliu/NexusWebsiteV1/node_modules/reusify': '/Users/michelleliu/NexusWebsiteV1/node_modules/.reusify-dCJLUo6n',
108 silly reify   '/Users/michelleliu/NexusWebsiteV1/node_modules/run-parallel': '/Users/michelleliu/NexusWebsiteV1/node_modules/.run-parallel-7rEnSS6J',
108 silly reify   '/Users/michelleliu/NexusWebsiteV1/node_modules/shebang-command': '/Users/michelleliu/NexusWebsiteV1/node_modules/.shebang-command-XMNGMGRu',
108 silly reify   '/Users/michelleliu/NexusWebsiteV1/node_modules/shebang-regex': '/Users/michelleliu/NexusWebsiteV1/node_modules/.shebang-regex-1jUzXzwK',
108 silly reify   '/Users/michelleliu/NexusWebsiteV1/node_modules/signal-exit': '/Users/michelleliu/NexusWebsiteV1/node_modules/.signal-exit-wglzFRm3',
108 silly reify   '/Users/michelleliu/NexusWebsiteV1/node_modules/string-width': '/Users/michelleliu/NexusWebsiteV1/node_modules/.string-width-kgMUsjk6',
108 silly reify   '/Users/michelleliu/NexusWebsiteV1/node_modules/string-width-cjs': '/Users/michelleliu/NexusWebsiteV1/node_modules/.string-width-cjs-2SyAaLSR',
108 silly reify   '/Users/michelleliu/NexusWebsiteV1/node_modules/strip-ansi': '/Users/michelleliu/NexusWebsiteV1/node_modules/.strip-ansi-cCjzRznm',
108 silly reify   '/Users/michelleliu/NexusWebsiteV1/node_modules/strip-ansi-cjs': '/Users/michelleliu/NexusWebsiteV1/node_modules/.strip-ansi-cjs-2zIP4KfE',
108 silly reify   '/Users/michelleliu/NexusWebsiteV1/node_modules/sucrase': '/Users/michelleliu/NexusWebsiteV1/node_modules/.sucrase-eV6UU9Hm',
108 silly reify   '/Users/michelleliu/NexusWebsiteV1/node_modules/.bin/sucrase': '/Users/michelleliu/NexusWebsiteV1/node_modules/.bin/.sucrase-GHl8SpFy',
108 silly reify   '/Users/michelleliu/NexusWebsiteV1/node_modules/.bin/sucrase-node': '/Users/michelleliu/NexusWebsiteV1/node_modules/.bin/.sucrase-node-xZmL6B5r',
108 silly reify   '/Users/michelleliu/NexusWebsiteV1/node_modules/supports-preserve-symlinks-flag': '/Users/michelleliu/NexusWebsiteV1/node_modules/.supports-preserve-symlinks-flag-cKbpn0wP',
108 silly reify   '/Users/michelleliu/NexusWebsiteV1/node_modules/tailwindcss': '/Users/michelleliu/NexusWebsiteV1/node_modules/.tailwindcss-PwMw0JO4',
108 silly reify   '/Users/michelleliu/NexusWebsiteV1/node_modules/.bin/tailwind': '/Users/michelleliu/NexusWebsiteV1/node_modules/.bin/.tailwind-5CZp5RcU',
108 silly reify   '/Users/michelleliu/NexusWebsiteV1/node_modules/.bin/tailwindcss': '/Users/michelleliu/NexusWebsiteV1/node_modules/.bin/.tailwindcss-JbK3A8C8',
108 silly reify   '/Users/michelleliu/NexusWebsiteV1/node_modules/thenify': '/Users/michelleliu/NexusWebsiteV1/node_modules/.thenify-Z3azvkxn',
108 silly reify   '/Users/michelleliu/NexusWebsiteV1/node_modules/thenify-all': '/Users/michelleliu/NexusWebsiteV1/node_modules/.thenify-all-YIYa0FXC',
108 silly reify   '/Users/michelleliu/NexusWebsiteV1/node_modules/to-regex-range': '/Users/michelleliu/NexusWebsiteV1/node_modules/.to-regex-range-R8V15yS2',
108 silly reify   '/Users/michelleliu/NexusWebsiteV1/node_modules/ts-interface-checker': '/Users/michelleliu/NexusWebsiteV1/node_modules/.ts-interface-checker-YkDgyosr',
108 silly reify   '/Users/michelleliu/NexusWebsiteV1/node_modules/util-deprecate': '/Users/michelleliu/NexusWebsiteV1/node_modules/.util-deprecate-H84ev5wY',
108 silly reify   '/Users/michelleliu/NexusWebsiteV1/node_modules/which': '/Users/michelleliu/NexusWebsiteV1/node_modules/.which-fOq9M8c1',
108 silly reify   '/Users/michelleliu/NexusWebsiteV1/node_modules/.bin/node-which': '/Users/michelleliu/NexusWebsiteV1/node_modules/.bin/.node-which-Yt41MQz0',
108 silly reify   '/Users/michelleliu/NexusWebsiteV1/node_modules/wrap-ansi': '/Users/michelleliu/NexusWebsiteV1/node_modules/.wrap-ansi-6LsUbx1J',
108 silly reify   '/Users/michelleliu/NexusWebsiteV1/node_modules/wrap-ansi-cjs': '/Users/michelleliu/NexusWebsiteV1/node_modules/.wrap-ansi-cjs-2p9naSrN'
108 silly reify }
109 verbose reify failed optional dependency /Users/michelleliu/NexusWebsiteV1/node_modules/@tailwindcss/oxide-wasm32-wasi
110 silly reify mark deleted [
110 silly reify   '/Users/michelleliu/NexusWebsiteV1/node_modules/@tailwindcss/oxide-wasm32-wasi'
110 silly reify ]
111 silly audit bulk request {
111 silly audit   '@alloc/quick-lru': [ '5.2.0' ],
111 silly audit   '@babel/runtime': [ '7.28.4' ],
111 silly audit   '@esbuild/aix-ppc64': [ '0.25.12' ],
111 silly audit   '@esbuild/android-arm': [ '0.25.12' ],
111 silly audit   '@esbuild/android-arm64': [ '0.25.12' ],
111 silly audit   '@esbuild/android-x64': [ '0.25.12' ],
111 silly audit   '@esbuild/darwin-arm64': [ '0.25.12' ],
111 silly audit   '@esbuild/darwin-x64': [ '0.25.12' ],
111 silly audit   '@esbuild/freebsd-arm64': [ '0.25.12' ],
111 silly audit   '@esbuild/freebsd-x64': [ '0.25.12' ],
111 silly audit   '@esbuild/linux-arm': [ '0.25.12' ],
111 silly audit   '@esbuild/linux-arm64': [ '0.25.12' ],
111 silly audit   '@esbuild/linux-ia32': [ '0.25.12' ],
111 silly audit   '@esbuild/linux-loong64': [ '0.25.12' ],
111 silly audit   '@esbuild/linux-mips64el': [ '0.25.12' ],
111 silly audit   '@esbuild/linux-ppc64': [ '0.25.12' ],
111 silly audit   '@esbuild/linux-riscv64': [ '0.25.12' ],
111 silly audit   '@esbuild/linux-s390x': [ '0.25.12' ],
111 silly audit   '@esbuild/linux-x64': [ '0.25.12' ],
111 silly audit   '@esbuild/netbsd-arm64': [ '0.25.12' ],
111 silly audit   '@esbuild/netbsd-x64': [ '0.25.12' ],
111 silly audit   '@esbuild/openbsd-arm64': [ '0.25.12' ],
111 silly audit   '@esbuild/openbsd-x64': [ '0.25.12' ],
111 silly audit   '@esbuild/openharmony-arm64': [ '0.25.12' ],
111 silly audit   '@esbuild/sunos-x64': [ '0.25.12' ],
111 silly audit   '@esbuild/win32-arm64': [ '0.25.12' ],
111 silly audit   '@esbuild/win32-ia32': [ '0.25.12' ],
111 silly audit   '@esbuild/win32-x64': [ '0.25.12' ],
111 silly audit   '@floating-ui/core': [ '1.7.3' ],
111 silly audit   '@floating-ui/dom': [ '1.7.4' ],
111 silly audit   '@floating-ui/react-dom': [ '2.1.6' ],
111 silly audit   '@floating-ui/utils': [ '0.2.10' ],
111 silly audit   '@jridgewell/gen-mapping': [ '0.3.13' ],
111 silly audit   '@jridgewell/remapping': [ '2.3.5' ],
111 silly audit   '@jridgewell/resolve-uri': [ '3.1.2' ],
111 silly audit   '@jridgewell/sourcemap-codec': [ '1.5.5' ],
111 silly audit   '@jridgewell/trace-mapping': [ '0.3.31' ],
111 silly audit   '@radix-ui/number': [ '1.1.1' ],
111 silly audit   '@radix-ui/primitive': [ '1.1.3' ],
111 silly audit   '@radix-ui/react-accordion': [ '1.2.12' ],
111 silly audit   '@radix-ui/react-alert-dialog': [ '1.1.15' ],
111 silly audit   '@radix-ui/react-arrow': [ '1.1.7' ],
111 silly audit   '@radix-ui/react-aspect-ratio': [ '1.1.7' ],
111 silly audit   '@radix-ui/react-avatar': [ '1.1.10' ],
111 silly audit   '@radix-ui/react-checkbox': [ '1.3.3' ],
111 silly audit   '@radix-ui/react-collapsible': [ '1.1.12' ],
111 silly audit   '@radix-ui/react-collection': [ '1.1.7' ],
111 silly audit   '@radix-ui/react-compose-refs': [ '1.1.2' ],
111 silly audit   '@radix-ui/react-context': [ '1.1.2' ],
111 silly audit   '@radix-ui/react-context-menu': [ '2.2.16' ],
111 silly audit   '@radix-ui/react-dialog': [ '1.1.15' ],
111 silly audit   '@radix-ui/react-direction': [ '1.1.1' ],
111 silly audit   '@radix-ui/react-dismissable-layer': [ '1.1.11' ],
111 silly audit   '@radix-ui/react-dropdown-menu': [ '2.1.16' ],
111 silly audit   '@radix-ui/react-focus-guards': [ '1.1.3' ],
111 silly audit   '@radix-ui/react-focus-scope': [ '1.1.7' ],
111 silly audit   '@radix-ui/react-hover-card': [ '1.1.15' ],
111 silly audit   '@radix-ui/react-id': [ '1.1.1' ],
111 silly audit   '@radix-ui/react-label': [ '2.1.7' ],
111 silly audit   '@radix-ui/react-menu': [ '2.1.16' ],
111 silly audit   '@radix-ui/react-menubar': [ '1.1.16' ],
111 silly audit   '@radix-ui/react-navigation-menu': [ '1.2.14' ],
111 silly audit   '@radix-ui/react-popover': [ '1.1.15' ],
111 silly audit   '@radix-ui/react-popper': [ '1.2.8' ],
111 silly audit   '@radix-ui/react-portal': [ '1.1.9' ],
111 silly audit   '@radix-ui/react-presence': [ '1.1.5' ],
111 silly audit   '@radix-ui/react-primitive': [ '2.1.3' ],
111 silly audit   '@radix-ui/react-progress': [ '1.1.7' ],
111 silly audit   '@radix-ui/react-radio-group': [ '1.3.8' ],
111 silly audit   '@radix-ui/react-roving-focus': [ '1.1.11' ],
111 silly audit   '@radix-ui/react-scroll-area': [ '1.2.10' ],
111 silly audit   '@radix-ui/react-select': [ '2.2.6' ],
111 silly audit   '@radix-ui/react-separator': [ '1.1.7' ],
111 silly audit   '@radix-ui/react-slider': [ '1.3.6' ],
111 silly audit   '@radix-ui/react-slot': [ '1.2.3' ],
111 silly audit   '@radix-ui/react-switch': [ '1.2.6' ],
111 silly audit   '@radix-ui/react-tabs': [ '1.1.13' ],
111 silly audit   '@radix-ui/react-toggle': [ '1.1.10' ],
111 silly audit   '@radix-ui/react-toggle-group': [ '1.1.11' ],
111 silly audit   '@radix-ui/react-tooltip': [ '1.2.8' ],
111 silly audit   '@radix-ui/react-use-callback-ref': [ '1.1.1' ],
111 silly audit   '@radix-ui/react-use-controllable-state': [ '1.2.2' ],
111 silly audit   '@radix-ui/react-use-effect-event': [ '0.0.2' ],
111 silly audit   '@radix-ui/react-use-escape-keydown': [ '1.1.1' ],
111 silly audit   '@radix-ui/react-use-is-hydrated': [ '0.1.0' ],
111 silly audit   '@radix-ui/react-use-layout-effect': [ '1.1.1' ],
111 silly audit   '@radix-ui/react-use-previous': [ '1.1.1' ],
111 silly audit   '@radix-ui/react-use-rect': [ '1.1.1' ],
111 silly audit   '@radix-ui/react-use-size': [ '1.1.1' ],
111 silly audit   '@radix-ui/react-visually-hidden': [ '1.2.3' ],
111 silly audit   '@radix-ui/rect': [ '1.1.1' ],
111 silly audit   '@rolldown/pluginutils': [ '1.0.0-beta.27' ],
111 silly audit   '@rollup/rollup-android-arm-eabi': [ '4.52.5' ],
111 silly audit   '@rollup/rollup-android-arm64': [ '4.52.5' ],
111 silly audit   '@rollup/rollup-darwin-arm64': [ '4.52.5' ],
111 silly audit   '@rollup/rollup-darwin-x64': [ '4.52.5' ],
111 silly audit   '@rollup/rollup-freebsd-arm64': [ '4.52.5' ],
111 silly audit   '@rollup/rollup-freebsd-x64': [ '4.52.5' ],
111 silly audit   '@rollup/rollup-linux-arm-gnueabihf': [ '4.52.5' ],
111 silly audit   '@rollup/rollup-linux-arm-musleabihf': [ '4.52.5' ],
111 silly audit   '@rollup/rollup-linux-arm64-gnu': [ '4.52.5' ],
111 silly audit   '@rollup/rollup-linux-arm64-musl': [ '4.52.5' ],
111 silly audit   '@rollup/rollup-linux-loong64-gnu': [ '4.52.5' ],
111 silly audit   '@rollup/rollup-linux-ppc64-gnu': [ '4.52.5' ],
111 silly audit   '@rollup/rollup-linux-riscv64-gnu': [ '4.52.5' ],
111 silly audit   '@rollup/rollup-linux-riscv64-musl': [ '4.52.5' ],
111 silly audit   '@rollup/rollup-linux-s390x-gnu': [ '4.52.5' ],
111 silly audit   '@rollup/rollup-linux-x64-gnu': [ '4.52.5' ],
111 silly audit   '@rollup/rollup-linux-x64-musl': [ '4.52.5' ],
111 silly audit   '@rollup/rollup-openharmony-arm64': [ '4.52.5' ],
111 silly audit   '@rollup/rollup-win32-arm64-msvc': [ '4.52.5' ],
111 silly audit   '@rollup/rollup-win32-ia32-msvc': [ '4.52.5' ],
111 silly audit   '@rollup/rollup-win32-x64-gnu': [ '4.52.5' ],
111 silly audit   '@rollup/rollup-win32-x64-msvc': [ '4.52.5' ],
111 silly audit   '@swc/core': [ '1.15.0' ],
111 silly audit   '@swc/core-darwin-arm64': [ '1.15.0' ],
111 silly audit   '@swc/core-darwin-x64': [ '1.15.0' ],
111 silly audit   '@swc/core-linux-arm-gnueabihf': [ '1.15.0' ],
111 silly audit   '@swc/core-linux-arm64-gnu': [ '1.15.0' ],
111 silly audit   '@swc/core-linux-arm64-musl': [ '1.15.0' ],
111 silly audit   '@swc/core-linux-x64-gnu': [ '1.15.0' ],
111 silly audit   '@swc/core-linux-x64-musl': [ '1.15.0' ],
111 silly audit   '@swc/core-win32-arm64-msvc': [ '1.15.0' ],
111 silly audit   '@swc/core-win32-ia32-msvc': [ '1.15.0' ],
111 silly audit   '@swc/core-win32-x64-msvc': [ '1.15.0' ],
111 silly audit   '@swc/counter': [ '0.1.3' ],
111 silly audit   '@swc/types': [ '0.1.25' ],
111 silly audit   '@tailwindcss/node': [ '4.1.16' ],
111 silly audit   tailwindcss: [ '4.1.16' ],
111 silly audit   '@tailwindcss/oxide': [ '4.1.16' ],
111 silly audit   '@tailwindcss/oxide-android-arm64': [ '4.1.16' ],
111 silly audit   '@tailwindcss/oxide-darwin-arm64': [ '4.1.16' ],
111 silly audit   '@tailwindcss/oxide-darwin-x64': [ '4.1.16' ],
111 silly audit   '@tailwindcss/oxide-freebsd-x64': [ '4.1.16' ],
111 silly audit   '@tailwindcss/oxide-linux-arm-gnueabihf': [ '4.1.16' ],
111 silly audit   '@tailwindcss/oxide-linux-arm64-gnu': [ '4.1.16' ],
111 silly audit   '@tailwindcss/oxide-linux-arm64-musl': [ '4.1.16' ],
111 silly audit   '@tailwindcss/oxide-linux-x64-gnu': [ '4.1.16' ],
111 silly audit   '@tailwindcss/oxide-linux-x64-musl': [ '4.1.16' ],
111 silly audit   '@tailwindcss/oxide-win32-arm64-msvc': [ '4.1.16' ],
111 silly audit   '@tailwindcss/oxide-win32-x64-msvc': [ '4.1.16' ],
111 silly audit   '@tailwindcss/postcss': [ '4.1.16' ],
111 silly audit   '@types/d3-array': [ '3.2.2' ],
111 silly audit   '@types/d3-color': [ '3.1.3' ],
111 silly audit   '@types/d3-ease': [ '3.0.2' ],
111 silly audit   '@types/d3-interpolate': [ '3.0.4' ],
111 silly audit   '@types/d3-path': [ '3.1.1' ],
111 silly audit   '@types/d3-scale': [ '4.0.9' ],
111 silly audit   '@types/d3-shape': [ '3.1.7' ],
111 silly audit   '@types/d3-time': [ '3.0.4' ],
111 silly audit   '@types/d3-timer': [ '3.0.2' ],
111 silly audit   '@types/estree': [ '1.0.8' ],
111 silly audit   '@types/node': [ '20.19.24' ],
111 silly audit   '@vitejs/plugin-react-swc': [ '3.11.0' ],
111 silly audit   picomatch: [ '4.0.3' ],
111 silly audit   'aria-hidden': [ '1.2.6' ],
111 silly audit   autoprefixer: [ '10.4.21' ],
111 silly audit   'baseline-browser-mapping': [ '2.8.23' ],
111 silly audit   browserslist: [ '4.27.0' ],
111 silly audit   'caniuse-lite': [ '1.0.30001753' ],
111 silly audit   'class-variance-authority': [ '0.7.1' ],
111 silly audit   clsx: [ '2.1.1' ],
111 silly audit   cmdk: [ '1.1.1' ],
111 silly audit   csstype: [ '3.1.3' ],
111 silly audit   'd3-array': [ '3.2.4' ],
111 silly audit   'd3-color': [ '3.1.0' ],
111 silly audit   'd3-ease': [ '3.0.1' ],
111 silly audit   'd3-format': [ '3.1.0' ],
111 silly audit   'd3-interpolate': [ '3.0.1' ],
111 silly audit   'd3-path': [ '3.1.0' ],
111 silly audit   'd3-scale': [ '4.0.2' ],
111 silly audit   'd3-shape': [ '3.2.0' ],
111 silly audit   'd3-time': [ '3.1.0' ],
111 silly audit   'd3-time-format': [ '4.1.0' ],
111 silly audit   'd3-timer': [ '3.0.1' ],
111 silly audit   'date-fns': [ '3.6.0' ],
111 silly audit   'decimal.js-light': [ '2.5.1' ],
111 silly audit   'detect-libc': [ '2.1.2' ],
111 silly audit   'detect-node-es': [ '1.1.0' ],
111 silly audit   'dom-helpers': [ '5.2.1' ],
111 silly audit   'electron-to-chromium': [ '1.5.244' ],
111 silly audit   'embla-carousel': [ '8.6.0' ],
111 silly audit   'embla-carousel-react': [ '8.6.0' ],
111 silly audit   'embla-carousel-reactive-utils': [ '8.6.0' ],
111 silly audit   'enhanced-resolve': [ '5.18.3' ],
111 silly audit   esbuild: [ '0.25.12' ],
111 silly audit   escalade: [ '3.2.0' ],
111 silly audit   eventemitter3: [ '4.0.7' ],
111 silly audit   'fast-equals': [ '5.3.2' ],
111 silly audit   fdir: [ '6.5.0' ],
111 silly audit   'fraction.js': [ '4.3.7' ],
111 silly audit   fsevents: [ '2.3.3' ],
111 silly audit   'get-nonce': [ '1.0.1' ],
111 silly audit   'graceful-fs': [ '4.2.11' ],
111 silly audit   'input-otp': [ '1.4.2' ],
111 silly audit   internmap: [ '2.0.3' ],
111 silly audit   jiti: [ '2.6.1' ],
111 silly audit   'js-tokens': [ '4.0.0' ],
111 silly audit   lightningcss: [ '1.30.2' ],
111 silly audit   'lightningcss-android-arm64': [ '1.30.2' ],
111 silly audit   'lightningcss-darwin-arm64': [ '1.30.2' ],
111 silly audit   'lightningcss-darwin-x64': [ '1.30.2' ],
111 silly audit   'lightningcss-freebsd-x64': [ '1.30.2' ],
111 silly audit   'lightningcss-linux-arm-gnueabihf': [ '1.30.2' ],
111 silly audit   'lightningcss-linux-arm64-gnu': [ '1.30.2' ],
111 silly audit   'lightningcss-linux-arm64-musl': [ '1.30.2' ],
111 silly audit   'lightningcss-linux-x64-gnu': [ '1.30.2' ],
111 silly audit   'lightningcss-linux-x64-musl': [ '1.30.2' ],
111 silly audit   'lightningcss-win32-arm64-msvc': [ '1.30.2' ],
111 silly audit   'lightningcss-win32-x64-msvc': [ '1.30.2' ],
111 silly audit   lodash: [ '4.17.21' ],
111 silly audit   'loose-envify': [ '1.4.0' ],
111 silly audit   'lucide-react': [ '0.487.0' ],
111 silly audit   'magic-string': [ '0.30.21' ],
111 silly audit   nanoid: [ '3.3.11' ],
111 silly audit   'next-themes': [ '0.4.6' ],
111 silly audit   'node-releases': [ '2.0.27' ],
111 silly audit   'normalize-range': [ '0.1.2' ],
111 silly audit   'object-assign': [ '4.1.1' ],
111 silly audit   picocolors: [ '1.1.1' ],
111 silly audit   postcss: [ '8.5.6' ],
111 silly audit   'postcss-value-parser': [ '4.2.0' ],
111 silly audit   'prop-types': [ '15.8.1' ],
111 silly audit   'react-is': [ '16.13.1', '18.3.1' ],
111 silly audit   react: [ '18.3.1' ],
111 silly audit   'react-day-picker': [ '8.10.1' ],
111 silly audit   'react-dom': [ '18.3.1' ],
111 silly audit   'react-hook-form': [ '7.66.0' ],
111 silly audit   'react-remove-scroll': [ '2.7.1' ],
111 silly audit   'react-remove-scroll-bar': [ '2.3.8' ],
111 silly audit   'react-resizable-panels': [ '2.1.9' ],
111 silly audit   'react-smooth': [ '4.0.4' ],
111 silly audit   'react-style-singleton': [ '2.2.3' ],
111 silly audit   'react-transition-group': [ '4.4.5' ],
111 silly audit   recharts: [ '2.15.4' ],
111 silly audit   'recharts-scale': [ '0.4.5' ],
111 silly audit   rollup: [ '4.52.5' ],
111 silly audit   scheduler: [ '0.23.2' ],
111 silly audit   sonner: [ '2.0.7' ],
111 silly audit   'source-map-js': [ '1.2.1' ],
111 silly audit   'tailwind-merge': [ '3.3.1' ],
111 silly audit   tapable: [ '2.3.0' ],
111 silly audit   'tiny-invariant': [ '1.3.3' ],
111 silly audit   tinyglobby: [ '0.2.15' ],
111 silly audit   tslib: [ '2.8.1' ],
111 silly audit   'undici-types': [ '6.21.0' ],
111 silly audit   'update-browserslist-db': [ '1.1.4' ],
111 silly audit   'use-callback-ref': [ '1.3.3' ],
111 silly audit   'use-sidecar': [ '1.1.3' ],
111 silly audit   'use-sync-external-store': [ '1.6.0' ],
111 silly audit   vaul: [ '1.1.2' ],
111 silly audit   'victory-vendor': [ '36.9.2' ],
111 silly audit   vite: [ '6.4.1' ],
111 silly audit   '@tailwindcss/oxide-wasm32-wasi': [ '4.1.16' ]
111 silly audit }
112 verbose reify failed optional dependency /Users/michelleliu/NexusWebsiteV1/node_modules/lightningcss-win32-x64-msvc
113 silly reify mark deleted [
113 silly reify   '/Users/michelleliu/NexusWebsiteV1/node_modules/lightningcss-win32-x64-msvc'
113 silly reify ]
114 verbose reify failed optional dependency /Users/michelleliu/NexusWebsiteV1/node_modules/lightningcss-win32-arm64-msvc
115 silly reify mark deleted [
115 silly reify   '/Users/michelleliu/NexusWebsiteV1/node_modules/lightningcss-win32-arm64-msvc'
115 silly reify ]
116 verbose reify failed optional dependency /Users/michelleliu/NexusWebsiteV1/node_modules/lightningcss-linux-x64-musl
117 silly reify mark deleted [
117 silly reify   '/Users/michelleliu/NexusWebsiteV1/node_modules/lightningcss-linux-x64-musl'
117 silly reify ]
118 verbose reify failed optional dependency /Users/michelleliu/NexusWebsiteV1/node_modules/lightningcss-linux-x64-gnu
119 silly reify mark deleted [
119 silly reify   '/Users/michelleliu/NexusWebsiteV1/node_modules/lightningcss-linux-x64-gnu'
119 silly reify ]
120 verbose reify failed optional dependency /Users/michelleliu/NexusWebsiteV1/node_modules/lightningcss-linux-arm64-musl
121 silly reify mark deleted [
121 silly reify   '/Users/michelleliu/NexusWebsiteV1/node_modules/lightningcss-linux-arm64-musl'
121 silly reify ]
122 verbose reify failed optional dependency /Users/michelleliu/NexusWebsiteV1/node_modules/lightningcss-linux-arm64-gnu
123 silly reify mark deleted [
123 silly reify   '/Users/michelleliu/NexusWebsiteV1/node_modules/lightningcss-linux-arm64-gnu'
123 silly reify ]
124 verbose reify failed optional dependency /Users/michelleliu/NexusWebsiteV1/node_modules/lightningcss-linux-arm-gnueabihf
125 silly reify mark deleted [
125 silly reify   '/Users/michelleliu/NexusWebsiteV1/node_modules/lightningcss-linux-arm-gnueabihf'
125 silly reify ]
126 verbose reify failed optional dependency /Users/michelleliu/NexusWebsiteV1/node_modules/lightningcss-freebsd-x64
127 silly reify mark deleted [
127 silly reify   '/Users/michelleliu/NexusWebsiteV1/node_modules/lightningcss-freebsd-x64'
127 silly reify ]
128 verbose reify failed optional dependency /Users/michelleliu/NexusWebsiteV1/node_modules/lightningcss-darwin-x64
129 silly reify mark deleted [
129 silly reify   '/Users/michelleliu/NexusWebsiteV1/node_modules/lightningcss-darwin-x64'
129 silly reify ]
130 verbose reify failed optional dependency /Users/michelleliu/NexusWebsiteV1/node_modules/lightningcss-android-arm64
131 silly reify mark deleted [
131 silly reify   '/Users/michelleliu/NexusWebsiteV1/node_modules/lightningcss-android-arm64'
131 silly reify ]
132 verbose reify failed optional dependency /Users/michelleliu/NexusWebsiteV1/node_modules/@tailwindcss/oxide-win32-x64-msvc
133 silly reify mark deleted [
133 silly reify   '/Users/michelleliu/NexusWebsiteV1/node_modules/@tailwindcss/oxide-win32-x64-msvc'
133 silly reify ]
134 verbose reify failed optional dependency /Users/michelleliu/NexusWebsiteV1/node_modules/@tailwindcss/oxide-win32-arm64-msvc
135 silly reify mark deleted [
135 silly reify   '/Users/michelleliu/NexusWebsiteV1/node_modules/@tailwindcss/oxide-win32-arm64-msvc'
135 silly reify ]
136 verbose reify failed optional dependency /Users/michelleliu/NexusWebsiteV1/node_modules/@tailwindcss/oxide-linux-x64-musl
137 silly reify mark deleted [
137 silly reify   '/Users/michelleliu/NexusWebsiteV1/node_modules/@tailwindcss/oxide-linux-x64-musl'
137 silly reify ]
138 verbose reify failed optional dependency /Users/michelleliu/NexusWebsiteV1/node_modules/@tailwindcss/oxide-linux-x64-gnu
139 silly reify mark deleted [
139 silly reify   '/Users/michelleliu/NexusWebsiteV1/node_modules/@tailwindcss/oxide-linux-x64-gnu'
139 silly reify ]
140 verbose reify failed optional dependency /Users/michelleliu/NexusWebsiteV1/node_modules/@tailwindcss/oxide-linux-arm64-musl
141 silly reify mark deleted [
141 silly reify   '/Users/michelleliu/NexusWebsiteV1/node_modules/@tailwindcss/oxide-linux-arm64-musl'
141 silly reify ]
142 verbose reify failed optional dependency /Users/michelleliu/NexusWebsiteV1/node_modules/@tailwindcss/oxide-linux-arm64-gnu
143 silly reify mark deleted [
143 silly reify   '/Users/michelleliu/NexusWebsiteV1/node_modules/@tailwindcss/oxide-linux-arm64-gnu'
143 silly reify ]
144 verbose reify failed optional dependency /Users/michelleliu/NexusWebsiteV1/node_modules/@tailwindcss/oxide-linux-arm-gnueabihf
145 silly reify mark deleted [
145 silly reify   '/Users/michelleliu/NexusWebsiteV1/node_modules/@tailwindcss/oxide-linux-arm-gnueabihf'
145 silly reify ]
146 verbose reify failed optional dependency /Users/michelleliu/NexusWebsiteV1/node_modules/@tailwindcss/oxide-freebsd-x64
147 silly reify mark deleted [
147 silly reify   '/Users/michelleliu/NexusWebsiteV1/node_modules/@tailwindcss/oxide-freebsd-x64'
147 silly reify ]
148 verbose reify failed optional dependency /Users/michelleliu/NexusWebsiteV1/node_modules/@tailwindcss/oxide-darwin-x64
149 silly reify mark deleted [
149 silly reify   '/Users/michelleliu/NexusWebsiteV1/node_modules/@tailwindcss/oxide-darwin-x64'
149 silly reify ]
150 verbose reify failed optional dependency /Users/michelleliu/NexusWebsiteV1/node_modules/@tailwindcss/oxide-android-arm64
151 silly reify mark deleted [
151 silly reify   '/Users/michelleliu/NexusWebsiteV1/node_modules/@tailwindcss/oxide-android-arm64'
151 silly reify ]
152 verbose reify failed optional dependency /Users/michelleliu/NexusWebsiteV1/node_modules/@swc/core-win32-x64-msvc
153 silly reify mark deleted [
153 silly reify   '/Users/michelleliu/NexusWebsiteV1/node_modules/@swc/core-win32-x64-msvc'
153 silly reify ]
154 verbose reify failed optional dependency /Users/michelleliu/NexusWebsiteV1/node_modules/@swc/core-win32-ia32-msvc
155 silly reify mark deleted [
155 silly reify   '/Users/michelleliu/NexusWebsiteV1/node_modules/@swc/core-win32-ia32-msvc'
155 silly reify ]
156 verbose reify failed optional dependency /Users/michelleliu/NexusWebsiteV1/node_modules/@swc/core-win32-arm64-msvc
157 silly reify mark deleted [
157 silly reify   '/Users/michelleliu/NexusWebsiteV1/node_modules/@swc/core-win32-arm64-msvc'
157 silly reify ]
158 verbose reify failed optional dependency /Users/michelleliu/NexusWebsiteV1/node_modules/@swc/core-linux-x64-musl
159 silly reify mark deleted [
159 silly reify   '/Users/michelleliu/NexusWebsiteV1/node_modules/@swc/core-linux-x64-musl'
159 silly reify ]
160 verbose reify failed optional dependency /Users/michelleliu/NexusWebsiteV1/node_modules/@swc/core-linux-x64-gnu
161 silly reify mark deleted [
161 silly reify   '/Users/michelleliu/NexusWebsiteV1/node_modules/@swc/core-linux-x64-gnu'
161 silly reify ]
162 verbose reify failed optional dependency /Users/michelleliu/NexusWebsiteV1/node_modules/@swc/core-linux-arm64-musl
163 silly reify mark deleted [
163 silly reify   '/Users/michelleliu/NexusWebsiteV1/node_modules/@swc/core-linux-arm64-musl'
163 silly reify ]
164 verbose reify failed optional dependency /Users/michelleliu/NexusWebsiteV1/node_modules/@swc/core-linux-arm64-gnu
165 silly reify mark deleted [
165 silly reify   '/Users/michelleliu/NexusWebsiteV1/node_modules/@swc/core-linux-arm64-gnu'
165 silly reify ]
166 verbose reify failed optional dependency /Users/michelleliu/NexusWebsiteV1/node_modules/@swc/core-linux-arm-gnueabihf
167 silly reify mark deleted [
167 silly reify   '/Users/michelleliu/NexusWebsiteV1/node_modules/@swc/core-linux-arm-gnueabihf'
167 silly reify ]
168 verbose reify failed optional dependency /Users/michelleliu/NexusWebsiteV1/node_modules/@swc/core-darwin-x64
169 silly reify mark deleted [
169 silly reify   '/Users/michelleliu/NexusWebsiteV1/node_modules/@swc/core-darwin-x64'
169 silly reify ]
170 verbose reify failed optional dependency /Users/michelleliu/NexusWebsiteV1/node_modules/@rollup/rollup-win32-x64-msvc
171 silly reify mark deleted [
171 silly reify   '/Users/michelleliu/NexusWebsiteV1/node_modules/@rollup/rollup-win32-x64-msvc'
171 silly reify ]
172 verbose reify failed optional dependency /Users/michelleliu/NexusWebsiteV1/node_modules/@rollup/rollup-win32-x64-gnu
173 silly reify mark deleted [
173 silly reify   '/Users/michelleliu/NexusWebsiteV1/node_modules/@rollup/rollup-win32-x64-gnu'
173 silly reify ]
174 verbose reify failed optional dependency /Users/michelleliu/NexusWebsiteV1/node_modules/@rollup/rollup-win32-ia32-msvc
175 silly reify mark deleted [
175 silly reify   '/Users/michelleliu/NexusWebsiteV1/node_modules/@rollup/rollup-win32-ia32-msvc'
175 silly reify ]
176 verbose reify failed optional dependency /Users/michelleliu/NexusWebsiteV1/node_modules/@rollup/rollup-win32-arm64-msvc
177 silly reify mark deleted [
177 silly reify   '/Users/michelleliu/NexusWebsiteV1/node_modules/@rollup/rollup-win32-arm64-msvc'
177 silly reify ]
178 verbose reify failed optional dependency /Users/michelleliu/NexusWebsiteV1/node_modules/@rollup/rollup-openharmony-arm64
179 silly reify mark deleted [
179 silly reify   '/Users/michelleliu/NexusWebsiteV1/node_modules/@rollup/rollup-openharmony-arm64'
179 silly reify ]
180 verbose reify failed optional dependency /Users/michelleliu/NexusWebsiteV1/node_modules/@rollup/rollup-linux-x64-musl
181 silly reify mark deleted [
181 silly reify   '/Users/michelleliu/NexusWebsiteV1/node_modules/@rollup/rollup-linux-x64-musl'
181 silly reify ]
182 verbose reify failed optional dependency /Users/michelleliu/NexusWebsiteV1/node_modules/@rollup/rollup-linux-x64-gnu
183 silly reify mark deleted [
183 silly reify   '/Users/michelleliu/NexusWebsiteV1/node_modules/@rollup/rollup-linux-x64-gnu'
183 silly reify ]
184 verbose reify failed optional dependency /Users/michelleliu/NexusWebsiteV1/node_modules/@rollup/rollup-linux-s390x-gnu
185 silly reify mark deleted [
185 silly reify   '/Users/michelleliu/NexusWebsiteV1/node_modules/@rollup/rollup-linux-s390x-gnu'
185 silly reify ]
186 verbose reify failed optional dependency /Users/michelleliu/NexusWebsiteV1/node_modules/@rollup/rollup-linux-riscv64-musl
187 silly reify mark deleted [
187 silly reify   '/Users/michelleliu/NexusWebsiteV1/node_modules/@rollup/rollup-linux-riscv64-musl'
187 silly reify ]
188 verbose reify failed optional dependency /Users/michelleliu/NexusWebsiteV1/node_modules/@rollup/rollup-linux-riscv64-gnu
189 silly reify mark deleted [
189 silly reify   '/Users/michelleliu/NexusWebsiteV1/node_modules/@rollup/rollup-linux-riscv64-gnu'
189 silly reify ]
190 verbose reify failed optional dependency /Users/michelleliu/NexusWebsiteV1/node_modules/@rollup/rollup-linux-ppc64-gnu
191 silly reify mark deleted [
191 silly reify   '/Users/michelleliu/NexusWebsiteV1/node_modules/@rollup/rollup-linux-ppc64-gnu'
191 silly reify ]
192 verbose reify failed optional dependency /Users/michelleliu/NexusWebsiteV1/node_modules/@rollup/rollup-linux-loong64-gnu
193 silly reify mark deleted [
193 silly reify   '/Users/michelleliu/NexusWebsiteV1/node_modules/@rollup/rollup-linux-loong64-gnu'
193 silly reify ]
194 verbose reify failed optional dependency /Users/michelleliu/NexusWebsiteV1/node_modules/@rollup/rollup-linux-arm64-musl
195 silly reify mark deleted [
195 silly reify   '/Users/michelleliu/NexusWebsiteV1/node_modules/@rollup/rollup-linux-arm64-musl'
195 silly reify ]
196 verbose reify failed optional dependency /Users/michelleliu/NexusWebsiteV1/node_modules/@rollup/rollup-linux-arm64-gnu
197 silly reify mark deleted [
197 silly reify   '/Users/michelleliu/NexusWebsiteV1/node_modules/@rollup/rollup-linux-arm64-gnu'
197 silly reify ]
198 verbose reify failed optional dependency /Users/michelleliu/NexusWebsiteV1/node_modules/@rollup/rollup-linux-arm-musleabihf
199 silly reify mark deleted [
199 silly reify   '/Users/michelleliu/NexusWebsiteV1/node_modules/@rollup/rollup-linux-arm-musleabihf'
199 silly reify ]
200 verbose reify failed optional dependency /Users/michelleliu/NexusWebsiteV1/node_modules/@rollup/rollup-linux-arm-gnueabihf
201 silly reify mark deleted [
201 silly reify   '/Users/michelleliu/NexusWebsiteV1/node_modules/@rollup/rollup-linux-arm-gnueabihf'
201 silly reify ]
202 verbose reify failed optional dependency /Users/michelleliu/NexusWebsiteV1/node_modules/@rollup/rollup-freebsd-x64
203 silly reify mark deleted [
203 silly reify   '/Users/michelleliu/NexusWebsiteV1/node_modules/@rollup/rollup-freebsd-x64'
203 silly reify ]
204 verbose reify failed optional dependency /Users/michelleliu/NexusWebsiteV1/node_modules/@rollup/rollup-freebsd-arm64
205 silly reify mark deleted [
205 silly reify   '/Users/michelleliu/NexusWebsiteV1/node_modules/@rollup/rollup-freebsd-arm64'
205 silly reify ]
206 verbose reify failed optional dependency /Users/michelleliu/NexusWebsiteV1/node_modules/@rollup/rollup-darwin-x64
207 silly reify mark deleted [
207 silly reify   '/Users/michelleliu/NexusWebsiteV1/node_modules/@rollup/rollup-darwin-x64'
207 silly reify ]
208 verbose reify failed optional dependency /Users/michelleliu/NexusWebsiteV1/node_modules/@rollup/rollup-android-arm64
209 silly reify mark deleted [
209 silly reify   '/Users/michelleliu/NexusWebsiteV1/node_modules/@rollup/rollup-android-arm64'
209 silly reify ]
210 verbose reify failed optional dependency /Users/michelleliu/NexusWebsiteV1/node_modules/@rollup/rollup-android-arm-eabi
211 silly reify mark deleted [
211 silly reify   '/Users/michelleliu/NexusWebsiteV1/node_modules/@rollup/rollup-android-arm-eabi'
211 silly reify ]
212 verbose reify failed optional dependency /Users/michelleliu/NexusWebsiteV1/node_modules/@esbuild/win32-x64
213 silly reify mark deleted [ '/Users/michelleliu/NexusWebsiteV1/node_modules/@esbuild/win32-x64' ]
214 verbose reify failed optional dependency /Users/michelleliu/NexusWebsiteV1/node_modules/@esbuild/win32-ia32
215 silly reify mark deleted [
215 silly reify   '/Users/michelleliu/NexusWebsiteV1/node_modules/@esbuild/win32-ia32'
215 silly reify ]
216 verbose reify failed optional dependency /Users/michelleliu/NexusWebsiteV1/node_modules/@esbuild/win32-arm64
217 silly reify mark deleted [
217 silly reify   '/Users/michelleliu/NexusWebsiteV1/node_modules/@esbuild/win32-arm64'
217 silly reify ]
218 verbose reify failed optional dependency /Users/michelleliu/NexusWebsiteV1/node_modules/@esbuild/sunos-x64
219 silly reify mark deleted [ '/Users/michelleliu/NexusWebsiteV1/node_modules/@esbuild/sunos-x64' ]
220 verbose reify failed optional dependency /Users/michelleliu/NexusWebsiteV1/node_modules/@esbuild/openharmony-arm64
221 silly reify mark deleted [
221 silly reify   '/Users/michelleliu/NexusWebsiteV1/node_modules/@esbuild/openharmony-arm64'
221 silly reify ]
222 verbose reify failed optional dependency /Users/michelleliu/NexusWebsiteV1/node_modules/@esbuild/openbsd-x64
223 silly reify mark deleted [
223 silly reify   '/Users/michelleliu/NexusWebsiteV1/node_modules/@esbuild/openbsd-x64'
223 silly reify ]
224 verbose reify failed optional dependency /Users/michelleliu/NexusWebsiteV1/node_modules/@esbuild/openbsd-arm64
225 silly reify mark deleted [
225 silly reify   '/Users/michelleliu/NexusWebsiteV1/node_modules/@esbuild/openbsd-arm64'
225 silly reify ]
226 verbose reify failed optional dependency /Users/michelleliu/NexusWebsiteV1/node_modules/@esbuild/netbsd-x64
227 silly reify mark deleted [
227 silly reify   '/Users/michelleliu/NexusWebsiteV1/node_modules/@esbuild/netbsd-x64'
227 silly reify ]
228 verbose reify failed optional dependency /Users/michelleliu/NexusWebsiteV1/node_modules/@esbuild/netbsd-arm64
229 silly reify mark deleted [
229 silly reify   '/Users/michelleliu/NexusWebsiteV1/node_modules/@esbuild/netbsd-arm64'
229 silly reify ]
230 verbose reify failed optional dependency /Users/michelleliu/NexusWebsiteV1/node_modules/@esbuild/linux-x64
231 silly reify mark deleted [ '/Users/michelleliu/NexusWebsiteV1/node_modules/@esbuild/linux-x64' ]
232 verbose reify failed optional dependency /Users/michelleliu/NexusWebsiteV1/node_modules/@esbuild/linux-s390x
233 silly reify mark deleted [
233 silly reify   '/Users/michelleliu/NexusWebsiteV1/node_modules/@esbuild/linux-s390x'
233 silly reify ]
234 verbose reify failed optional dependency /Users/michelleliu/NexusWebsiteV1/node_modules/@esbuild/linux-riscv64
235 silly reify mark deleted [
235 silly reify   '/Users/michelleliu/NexusWebsiteV1/node_modules/@esbuild/linux-riscv64'
235 silly reify ]
236 verbose reify failed optional dependency /Users/michelleliu/NexusWebsiteV1/node_modules/@esbuild/linux-ppc64
237 silly reify mark deleted [
237 silly reify   '/Users/michelleliu/NexusWebsiteV1/node_modules/@esbuild/linux-ppc64'
237 silly reify ]
238 verbose reify failed optional dependency /Users/michelleliu/NexusWebsiteV1/node_modules/@esbuild/linux-mips64el
239 silly reify mark deleted [
239 silly reify   '/Users/michelleliu/NexusWebsiteV1/node_modules/@esbuild/linux-mips64el'
239 silly reify ]
240 verbose reify failed optional dependency /Users/michelleliu/NexusWebsiteV1/node_modules/@esbuild/linux-loong64
241 silly reify mark deleted [
241 silly reify   '/Users/michelleliu/NexusWebsiteV1/node_modules/@esbuild/linux-loong64'
241 silly reify ]
242 verbose reify failed optional dependency /Users/michelleliu/NexusWebsiteV1/node_modules/@esbuild/linux-ia32
243 silly reify mark deleted [
243 silly reify   '/Users/michelleliu/NexusWebsiteV1/node_modules/@esbuild/linux-ia32'
243 silly reify ]
244 verbose reify failed optional dependency /Users/michelleliu/NexusWebsiteV1/node_modules/@esbuild/linux-arm64
245 silly reify mark deleted [
245 silly reify   '/Users/michelleliu/NexusWebsiteV1/node_modules/@esbuild/linux-arm64'
245 silly reify ]
246 verbose reify failed optional dependency /Users/michelleliu/NexusWebsiteV1/node_modules/@esbuild/linux-arm
247 silly reify mark deleted [ '/Users/michelleliu/NexusWebsiteV1/node_modules/@esbuild/linux-arm' ]
248 verbose reify failed optional dependency /Users/michelleliu/NexusWebsiteV1/node_modules/@esbuild/freebsd-x64
249 silly reify mark deleted [
249 silly reify   '/Users/michelleliu/NexusWebsiteV1/node_modules/@esbuild/freebsd-x64'
249 silly reify ]
250 verbose reify failed optional dependency /Users/michelleliu/NexusWebsiteV1/node_modules/@esbuild/freebsd-arm64
251 silly reify mark deleted [
251 silly reify   '/Users/michelleliu/NexusWebsiteV1/node_modules/@esbuild/freebsd-arm64'
251 silly reify ]
252 verbose reify failed optional dependency /Users/michelleliu/NexusWebsiteV1/node_modules/@esbuild/darwin-x64
253 silly reify mark deleted [
253 silly reify   '/Users/michelleliu/NexusWebsiteV1/node_modules/@esbuild/darwin-x64'
253 silly reify ]
254 verbose reify failed optional dependency /Users/michelleliu/NexusWebsiteV1/node_modules/@esbuild/android-x64
255 silly reify mark deleted [
255 silly reify   '/Users/michelleliu/NexusWebsiteV1/node_modules/@esbuild/android-x64'
255 silly reify ]
256 verbose reify failed optional dependency /Users/michelleliu/NexusWebsiteV1/node_modules/@esbuild/android-arm64
257 silly reify mark deleted [
257 silly reify   '/Users/michelleliu/NexusWebsiteV1/node_modules/@esbuild/android-arm64'
257 silly reify ]
258 verbose reify failed optional dependency /Users/michelleliu/NexusWebsiteV1/node_modules/@esbuild/android-arm
259 silly reify mark deleted [
259 silly reify   '/Users/michelleliu/NexusWebsiteV1/node_modules/@esbuild/android-arm'
259 silly reify ]
260 verbose reify failed optional dependency /Users/michelleliu/NexusWebsiteV1/node_modules/@esbuild/aix-ppc64
261 silly reify mark deleted [ '/Users/michelleliu/NexusWebsiteV1/node_modules/@esbuild/aix-ppc64' ]
262 http cache tailwindcss@https://registry.npmjs.org/tailwindcss/-/tailwindcss-4.1.16.tgz 0ms (cache hit)
263 http fetch POST 200 https://registry.npmjs.org/-/npm/v1/security/advisories/bulk 92ms
264 silly audit report {}
265 silly ADD
266 silly ADD
267 silly ADD
268 silly ADD
269 silly ADD
270 silly ADD
271 silly ADD
272 silly ADD
273 silly ADD
274 silly ADD
275 silly ADD
276 silly ADD
277 silly ADD
278 silly ADD
279 silly ADD
280 silly ADD
281 silly ADD
282 silly ADD
283 silly ADD
284 silly ADD
285 silly ADD
286 silly ADD
287 silly ADD
288 silly ADD
289 silly ADD
290 silly ADD
291 silly ADD
292 silly ADD
293 silly ADD
294 silly ADD
295 silly ADD
296 silly ADD
297 silly ADD
298 silly ADD
299 silly ADD
300 silly ADD
301 silly ADD
302 silly ADD
303 silly ADD
304 silly ADD
305 silly ADD
306 silly ADD
307 silly ADD
308 silly ADD
309 silly ADD
310 silly ADD
311 silly ADD
312 silly ADD
313 silly ADD
314 silly ADD
315 silly ADD
316 silly ADD
317 silly ADD
318 silly ADD
319 silly ADD
320 silly ADD
321 silly ADD
322 silly ADD
323 silly ADD
324 silly ADD
325 silly ADD
326 silly ADD
327 silly ADD
328 silly ADD
329 silly ADD
330 silly ADD
331 silly ADD
332 silly ADD
333 silly ADD
334 silly ADD
335 silly ADD
336 silly ADD
337 silly ADD
338 silly ADD
339 silly ADD
340 silly ADD
341 silly REMOVE node_modules/wrap-ansi-cjs
342 silly REMOVE node_modules/wrap-ansi-cjs/node_modules/strip-ansi
343 silly REMOVE node_modules/wrap-ansi-cjs/node_modules/string-width
344 silly REMOVE node_modules/wrap-ansi-cjs/node_modules/emoji-regex
345 silly REMOVE node_modules/wrap-ansi-cjs/node_modules/ansi-styles
346 silly REMOVE node_modules/wrap-ansi-cjs/node_modules/ansi-regex
347 silly REMOVE node_modules/wrap-ansi
348 silly REMOVE node_modules/which
349 silly REMOVE node_modules/util-deprecate
350 silly REMOVE node_modules/ts-interface-checker
351 silly REMOVE node_modules/to-regex-range
352 silly REMOVE node_modules/thenify-all
353 silly REMOVE node_modules/thenify
354 silly CHANGE node_modules/tailwindcss
355 silly REMOVE node_modules/tailwindcss/node_modules/jiti
356 silly REMOVE node_modules/supports-preserve-symlinks-flag
357 silly REMOVE node_modules/sucrase
358 silly REMOVE node_modules/strip-ansi-cjs
359 silly REMOVE node_modules/strip-ansi-cjs/node_modules/ansi-regex
360 silly REMOVE node_modules/strip-ansi
361 silly REMOVE node_modules/string-width-cjs
362 silly REMOVE node_modules/string-width-cjs/node_modules/strip-ansi
363 silly REMOVE node_modules/string-width-cjs/node_modules/emoji-regex
364 silly REMOVE node_modules/string-width-cjs/node_modules/ansi-regex
365 silly REMOVE node_modules/string-width
366 silly REMOVE node_modules/signal-exit
367 silly REMOVE node_modules/shebang-regex
368 silly REMOVE node_modules/shebang-command
369 silly REMOVE node_modules/run-parallel
370 silly REMOVE node_modules/reusify
371 silly REMOVE node_modules/resolve
372 silly REMOVE node_modules/readdirp
373 silly REMOVE node_modules/readdirp/node_modules/picomatch
374 silly REMOVE node_modules/read-cache
375 silly REMOVE node_modules/queue-microtask
376 silly REMOVE node_modules/postcss-selector-parser
377 silly REMOVE node_modules/postcss-nested
378 silly REMOVE node_modules/postcss-load-config
379 silly REMOVE node_modules/postcss-js
380 silly REMOVE node_modules/postcss-import
381 silly REMOVE node_modules/pirates
382 silly REMOVE node_modules/pify
383 silly REMOVE node_modules/path-scurry
384 silly REMOVE node_modules/path-parse
385 silly REMOVE node_modules/path-key
386 silly REMOVE node_modules/package-json-from-dist
387 silly REMOVE node_modules/object-hash
388 silly REMOVE node_modules/normalize-path
389 silly REMOVE node_modules/mz
390 silly REMOVE node_modules/minipass
391 silly REMOVE node_modules/minimatch
392 silly REMOVE node_modules/micromatch
393 silly REMOVE node_modules/micromatch/node_modules/picomatch
394 silly REMOVE node_modules/merge2
395 silly REMOVE node_modules/lru-cache
396 silly REMOVE node_modules/lines-and-columns
397 silly REMOVE node_modules/lilconfig
398 silly REMOVE node_modules/jackspeak
399 silly REMOVE node_modules/isexe
400 silly REMOVE node_modules/is-number
401 silly REMOVE node_modules/is-glob
402 silly REMOVE node_modules/is-fullwidth-code-point
403 silly REMOVE node_modules/is-extglob
404 silly REMOVE node_modules/is-core-module
405 silly REMOVE node_modules/is-binary-path
406 silly REMOVE node_modules/hasown
407 silly REMOVE node_modules/glob-parent
408 silly REMOVE node_modules/glob
409 silly REMOVE node_modules/function-bind
410 silly REMOVE node_modules/foreground-child
411 silly REMOVE node_modules/fill-range
412 silly REMOVE node_modules/fastq
413 silly REMOVE node_modules/fast-glob
414 silly REMOVE node_modules/fast-glob/node_modules/glob-parent
415 silly REMOVE node_modules/emoji-regex
416 silly REMOVE node_modules/eastasianwidth
417 silly REMOVE node_modules/dlv
418 silly REMOVE node_modules/didyoumean
419 silly REMOVE node_modules/cssesc
420 silly REMOVE node_modules/cross-spawn
421 silly REMOVE node_modules/commander
422 silly REMOVE node_modules/color-name
423 silly REMOVE node_modules/color-convert
424 silly REMOVE node_modules/chokidar
425 silly REMOVE node_modules/chokidar/node_modules/glob-parent
426 silly REMOVE node_modules/camelcase-css
427 silly REMOVE node_modules/braces
428 silly REMOVE node_modules/brace-expansion
429 silly REMOVE node_modules/binary-extensions
430 silly REMOVE node_modules/balanced-match
431 silly REMOVE node_modules/arg
432 silly REMOVE node_modules/anymatch
433 silly REMOVE node_modules/anymatch/node_modules/picomatch
434 silly REMOVE node_modules/any-promise
435 silly REMOVE node_modules/ansi-styles
436 silly REMOVE node_modules/ansi-regex
437 silly REMOVE node_modules/@tailwindcss/postcss/node_modules/tailwindcss
438 silly REMOVE node_modules/@tailwindcss/node/node_modules/tailwindcss
439 silly REMOVE node_modules/@pkgjs/parseargs
440 silly REMOVE node_modules/@nodelib/fs.walk
441 silly REMOVE node_modules/@nodelib/fs.stat
442 silly REMOVE node_modules/@nodelib/fs.scandir
443 silly REMOVE node_modules/@isaacs/cliui
444 verbose cwd /Users/michelleliu/NexusWebsiteV1
445 verbose os Darwin 24.6.0
446 verbose node v22.21.0
447 verbose npm  v10.9.4
448 verbose exit 0
449 info ok
