0 verbose cli /Users/michelleliu/.nvm/versions/node/v22.21.0/bin/node /Users/michelleliu/.nvm/versions/node/v22.21.0/bin/npm
1 info using npm@10.9.4
2 info using node@v22.21.0
3 silly config load:file:/Users/michelleliu/.nvm/versions/node/v22.21.0/lib/node_modules/npm/npmrc
4 silly config load:file:/Users/michelleliu/NexusWebsiteV1/.npmrc
5 silly config load:file:/Users/michelleliu/.npmrc
6 silly config load:file:/Users/michelleliu/.nvm/versions/node/v22.21.0/etc/npmrc
7 verbose title npm install
8 verbose argv "install"
9 verbose logfile logs-max:10 dir:/Users/michelleliu/NexusWebsiteV1/.npm-cache/_logs/2025-11-04T07_49_02_011Z-
10 verbose logfile /Users/michelleliu/NexusWebsiteV1/.npm-cache/_logs/2025-11-04T07_49_02_011Z-debug-0.log
11 silly logfile start cleaning logs, removing 1 files
12 silly packumentCache heap:4345298944 maxSize:1086324736 maxEntrySize:543162368
13 silly logfile done cleaning log files
14 silly idealTree buildDeps
15 silly reify moves {}
16 verbose reify failed optional dependency /Users/michelleliu/NexusWebsiteV1/node_modules/@tailwindcss/oxide-wasm32-wasi
17 silly reify mark deleted [
17 silly reify   '/Users/michelleliu/NexusWebsiteV1/node_modules/@tailwindcss/oxide-wasm32-wasi'
17 silly reify ]
18 silly audit bulk request {
18 silly audit   '@alloc/quick-lru': [ '5.2.0' ],
18 silly audit   '@babel/runtime': [ '7.28.4' ],
18 silly audit   '@esbuild/aix-ppc64': [ '0.25.12' ],
18 silly audit   '@esbuild/android-arm': [ '0.25.12' ],
18 silly audit   '@esbuild/android-arm64': [ '0.25.12' ],
18 silly audit   '@esbuild/android-x64': [ '0.25.12' ],
18 silly audit   '@esbuild/darwin-arm64': [ '0.25.12' ],
18 silly audit   '@esbuild/darwin-x64': [ '0.25.12' ],
18 silly audit   '@esbuild/freebsd-arm64': [ '0.25.12' ],
18 silly audit   '@esbuild/freebsd-x64': [ '0.25.12' ],
18 silly audit   '@esbuild/linux-arm': [ '0.25.12' ],
18 silly audit   '@esbuild/linux-arm64': [ '0.25.12' ],
18 silly audit   '@esbuild/linux-ia32': [ '0.25.12' ],
18 silly audit   '@esbuild/linux-loong64': [ '0.25.12' ],
18 silly audit   '@esbuild/linux-mips64el': [ '0.25.12' ],
18 silly audit   '@esbuild/linux-ppc64': [ '0.25.12' ],
18 silly audit   '@esbuild/linux-riscv64': [ '0.25.12' ],
18 silly audit   '@esbuild/linux-s390x': [ '0.25.12' ],
18 silly audit   '@esbuild/linux-x64': [ '0.25.12' ],
18 silly audit   '@esbuild/netbsd-arm64': [ '0.25.12' ],
18 silly audit   '@esbuild/netbsd-x64': [ '0.25.12' ],
18 silly audit   '@esbuild/openbsd-arm64': [ '0.25.12' ],
18 silly audit   '@esbuild/openbsd-x64': [ '0.25.12' ],
18 silly audit   '@esbuild/openharmony-arm64': [ '0.25.12' ],
18 silly audit   '@esbuild/sunos-x64': [ '0.25.12' ],
18 silly audit   '@esbuild/win32-arm64': [ '0.25.12' ],
18 silly audit   '@esbuild/win32-ia32': [ '0.25.12' ],
18 silly audit   '@esbuild/win32-x64': [ '0.25.12' ],
18 silly audit   '@floating-ui/core': [ '1.7.3' ],
18 silly audit   '@floating-ui/dom': [ '1.7.4' ],
18 silly audit   '@floating-ui/react-dom': [ '2.1.6' ],
18 silly audit   '@floating-ui/utils': [ '0.2.10' ],
18 silly audit   '@jridgewell/gen-mapping': [ '0.3.13' ],
18 silly audit   '@jridgewell/remapping': [ '2.3.5' ],
18 silly audit   '@jridgewell/resolve-uri': [ '3.1.2' ],
18 silly audit   '@jridgewell/sourcemap-codec': [ '1.5.5' ],
18 silly audit   '@jridgewell/trace-mapping': [ '0.3.31' ],
18 silly audit   '@radix-ui/number': [ '1.1.1' ],
18 silly audit   '@radix-ui/primitive': [ '1.1.3' ],
18 silly audit   '@radix-ui/react-accordion': [ '1.2.12' ],
18 silly audit   '@radix-ui/react-alert-dialog': [ '1.1.15' ],
18 silly audit   '@radix-ui/react-arrow': [ '1.1.7' ],
18 silly audit   '@radix-ui/react-aspect-ratio': [ '1.1.7' ],
18 silly audit   '@radix-ui/react-avatar': [ '1.1.10' ],
18 silly audit   '@radix-ui/react-checkbox': [ '1.3.3' ],
18 silly audit   '@radix-ui/react-collapsible': [ '1.1.12' ],
18 silly audit   '@radix-ui/react-collection': [ '1.1.7' ],
18 silly audit   '@radix-ui/react-compose-refs': [ '1.1.2' ],
18 silly audit   '@radix-ui/react-context': [ '1.1.2' ],
18 silly audit   '@radix-ui/react-context-menu': [ '2.2.16' ],
18 silly audit   '@radix-ui/react-dialog': [ '1.1.15' ],
18 silly audit   '@radix-ui/react-direction': [ '1.1.1' ],
18 silly audit   '@radix-ui/react-dismissable-layer': [ '1.1.11' ],
18 silly audit   '@radix-ui/react-dropdown-menu': [ '2.1.16' ],
18 silly audit   '@radix-ui/react-focus-guards': [ '1.1.3' ],
18 silly audit   '@radix-ui/react-focus-scope': [ '1.1.7' ],
18 silly audit   '@radix-ui/react-hover-card': [ '1.1.15' ],
18 silly audit   '@radix-ui/react-id': [ '1.1.1' ],
18 silly audit   '@radix-ui/react-label': [ '2.1.7' ],
18 silly audit   '@radix-ui/react-menu': [ '2.1.16' ],
18 silly audit   '@radix-ui/react-menubar': [ '1.1.16' ],
18 silly audit   '@radix-ui/react-navigation-menu': [ '1.2.14' ],
18 silly audit   '@radix-ui/react-popover': [ '1.1.15' ],
18 silly audit   '@radix-ui/react-popper': [ '1.2.8' ],
18 silly audit   '@radix-ui/react-portal': [ '1.1.9' ],
18 silly audit   '@radix-ui/react-presence': [ '1.1.5' ],
18 silly audit   '@radix-ui/react-primitive': [ '2.1.3' ],
18 silly audit   '@radix-ui/react-progress': [ '1.1.7' ],
18 silly audit   '@radix-ui/react-radio-group': [ '1.3.8' ],
18 silly audit   '@radix-ui/react-roving-focus': [ '1.1.11' ],
18 silly audit   '@radix-ui/react-scroll-area': [ '1.2.10' ],
18 silly audit   '@radix-ui/react-select': [ '2.2.6' ],
18 silly audit   '@radix-ui/react-separator': [ '1.1.7' ],
18 silly audit   '@radix-ui/react-slider': [ '1.3.6' ],
18 silly audit   '@radix-ui/react-slot': [ '1.2.3' ],
18 silly audit   '@radix-ui/react-switch': [ '1.2.6' ],
18 silly audit   '@radix-ui/react-tabs': [ '1.1.13' ],
18 silly audit   '@radix-ui/react-toggle': [ '1.1.10' ],
18 silly audit   '@radix-ui/react-toggle-group': [ '1.1.11' ],
18 silly audit   '@radix-ui/react-tooltip': [ '1.2.8' ],
18 silly audit   '@radix-ui/react-use-callback-ref': [ '1.1.1' ],
18 silly audit   '@radix-ui/react-use-controllable-state': [ '1.2.2' ],
18 silly audit   '@radix-ui/react-use-effect-event': [ '0.0.2' ],
18 silly audit   '@radix-ui/react-use-escape-keydown': [ '1.1.1' ],
18 silly audit   '@radix-ui/react-use-is-hydrated': [ '0.1.0' ],
18 silly audit   '@radix-ui/react-use-layout-effect': [ '1.1.1' ],
18 silly audit   '@radix-ui/react-use-previous': [ '1.1.1' ],
18 silly audit   '@radix-ui/react-use-rect': [ '1.1.1' ],
18 silly audit   '@radix-ui/react-use-size': [ '1.1.1' ],
18 silly audit   '@radix-ui/react-visually-hidden': [ '1.2.3' ],
18 silly audit   '@radix-ui/rect': [ '1.1.1' ],
18 silly audit   '@rolldown/pluginutils': [ '1.0.0-beta.27' ],
18 silly audit   '@rollup/rollup-android-arm-eabi': [ '4.52.5' ],
18 silly audit   '@rollup/rollup-android-arm64': [ '4.52.5' ],
18 silly audit   '@rollup/rollup-darwin-arm64': [ '4.52.5' ],
18 silly audit   '@rollup/rollup-darwin-x64': [ '4.52.5' ],
18 silly audit   '@rollup/rollup-freebsd-arm64': [ '4.52.5' ],
18 silly audit   '@rollup/rollup-freebsd-x64': [ '4.52.5' ],
18 silly audit   '@rollup/rollup-linux-arm-gnueabihf': [ '4.52.5' ],
18 silly audit   '@rollup/rollup-linux-arm-musleabihf': [ '4.52.5' ],
18 silly audit   '@rollup/rollup-linux-arm64-gnu': [ '4.52.5' ],
18 silly audit   '@rollup/rollup-linux-arm64-musl': [ '4.52.5' ],
18 silly audit   '@rollup/rollup-linux-loong64-gnu': [ '4.52.5' ],
18 silly audit   '@rollup/rollup-linux-ppc64-gnu': [ '4.52.5' ],
18 silly audit   '@rollup/rollup-linux-riscv64-gnu': [ '4.52.5' ],
18 silly audit   '@rollup/rollup-linux-riscv64-musl': [ '4.52.5' ],
18 silly audit   '@rollup/rollup-linux-s390x-gnu': [ '4.52.5' ],
18 silly audit   '@rollup/rollup-linux-x64-gnu': [ '4.52.5' ],
18 silly audit   '@rollup/rollup-linux-x64-musl': [ '4.52.5' ],
18 silly audit   '@rollup/rollup-openharmony-arm64': [ '4.52.5' ],
18 silly audit   '@rollup/rollup-win32-arm64-msvc': [ '4.52.5' ],
18 silly audit   '@rollup/rollup-win32-ia32-msvc': [ '4.52.5' ],
18 silly audit   '@rollup/rollup-win32-x64-gnu': [ '4.52.5' ],
18 silly audit   '@rollup/rollup-win32-x64-msvc': [ '4.52.5' ],
18 silly audit   '@swc/core': [ '1.15.0' ],
18 silly audit   '@swc/core-darwin-arm64': [ '1.15.0' ],
18 silly audit   '@swc/core-darwin-x64': [ '1.15.0' ],
18 silly audit   '@swc/core-linux-arm-gnueabihf': [ '1.15.0' ],
18 silly audit   '@swc/core-linux-arm64-gnu': [ '1.15.0' ],
18 silly audit   '@swc/core-linux-arm64-musl': [ '1.15.0' ],
18 silly audit   '@swc/core-linux-x64-gnu': [ '1.15.0' ],
18 silly audit   '@swc/core-linux-x64-musl': [ '1.15.0' ],
18 silly audit   '@swc/core-win32-arm64-msvc': [ '1.15.0' ],
18 silly audit   '@swc/core-win32-ia32-msvc': [ '1.15.0' ],
18 silly audit   '@swc/core-win32-x64-msvc': [ '1.15.0' ],
18 silly audit   '@swc/counter': [ '0.1.3' ],
18 silly audit   '@swc/types': [ '0.1.25' ],
18 silly audit   '@tailwindcss/node': [ '4.1.16' ],
18 silly audit   '@tailwindcss/oxide': [ '4.1.16' ],
18 silly audit   '@tailwindcss/oxide-android-arm64': [ '4.1.16' ],
18 silly audit   '@tailwindcss/oxide-darwin-arm64': [ '4.1.16' ],
18 silly audit   '@tailwindcss/oxide-darwin-x64': [ '4.1.16' ],
18 silly audit   '@tailwindcss/oxide-freebsd-x64': [ '4.1.16' ],
18 silly audit   '@tailwindcss/oxide-linux-arm-gnueabihf': [ '4.1.16' ],
18 silly audit   '@tailwindcss/oxide-linux-arm64-gnu': [ '4.1.16' ],
18 silly audit   '@tailwindcss/oxide-linux-arm64-musl': [ '4.1.16' ],
18 silly audit   '@tailwindcss/oxide-linux-x64-gnu': [ '4.1.16' ],
18 silly audit   '@tailwindcss/oxide-linux-x64-musl': [ '4.1.16' ],
18 silly audit   '@tailwindcss/oxide-win32-arm64-msvc': [ '4.1.16' ],
18 silly audit   '@tailwindcss/oxide-win32-x64-msvc': [ '4.1.16' ],
18 silly audit   '@tailwindcss/postcss': [ '4.1.16' ],
18 silly audit   '@types/d3-array': [ '3.2.2' ],
18 silly audit   '@types/d3-color': [ '3.1.3' ],
18 silly audit   '@types/d3-ease': [ '3.0.2' ],
18 silly audit   '@types/d3-interpolate': [ '3.0.4' ],
18 silly audit   '@types/d3-path': [ '3.1.1' ],
18 silly audit   '@types/d3-scale': [ '4.0.9' ],
18 silly audit   '@types/d3-shape': [ '3.1.7' ],
18 silly audit   '@types/d3-time': [ '3.0.4' ],
18 silly audit   '@types/d3-timer': [ '3.0.2' ],
18 silly audit   '@types/estree': [ '1.0.8' ],
18 silly audit   '@types/node': [ '20.19.24' ],
18 silly audit   '@vitejs/plugin-react-swc': [ '3.11.0' ],
18 silly audit   'aria-hidden': [ '1.2.6' ],
18 silly audit   autoprefixer: [ '10.4.21' ],
18 silly audit   'baseline-browser-mapping': [ '2.8.23' ],
18 silly audit   browserslist: [ '4.27.0' ],
18 silly audit   'caniuse-lite': [ '1.0.30001753' ],
18 silly audit   'class-variance-authority': [ '0.7.1' ],
18 silly audit   clsx: [ '2.1.1' ],
18 silly audit   cmdk: [ '1.1.1' ],
18 silly audit   csstype: [ '3.1.3' ],
18 silly audit   'd3-array': [ '3.2.4' ],
18 silly audit   'd3-color': [ '3.1.0' ],
18 silly audit   'd3-ease': [ '3.0.1' ],
18 silly audit   'd3-format': [ '3.1.0' ],
18 silly audit   'd3-interpolate': [ '3.0.1' ],
18 silly audit   'd3-path': [ '3.1.0' ],
18 silly audit   'd3-scale': [ '4.0.2' ],
18 silly audit   'd3-shape': [ '3.2.0' ],
18 silly audit   'd3-time': [ '3.1.0' ],
18 silly audit   'd3-time-format': [ '4.1.0' ],
18 silly audit   'd3-timer': [ '3.0.1' ],
18 silly audit   'date-fns': [ '3.6.0' ],
18 silly audit   'decimal.js-light': [ '2.5.1' ],
18 silly audit   'detect-libc': [ '2.1.2' ],
18 silly audit   'detect-node-es': [ '1.1.0' ],
18 silly audit   'dom-helpers': [ '5.2.1' ],
18 silly audit   'electron-to-chromium': [ '1.5.244' ],
18 silly audit   'embla-carousel': [ '8.6.0' ],
18 silly audit   'embla-carousel-react': [ '8.6.0' ],
18 silly audit   'embla-carousel-reactive-utils': [ '8.6.0' ],
18 silly audit   'enhanced-resolve': [ '5.18.3' ],
18 silly audit   esbuild: [ '0.25.12' ],
18 silly audit   escalade: [ '3.2.0' ],
18 silly audit   eventemitter3: [ '4.0.7' ],
18 silly audit   'fast-equals': [ '5.3.2' ],
18 silly audit   fdir: [ '6.5.0' ],
18 silly audit   'fraction.js': [ '4.3.7' ],
18 silly audit   fsevents: [ '2.3.3' ],
18 silly audit   'get-nonce': [ '1.0.1' ],
18 silly audit   'graceful-fs': [ '4.2.11' ],
18 silly audit   'input-otp': [ '1.4.2' ],
18 silly audit   internmap: [ '2.0.3' ],
18 silly audit   jiti: [ '2.6.1' ],
18 silly audit   'js-tokens': [ '4.0.0' ],
18 silly audit   lightningcss: [ '1.30.2' ],
18 silly audit   'lightningcss-android-arm64': [ '1.30.2' ],
18 silly audit   'lightningcss-darwin-arm64': [ '1.30.2' ],
18 silly audit   'lightningcss-darwin-x64': [ '1.30.2' ],
18 silly audit   'lightningcss-freebsd-x64': [ '1.30.2' ],
18 silly audit   'lightningcss-linux-arm-gnueabihf': [ '1.30.2' ],
18 silly audit   'lightningcss-linux-arm64-gnu': [ '1.30.2' ],
18 silly audit   'lightningcss-linux-arm64-musl': [ '1.30.2' ],
18 silly audit   'lightningcss-linux-x64-gnu': [ '1.30.2' ],
18 silly audit   'lightningcss-linux-x64-musl': [ '1.30.2' ],
18 silly audit   'lightningcss-win32-arm64-msvc': [ '1.30.2' ],
18 silly audit   'lightningcss-win32-x64-msvc': [ '1.30.2' ],
18 silly audit   lodash: [ '4.17.21' ],
18 silly audit   'loose-envify': [ '1.4.0' ],
18 silly audit   'lucide-react': [ '0.487.0' ],
18 silly audit   'magic-string': [ '0.30.21' ],
18 silly audit   nanoid: [ '3.3.11' ],
18 silly audit   'next-themes': [ '0.4.6' ],
18 silly audit   'node-releases': [ '2.0.27' ],
18 silly audit   'normalize-range': [ '0.1.2' ],
18 silly audit   'object-assign': [ '4.1.1' ],
18 silly audit   picocolors: [ '1.1.1' ],
18 silly audit   picomatch: [ '4.0.3' ],
18 silly audit   postcss: [ '8.5.6' ],
18 silly audit   'postcss-value-parser': [ '4.2.0' ],
18 silly audit   'prop-types': [ '15.8.1' ],
18 silly audit   'react-is': [ '16.13.1', '18.3.1' ],
18 silly audit   react: [ '18.3.1' ],
18 silly audit   'react-day-picker': [ '8.10.1' ],
18 silly audit   'react-dom': [ '18.3.1' ],
18 silly audit   'react-hook-form': [ '7.66.0' ],
18 silly audit   'react-remove-scroll': [ '2.7.1' ],
18 silly audit   'react-remove-scroll-bar': [ '2.3.8' ],
18 silly audit   'react-resizable-panels': [ '2.1.9' ],
18 silly audit   'react-smooth': [ '4.0.4' ],
18 silly audit   'react-style-singleton': [ '2.2.3' ],
18 silly audit   'react-transition-group': [ '4.4.5' ],
18 silly audit   recharts: [ '2.15.4' ],
18 silly audit   'recharts-scale': [ '0.4.5' ],
18 silly audit   rollup: [ '4.52.5' ],
18 silly audit   scheduler: [ '0.23.2' ],
18 silly audit   sonner: [ '2.0.7' ],
18 silly audit   'source-map-js': [ '1.2.1' ],
18 silly audit   'tailwind-merge': [ '3.3.1' ],
18 silly audit   tailwindcss: [ '4.1.16' ],
18 silly audit   tapable: [ '2.3.0' ],
18 silly audit   'tiny-invariant': [ '1.3.3' ],
18 silly audit   tinyglobby: [ '0.2.15' ],
18 silly audit   tslib: [ '2.8.1' ],
18 silly audit   'undici-types': [ '6.21.0' ],
18 silly audit   'update-browserslist-db': [ '1.1.4' ],
18 silly audit   'use-callback-ref': [ '1.3.3' ],
18 silly audit   'use-sidecar': [ '1.1.3' ],
18 silly audit   'use-sync-external-store': [ '1.6.0' ],
18 silly audit   vaul: [ '1.1.2' ],
18 silly audit   'victory-vendor': [ '36.9.2' ],
18 silly audit   vite: [ '6.4.1' ],
18 silly audit   '@tailwindcss/oxide-wasm32-wasi': [ '4.1.16' ]
18 silly audit }
19 verbose reify failed optional dependency /Users/michelleliu/NexusWebsiteV1/node_modules/lightningcss-win32-x64-msvc
20 silly reify mark deleted [
20 silly reify   '/Users/michelleliu/NexusWebsiteV1/node_modules/lightningcss-win32-x64-msvc'
20 silly reify ]
21 verbose reify failed optional dependency /Users/michelleliu/NexusWebsiteV1/node_modules/lightningcss-win32-arm64-msvc
22 silly reify mark deleted [
22 silly reify   '/Users/michelleliu/NexusWebsiteV1/node_modules/lightningcss-win32-arm64-msvc'
22 silly reify ]
23 verbose reify failed optional dependency /Users/michelleliu/NexusWebsiteV1/node_modules/lightningcss-linux-x64-musl
24 silly reify mark deleted [
24 silly reify   '/Users/michelleliu/NexusWebsiteV1/node_modules/lightningcss-linux-x64-musl'
24 silly reify ]
25 verbose reify failed optional dependency /Users/michelleliu/NexusWebsiteV1/node_modules/lightningcss-linux-x64-gnu
26 silly reify mark deleted [
26 silly reify   '/Users/michelleliu/NexusWebsiteV1/node_modules/lightningcss-linux-x64-gnu'
26 silly reify ]
27 verbose reify failed optional dependency /Users/michelleliu/NexusWebsiteV1/node_modules/lightningcss-linux-arm64-musl
28 silly reify mark deleted [
28 silly reify   '/Users/michelleliu/NexusWebsiteV1/node_modules/lightningcss-linux-arm64-musl'
28 silly reify ]
29 verbose reify failed optional dependency /Users/michelleliu/NexusWebsiteV1/node_modules/lightningcss-linux-arm64-gnu
30 silly reify mark deleted [
30 silly reify   '/Users/michelleliu/NexusWebsiteV1/node_modules/lightningcss-linux-arm64-gnu'
30 silly reify ]
31 verbose reify failed optional dependency /Users/michelleliu/NexusWebsiteV1/node_modules/lightningcss-linux-arm-gnueabihf
32 silly reify mark deleted [
32 silly reify   '/Users/michelleliu/NexusWebsiteV1/node_modules/lightningcss-linux-arm-gnueabihf'
32 silly reify ]
33 verbose reify failed optional dependency /Users/michelleliu/NexusWebsiteV1/node_modules/lightningcss-freebsd-x64
34 silly reify mark deleted [
34 silly reify   '/Users/michelleliu/NexusWebsiteV1/node_modules/lightningcss-freebsd-x64'
34 silly reify ]
35 verbose reify failed optional dependency /Users/michelleliu/NexusWebsiteV1/node_modules/lightningcss-darwin-x64
36 silly reify mark deleted [
36 silly reify   '/Users/michelleliu/NexusWebsiteV1/node_modules/lightningcss-darwin-x64'
36 silly reify ]
37 verbose reify failed optional dependency /Users/michelleliu/NexusWebsiteV1/node_modules/lightningcss-android-arm64
38 silly reify mark deleted [
38 silly reify   '/Users/michelleliu/NexusWebsiteV1/node_modules/lightningcss-android-arm64'
38 silly reify ]
39 verbose reify failed optional dependency /Users/michelleliu/NexusWebsiteV1/node_modules/@tailwindcss/oxide-win32-x64-msvc
40 silly reify mark deleted [
40 silly reify   '/Users/michelleliu/NexusWebsiteV1/node_modules/@tailwindcss/oxide-win32-x64-msvc'
40 silly reify ]
41 verbose reify failed optional dependency /Users/michelleliu/NexusWebsiteV1/node_modules/@tailwindcss/oxide-win32-arm64-msvc
42 silly reify mark deleted [
42 silly reify   '/Users/michelleliu/NexusWebsiteV1/node_modules/@tailwindcss/oxide-win32-arm64-msvc'
42 silly reify ]
43 verbose reify failed optional dependency /Users/michelleliu/NexusWebsiteV1/node_modules/@tailwindcss/oxide-linux-x64-musl
44 silly reify mark deleted [
44 silly reify   '/Users/michelleliu/NexusWebsiteV1/node_modules/@tailwindcss/oxide-linux-x64-musl'
44 silly reify ]
45 verbose reify failed optional dependency /Users/michelleliu/NexusWebsiteV1/node_modules/@tailwindcss/oxide-linux-x64-gnu
46 silly reify mark deleted [
46 silly reify   '/Users/michelleliu/NexusWebsiteV1/node_modules/@tailwindcss/oxide-linux-x64-gnu'
46 silly reify ]
47 verbose reify failed optional dependency /Users/michelleliu/NexusWebsiteV1/node_modules/@tailwindcss/oxide-linux-arm64-musl
48 silly reify mark deleted [
48 silly reify   '/Users/michelleliu/NexusWebsiteV1/node_modules/@tailwindcss/oxide-linux-arm64-musl'
48 silly reify ]
49 verbose reify failed optional dependency /Users/michelleliu/NexusWebsiteV1/node_modules/@tailwindcss/oxide-linux-arm64-gnu
50 silly reify mark deleted [
50 silly reify   '/Users/michelleliu/NexusWebsiteV1/node_modules/@tailwindcss/oxide-linux-arm64-gnu'
50 silly reify ]
51 verbose reify failed optional dependency /Users/michelleliu/NexusWebsiteV1/node_modules/@tailwindcss/oxide-linux-arm-gnueabihf
52 silly reify mark deleted [
52 silly reify   '/Users/michelleliu/NexusWebsiteV1/node_modules/@tailwindcss/oxide-linux-arm-gnueabihf'
52 silly reify ]
53 verbose reify failed optional dependency /Users/michelleliu/NexusWebsiteV1/node_modules/@tailwindcss/oxide-freebsd-x64
54 silly reify mark deleted [
54 silly reify   '/Users/michelleliu/NexusWebsiteV1/node_modules/@tailwindcss/oxide-freebsd-x64'
54 silly reify ]
55 verbose reify failed optional dependency /Users/michelleliu/NexusWebsiteV1/node_modules/@tailwindcss/oxide-darwin-x64
56 silly reify mark deleted [
56 silly reify   '/Users/michelleliu/NexusWebsiteV1/node_modules/@tailwindcss/oxide-darwin-x64'
56 silly reify ]
57 verbose reify failed optional dependency /Users/michelleliu/NexusWebsiteV1/node_modules/@tailwindcss/oxide-android-arm64
58 silly reify mark deleted [
58 silly reify   '/Users/michelleliu/NexusWebsiteV1/node_modules/@tailwindcss/oxide-android-arm64'
58 silly reify ]
59 verbose reify failed optional dependency /Users/michelleliu/NexusWebsiteV1/node_modules/@swc/core-win32-x64-msvc
60 silly reify mark deleted [
60 silly reify   '/Users/michelleliu/NexusWebsiteV1/node_modules/@swc/core-win32-x64-msvc'
60 silly reify ]
61 verbose reify failed optional dependency /Users/michelleliu/NexusWebsiteV1/node_modules/@swc/core-win32-ia32-msvc
62 silly reify mark deleted [
62 silly reify   '/Users/michelleliu/NexusWebsiteV1/node_modules/@swc/core-win32-ia32-msvc'
62 silly reify ]
63 verbose reify failed optional dependency /Users/michelleliu/NexusWebsiteV1/node_modules/@swc/core-win32-arm64-msvc
64 silly reify mark deleted [
64 silly reify   '/Users/michelleliu/NexusWebsiteV1/node_modules/@swc/core-win32-arm64-msvc'
64 silly reify ]
65 verbose reify failed optional dependency /Users/michelleliu/NexusWebsiteV1/node_modules/@swc/core-linux-x64-musl
66 silly reify mark deleted [
66 silly reify   '/Users/michelleliu/NexusWebsiteV1/node_modules/@swc/core-linux-x64-musl'
66 silly reify ]
67 verbose reify failed optional dependency /Users/michelleliu/NexusWebsiteV1/node_modules/@swc/core-linux-x64-gnu
68 silly reify mark deleted [
68 silly reify   '/Users/michelleliu/NexusWebsiteV1/node_modules/@swc/core-linux-x64-gnu'
68 silly reify ]
69 verbose reify failed optional dependency /Users/michelleliu/NexusWebsiteV1/node_modules/@swc/core-linux-arm64-musl
70 silly reify mark deleted [
70 silly reify   '/Users/michelleliu/NexusWebsiteV1/node_modules/@swc/core-linux-arm64-musl'
70 silly reify ]
71 verbose reify failed optional dependency /Users/michelleliu/NexusWebsiteV1/node_modules/@swc/core-linux-arm64-gnu
72 silly reify mark deleted [
72 silly reify   '/Users/michelleliu/NexusWebsiteV1/node_modules/@swc/core-linux-arm64-gnu'
72 silly reify ]
73 verbose reify failed optional dependency /Users/michelleliu/NexusWebsiteV1/node_modules/@swc/core-linux-arm-gnueabihf
74 silly reify mark deleted [
74 silly reify   '/Users/michelleliu/NexusWebsiteV1/node_modules/@swc/core-linux-arm-gnueabihf'
74 silly reify ]
75 verbose reify failed optional dependency /Users/michelleliu/NexusWebsiteV1/node_modules/@swc/core-darwin-x64
76 silly reify mark deleted [
76 silly reify   '/Users/michelleliu/NexusWebsiteV1/node_modules/@swc/core-darwin-x64'
76 silly reify ]
77 verbose reify failed optional dependency /Users/michelleliu/NexusWebsiteV1/node_modules/@rollup/rollup-win32-x64-msvc
78 silly reify mark deleted [
78 silly reify   '/Users/michelleliu/NexusWebsiteV1/node_modules/@rollup/rollup-win32-x64-msvc'
78 silly reify ]
79 verbose reify failed optional dependency /Users/michelleliu/NexusWebsiteV1/node_modules/@rollup/rollup-win32-x64-gnu
80 silly reify mark deleted [
80 silly reify   '/Users/michelleliu/NexusWebsiteV1/node_modules/@rollup/rollup-win32-x64-gnu'
80 silly reify ]
81 verbose reify failed optional dependency /Users/michelleliu/NexusWebsiteV1/node_modules/@rollup/rollup-win32-ia32-msvc
82 silly reify mark deleted [
82 silly reify   '/Users/michelleliu/NexusWebsiteV1/node_modules/@rollup/rollup-win32-ia32-msvc'
82 silly reify ]
83 verbose reify failed optional dependency /Users/michelleliu/NexusWebsiteV1/node_modules/@rollup/rollup-win32-arm64-msvc
84 silly reify mark deleted [
84 silly reify   '/Users/michelleliu/NexusWebsiteV1/node_modules/@rollup/rollup-win32-arm64-msvc'
84 silly reify ]
85 verbose reify failed optional dependency /Users/michelleliu/NexusWebsiteV1/node_modules/@rollup/rollup-openharmony-arm64
86 silly reify mark deleted [
86 silly reify   '/Users/michelleliu/NexusWebsiteV1/node_modules/@rollup/rollup-openharmony-arm64'
86 silly reify ]
87 verbose reify failed optional dependency /Users/michelleliu/NexusWebsiteV1/node_modules/@rollup/rollup-linux-x64-musl
88 silly reify mark deleted [
88 silly reify   '/Users/michelleliu/NexusWebsiteV1/node_modules/@rollup/rollup-linux-x64-musl'
88 silly reify ]
89 verbose reify failed optional dependency /Users/michelleliu/NexusWebsiteV1/node_modules/@rollup/rollup-linux-x64-gnu
90 silly reify mark deleted [
90 silly reify   '/Users/michelleliu/NexusWebsiteV1/node_modules/@rollup/rollup-linux-x64-gnu'
90 silly reify ]
91 verbose reify failed optional dependency /Users/michelleliu/NexusWebsiteV1/node_modules/@rollup/rollup-linux-s390x-gnu
92 silly reify mark deleted [
92 silly reify   '/Users/michelleliu/NexusWebsiteV1/node_modules/@rollup/rollup-linux-s390x-gnu'
92 silly reify ]
93 verbose reify failed optional dependency /Users/michelleliu/NexusWebsiteV1/node_modules/@rollup/rollup-linux-riscv64-musl
94 silly reify mark deleted [
94 silly reify   '/Users/michelleliu/NexusWebsiteV1/node_modules/@rollup/rollup-linux-riscv64-musl'
94 silly reify ]
95 verbose reify failed optional dependency /Users/michelleliu/NexusWebsiteV1/node_modules/@rollup/rollup-linux-riscv64-gnu
96 silly reify mark deleted [
96 silly reify   '/Users/michelleliu/NexusWebsiteV1/node_modules/@rollup/rollup-linux-riscv64-gnu'
96 silly reify ]
97 verbose reify failed optional dependency /Users/michelleliu/NexusWebsiteV1/node_modules/@rollup/rollup-linux-ppc64-gnu
98 silly reify mark deleted [
98 silly reify   '/Users/michelleliu/NexusWebsiteV1/node_modules/@rollup/rollup-linux-ppc64-gnu'
98 silly reify ]
99 verbose reify failed optional dependency /Users/michelleliu/NexusWebsiteV1/node_modules/@rollup/rollup-linux-loong64-gnu
100 silly reify mark deleted [
100 silly reify   '/Users/michelleliu/NexusWebsiteV1/node_modules/@rollup/rollup-linux-loong64-gnu'
100 silly reify ]
101 verbose reify failed optional dependency /Users/michelleliu/NexusWebsiteV1/node_modules/@rollup/rollup-linux-arm64-musl
102 silly reify mark deleted [
102 silly reify   '/Users/michelleliu/NexusWebsiteV1/node_modules/@rollup/rollup-linux-arm64-musl'
102 silly reify ]
103 verbose reify failed optional dependency /Users/michelleliu/NexusWebsiteV1/node_modules/@rollup/rollup-linux-arm64-gnu
104 silly reify mark deleted [
104 silly reify   '/Users/michelleliu/NexusWebsiteV1/node_modules/@rollup/rollup-linux-arm64-gnu'
104 silly reify ]
105 verbose reify failed optional dependency /Users/michelleliu/NexusWebsiteV1/node_modules/@rollup/rollup-linux-arm-musleabihf
106 silly reify mark deleted [
106 silly reify   '/Users/michelleliu/NexusWebsiteV1/node_modules/@rollup/rollup-linux-arm-musleabihf'
106 silly reify ]
107 verbose reify failed optional dependency /Users/michelleliu/NexusWebsiteV1/node_modules/@rollup/rollup-linux-arm-gnueabihf
108 silly reify mark deleted [
108 silly reify   '/Users/michelleliu/NexusWebsiteV1/node_modules/@rollup/rollup-linux-arm-gnueabihf'
108 silly reify ]
109 verbose reify failed optional dependency /Users/michelleliu/NexusWebsiteV1/node_modules/@rollup/rollup-freebsd-x64
110 silly reify mark deleted [
110 silly reify   '/Users/michelleliu/NexusWebsiteV1/node_modules/@rollup/rollup-freebsd-x64'
110 silly reify ]
111 verbose reify failed optional dependency /Users/michelleliu/NexusWebsiteV1/node_modules/@rollup/rollup-freebsd-arm64
112 silly reify mark deleted [
112 silly reify   '/Users/michelleliu/NexusWebsiteV1/node_modules/@rollup/rollup-freebsd-arm64'
112 silly reify ]
113 verbose reify failed optional dependency /Users/michelleliu/NexusWebsiteV1/node_modules/@rollup/rollup-darwin-x64
114 silly reify mark deleted [
114 silly reify   '/Users/michelleliu/NexusWebsiteV1/node_modules/@rollup/rollup-darwin-x64'
114 silly reify ]
115 verbose reify failed optional dependency /Users/michelleliu/NexusWebsiteV1/node_modules/@rollup/rollup-android-arm64
116 silly reify mark deleted [
116 silly reify   '/Users/michelleliu/NexusWebsiteV1/node_modules/@rollup/rollup-android-arm64'
116 silly reify ]
117 verbose reify failed optional dependency /Users/michelleliu/NexusWebsiteV1/node_modules/@rollup/rollup-android-arm-eabi
118 silly reify mark deleted [
118 silly reify   '/Users/michelleliu/NexusWebsiteV1/node_modules/@rollup/rollup-android-arm-eabi'
118 silly reify ]
119 verbose reify failed optional dependency /Users/michelleliu/NexusWebsiteV1/node_modules/@esbuild/win32-x64
120 silly reify mark deleted [ '/Users/michelleliu/NexusWebsiteV1/node_modules/@esbuild/win32-x64' ]
121 verbose reify failed optional dependency /Users/michelleliu/NexusWebsiteV1/node_modules/@esbuild/win32-ia32
122 silly reify mark deleted [
122 silly reify   '/Users/michelleliu/NexusWebsiteV1/node_modules/@esbuild/win32-ia32'
122 silly reify ]
123 verbose reify failed optional dependency /Users/michelleliu/NexusWebsiteV1/node_modules/@esbuild/win32-arm64
124 silly reify mark deleted [
124 silly reify   '/Users/michelleliu/NexusWebsiteV1/node_modules/@esbuild/win32-arm64'
124 silly reify ]
125 verbose reify failed optional dependency /Users/michelleliu/NexusWebsiteV1/node_modules/@esbuild/sunos-x64
126 silly reify mark deleted [ '/Users/michelleliu/NexusWebsiteV1/node_modules/@esbuild/sunos-x64' ]
127 verbose reify failed optional dependency /Users/michelleliu/NexusWebsiteV1/node_modules/@esbuild/openharmony-arm64
128 silly reify mark deleted [
128 silly reify   '/Users/michelleliu/NexusWebsiteV1/node_modules/@esbuild/openharmony-arm64'
128 silly reify ]
129 verbose reify failed optional dependency /Users/michelleliu/NexusWebsiteV1/node_modules/@esbuild/openbsd-x64
130 silly reify mark deleted [
130 silly reify   '/Users/michelleliu/NexusWebsiteV1/node_modules/@esbuild/openbsd-x64'
130 silly reify ]
131 verbose reify failed optional dependency /Users/michelleliu/NexusWebsiteV1/node_modules/@esbuild/openbsd-arm64
132 silly reify mark deleted [
132 silly reify   '/Users/michelleliu/NexusWebsiteV1/node_modules/@esbuild/openbsd-arm64'
132 silly reify ]
133 verbose reify failed optional dependency /Users/michelleliu/NexusWebsiteV1/node_modules/@esbuild/netbsd-x64
134 silly reify mark deleted [
134 silly reify   '/Users/michelleliu/NexusWebsiteV1/node_modules/@esbuild/netbsd-x64'
134 silly reify ]
135 verbose reify failed optional dependency /Users/michelleliu/NexusWebsiteV1/node_modules/@esbuild/netbsd-arm64
136 silly reify mark deleted [
136 silly reify   '/Users/michelleliu/NexusWebsiteV1/node_modules/@esbuild/netbsd-arm64'
136 silly reify ]
137 verbose reify failed optional dependency /Users/michelleliu/NexusWebsiteV1/node_modules/@esbuild/linux-x64
138 silly reify mark deleted [ '/Users/michelleliu/NexusWebsiteV1/node_modules/@esbuild/linux-x64' ]
139 verbose reify failed optional dependency /Users/michelleliu/NexusWebsiteV1/node_modules/@esbuild/linux-s390x
140 silly reify mark deleted [
140 silly reify   '/Users/michelleliu/NexusWebsiteV1/node_modules/@esbuild/linux-s390x'
140 silly reify ]
141 verbose reify failed optional dependency /Users/michelleliu/NexusWebsiteV1/node_modules/@esbuild/linux-riscv64
142 silly reify mark deleted [
142 silly reify   '/Users/michelleliu/NexusWebsiteV1/node_modules/@esbuild/linux-riscv64'
142 silly reify ]
143 verbose reify failed optional dependency /Users/michelleliu/NexusWebsiteV1/node_modules/@esbuild/linux-ppc64
144 silly reify mark deleted [
144 silly reify   '/Users/michelleliu/NexusWebsiteV1/node_modules/@esbuild/linux-ppc64'
144 silly reify ]
145 verbose reify failed optional dependency /Users/michelleliu/NexusWebsiteV1/node_modules/@esbuild/linux-mips64el
146 silly reify mark deleted [
146 silly reify   '/Users/michelleliu/NexusWebsiteV1/node_modules/@esbuild/linux-mips64el'
146 silly reify ]
147 verbose reify failed optional dependency /Users/michelleliu/NexusWebsiteV1/node_modules/@esbuild/linux-loong64
148 silly reify mark deleted [
148 silly reify   '/Users/michelleliu/NexusWebsiteV1/node_modules/@esbuild/linux-loong64'
148 silly reify ]
149 verbose reify failed optional dependency /Users/michelleliu/NexusWebsiteV1/node_modules/@esbuild/linux-ia32
150 silly reify mark deleted [
150 silly reify   '/Users/michelleliu/NexusWebsiteV1/node_modules/@esbuild/linux-ia32'
150 silly reify ]
151 verbose reify failed optional dependency /Users/michelleliu/NexusWebsiteV1/node_modules/@esbuild/linux-arm64
152 silly reify mark deleted [
152 silly reify   '/Users/michelleliu/NexusWebsiteV1/node_modules/@esbuild/linux-arm64'
152 silly reify ]
153 verbose reify failed optional dependency /Users/michelleliu/NexusWebsiteV1/node_modules/@esbuild/linux-arm
154 silly reify mark deleted [ '/Users/michelleliu/NexusWebsiteV1/node_modules/@esbuild/linux-arm' ]
155 verbose reify failed optional dependency /Users/michelleliu/NexusWebsiteV1/node_modules/@esbuild/freebsd-x64
156 silly reify mark deleted [
156 silly reify   '/Users/michelleliu/NexusWebsiteV1/node_modules/@esbuild/freebsd-x64'
156 silly reify ]
157 verbose reify failed optional dependency /Users/michelleliu/NexusWebsiteV1/node_modules/@esbuild/freebsd-arm64
158 silly reify mark deleted [
158 silly reify   '/Users/michelleliu/NexusWebsiteV1/node_modules/@esbuild/freebsd-arm64'
158 silly reify ]
159 verbose reify failed optional dependency /Users/michelleliu/NexusWebsiteV1/node_modules/@esbuild/darwin-x64
160 silly reify mark deleted [
160 silly reify   '/Users/michelleliu/NexusWebsiteV1/node_modules/@esbuild/darwin-x64'
160 silly reify ]
161 verbose reify failed optional dependency /Users/michelleliu/NexusWebsiteV1/node_modules/@esbuild/android-x64
162 silly reify mark deleted [
162 silly reify   '/Users/michelleliu/NexusWebsiteV1/node_modules/@esbuild/android-x64'
162 silly reify ]
163 verbose reify failed optional dependency /Users/michelleliu/NexusWebsiteV1/node_modules/@esbuild/android-arm64
164 silly reify mark deleted [
164 silly reify   '/Users/michelleliu/NexusWebsiteV1/node_modules/@esbuild/android-arm64'
164 silly reify ]
165 verbose reify failed optional dependency /Users/michelleliu/NexusWebsiteV1/node_modules/@esbuild/android-arm
166 silly reify mark deleted [
166 silly reify   '/Users/michelleliu/NexusWebsiteV1/node_modules/@esbuild/android-arm'
166 silly reify ]
167 verbose reify failed optional dependency /Users/michelleliu/NexusWebsiteV1/node_modules/@esbuild/aix-ppc64
168 silly reify mark deleted [ '/Users/michelleliu/NexusWebsiteV1/node_modules/@esbuild/aix-ppc64' ]
169 http fetch POST 200 https://registry.npmjs.org/-/npm/v1/security/advisories/bulk 125ms
170 silly audit report {}
171 silly ADD
172 silly ADD
173 silly ADD
174 silly ADD
175 silly ADD
176 silly ADD
177 silly ADD
178 silly ADD
179 silly ADD
180 silly ADD
181 silly ADD
182 silly ADD
183 silly ADD
184 silly ADD
185 silly ADD
186 silly ADD
187 silly ADD
188 silly ADD
189 silly ADD
190 silly ADD
191 silly ADD
192 silly ADD
193 silly ADD
194 silly ADD
195 silly ADD
196 silly ADD
197 silly ADD
198 silly ADD
199 silly ADD
200 silly ADD
201 silly ADD
202 silly ADD
203 silly ADD
204 silly ADD
205 silly ADD
206 silly ADD
207 silly ADD
208 silly ADD
209 silly ADD
210 silly ADD
211 silly ADD
212 silly ADD
213 silly ADD
214 silly ADD
215 silly ADD
216 silly ADD
217 silly ADD
218 silly ADD
219 silly ADD
220 silly ADD
221 silly ADD
222 silly ADD
223 silly ADD
224 silly ADD
225 silly ADD
226 silly ADD
227 silly ADD
228 silly ADD
229 silly ADD
230 silly ADD
231 silly ADD
232 silly ADD
233 silly ADD
234 silly ADD
235 silly ADD
236 silly ADD
237 silly ADD
238 silly ADD
239 silly ADD
240 silly ADD
241 silly ADD
242 silly ADD
243 silly ADD
244 silly ADD
245 silly ADD
246 silly ADD
247 verbose cwd /Users/michelleliu/NexusWebsiteV1
248 verbose os Darwin 24.6.0
249 verbose node v22.21.0
250 verbose npm  v10.9.4
251 verbose exit 0
252 info ok
