0 verbose cli /Users/michelleliu/.nvm/versions/node/v22.21.0/bin/node /Users/michelleliu/.nvm/versions/node/v22.21.0/bin/npm
1 info using npm@10.9.4
2 info using node@v22.21.0
3 silly config load:file:/Users/michelleliu/.nvm/versions/node/v22.21.0/lib/node_modules/npm/npmrc
4 silly config load:file:/Users/michelleliu/NexusWebsiteV1/.npmrc
5 silly config load:file:/Users/michelleliu/.npmrc
6 silly config load:file:/Users/michelleliu/.nvm/versions/node/v22.21.0/etc/npmrc
7 verbose title npm install
8 verbose argv "install"
9 verbose logfile logs-max:10 dir:/Users/michelleliu/NexusWebsiteV1/.npm-cache/_logs/2025-11-04T07_24_09_454Z-
10 verbose logfile /Users/michelleliu/NexusWebsiteV1/.npm-cache/_logs/2025-11-04T07_24_09_454Z-debug-0.log
11 silly logfile done cleaning log files
12 silly packumentCache heap:4345298944 maxSize:1086324736 maxEntrySize:543162368
13 silly idealTree buildDeps
14 silly fetch manifest tailwindcss@^4.1.16
15 silly packumentCache full:https://registry.npmjs.org/tailwindcss cache-miss
16 http fetch GET 200 https://registry.npmjs.org/tailwindcss 124ms (cache revalidated)
17 silly packumentCache full:https://registry.npmjs.org/tailwindcss set size:9814913 disposed:false
18 silly placeDep ROOT tailwindcss@4.1.16 REPLACE for: Implement Design Code@0.1.0 want: ^4.1.16
19 silly reify mark retired [ '/Users/michelleliu/NexusWebsiteV1/node_modules/@isaacs/cliui' ]
20 silly reify mark retired [
20 silly reify   '/Users/michelleliu/NexusWebsiteV1/node_modules/@nodelib/fs.scandir'
20 silly reify ]
21 silly reify mark retired [ '/Users/michelleliu/NexusWebsiteV1/node_modules/@nodelib/fs.stat' ]
22 silly reify mark retired [ '/Users/michelleliu/NexusWebsiteV1/node_modules/@nodelib/fs.walk' ]
23 silly reify mark retired [ '/Users/michelleliu/NexusWebsiteV1/node_modules/@pkgjs/parseargs' ]
24 silly reify mark retired [
24 silly reify   '/Users/michelleliu/NexusWebsiteV1/node_modules/@tailwindcss/node/node_modules/tailwindcss'
24 silly reify ]
25 silly reify mark retired [
25 silly reify   '/Users/michelleliu/NexusWebsiteV1/node_modules/@tailwindcss/postcss/node_modules/tailwindcss'
25 silly reify ]
26 silly reify mark retired [ '/Users/michelleliu/NexusWebsiteV1/node_modules/ansi-regex' ]
27 silly reify mark retired [ '/Users/michelleliu/NexusWebsiteV1/node_modules/ansi-styles' ]
28 silly reify mark retired [ '/Users/michelleliu/NexusWebsiteV1/node_modules/any-promise' ]
29 silly reify mark retired [ '/Users/michelleliu/NexusWebsiteV1/node_modules/anymatch' ]
30 silly reify mark retired [ '/Users/michelleliu/NexusWebsiteV1/node_modules/arg' ]
31 silly reify mark retired [ '/Users/michelleliu/NexusWebsiteV1/node_modules/balanced-match' ]
32 silly reify mark retired [ '/Users/michelleliu/NexusWebsiteV1/node_modules/binary-extensions' ]
33 silly reify mark retired [ '/Users/michelleliu/NexusWebsiteV1/node_modules/brace-expansion' ]
34 silly reify mark retired [ '/Users/michelleliu/NexusWebsiteV1/node_modules/braces' ]
35 silly reify mark retired [ '/Users/michelleliu/NexusWebsiteV1/node_modules/camelcase-css' ]
36 silly reify mark retired [ '/Users/michelleliu/NexusWebsiteV1/node_modules/chokidar' ]
37 silly reify mark retired [ '/Users/michelleliu/NexusWebsiteV1/node_modules/color-convert' ]
38 silly reify mark retired [ '/Users/michelleliu/NexusWebsiteV1/node_modules/color-name' ]
39 silly reify mark retired [ '/Users/michelleliu/NexusWebsiteV1/node_modules/commander' ]
40 silly reify mark retired [ '/Users/michelleliu/NexusWebsiteV1/node_modules/cross-spawn' ]
41 silly reify mark retired [
41 silly reify   '/Users/michelleliu/NexusWebsiteV1/node_modules/cssesc',
41 silly reify   '/Users/michelleliu/NexusWebsiteV1/node_modules/.bin/cssesc'
41 silly reify ]
42 silly reify mark retired [ '/Users/michelleliu/NexusWebsiteV1/node_modules/didyoumean' ]
43 silly reify mark retired [ '/Users/michelleliu/NexusWebsiteV1/node_modules/dlv' ]
44 silly reify mark retired [ '/Users/michelleliu/NexusWebsiteV1/node_modules/eastasianwidth' ]
45 silly reify mark retired [ '/Users/michelleliu/NexusWebsiteV1/node_modules/emoji-regex' ]
46 silly reify mark retired [ '/Users/michelleliu/NexusWebsiteV1/node_modules/fast-glob' ]
47 silly reify mark retired [ '/Users/michelleliu/NexusWebsiteV1/node_modules/fastq' ]
48 silly reify mark retired [ '/Users/michelleliu/NexusWebsiteV1/node_modules/fill-range' ]
49 silly reify mark retired [ '/Users/michelleliu/NexusWebsiteV1/node_modules/foreground-child' ]
50 silly reify mark retired [ '/Users/michelleliu/NexusWebsiteV1/node_modules/function-bind' ]
51 silly reify mark retired [
51 silly reify   '/Users/michelleliu/NexusWebsiteV1/node_modules/glob',
51 silly reify   '/Users/michelleliu/NexusWebsiteV1/node_modules/.bin/glob'
51 silly reify ]
52 silly reify mark retired [ '/Users/michelleliu/NexusWebsiteV1/node_modules/glob-parent' ]
53 silly reify mark retired [ '/Users/michelleliu/NexusWebsiteV1/node_modules/hasown' ]
54 silly reify mark retired [ '/Users/michelleliu/NexusWebsiteV1/node_modules/is-binary-path' ]
55 silly reify mark retired [ '/Users/michelleliu/NexusWebsiteV1/node_modules/is-core-module' ]
56 silly reify mark retired [ '/Users/michelleliu/NexusWebsiteV1/node_modules/is-extglob' ]
57 silly reify mark retired [
57 silly reify   '/Users/michelleliu/NexusWebsiteV1/node_modules/is-fullwidth-code-point'
57 silly reify ]
58 silly reify mark retired [ '/Users/michelleliu/NexusWebsiteV1/node_modules/is-glob' ]
59 silly reify mark retired [ '/Users/michelleliu/NexusWebsiteV1/node_modules/is-number' ]
60 silly reify mark retired [ '/Users/michelleliu/NexusWebsiteV1/node_modules/isexe' ]
61 silly reify mark retired [ '/Users/michelleliu/NexusWebsiteV1/node_modules/jackspeak' ]
62 silly reify mark retired [ '/Users/michelleliu/NexusWebsiteV1/node_modules/lilconfig' ]
63 silly reify mark retired [ '/Users/michelleliu/NexusWebsiteV1/node_modules/lines-and-columns' ]
64 silly reify mark retired [ '/Users/michelleliu/NexusWebsiteV1/node_modules/lru-cache' ]
65 silly reify mark retired [ '/Users/michelleliu/NexusWebsiteV1/node_modules/merge2' ]
66 silly reify mark retired [ '/Users/michelleliu/NexusWebsiteV1/node_modules/micromatch' ]
67 silly reify mark retired [ '/Users/michelleliu/NexusWebsiteV1/node_modules/minimatch' ]
68 silly reify mark retired [ '/Users/michelleliu/NexusWebsiteV1/node_modules/minipass' ]
69 silly reify mark retired [ '/Users/michelleliu/NexusWebsiteV1/node_modules/mz' ]
70 silly reify mark retired [ '/Users/michelleliu/NexusWebsiteV1/node_modules/normalize-path' ]
71 silly reify mark retired [ '/Users/michelleliu/NexusWebsiteV1/node_modules/object-hash' ]
72 silly reify mark retired [
72 silly reify   '/Users/michelleliu/NexusWebsiteV1/node_modules/package-json-from-dist'
72 silly reify ]
73 silly reify mark retired [ '/Users/michelleliu/NexusWebsiteV1/node_modules/path-key' ]
74 silly reify mark retired [ '/Users/michelleliu/NexusWebsiteV1/node_modules/path-parse' ]
75 silly reify mark retired [ '/Users/michelleliu/NexusWebsiteV1/node_modules/path-scurry' ]
76 silly reify mark retired [ '/Users/michelleliu/NexusWebsiteV1/node_modules/pify' ]
77 silly reify mark retired [ '/Users/michelleliu/NexusWebsiteV1/node_modules/pirates' ]
78 silly reify mark retired [ '/Users/michelleliu/NexusWebsiteV1/node_modules/postcss-import' ]
79 silly reify mark retired [ '/Users/michelleliu/NexusWebsiteV1/node_modules/postcss-js' ]
80 silly reify mark retired [
80 silly reify   '/Users/michelleliu/NexusWebsiteV1/node_modules/postcss-load-config'
80 silly reify ]
81 silly reify mark retired [ '/Users/michelleliu/NexusWebsiteV1/node_modules/postcss-nested' ]
82 silly reify mark retired [
82 silly reify   '/Users/michelleliu/NexusWebsiteV1/node_modules/postcss-selector-parser'
82 silly reify ]
83 silly reify mark retired [ '/Users/michelleliu/NexusWebsiteV1/node_modules/queue-microtask' ]
84 silly reify mark retired [ '/Users/michelleliu/NexusWebsiteV1/node_modules/read-cache' ]
85 silly reify mark retired [ '/Users/michelleliu/NexusWebsiteV1/node_modules/readdirp' ]
86 silly reify mark retired [
86 silly reify   '/Users/michelleliu/NexusWebsiteV1/node_modules/resolve',
86 silly reify   '/Users/michelleliu/NexusWebsiteV1/node_modules/.bin/resolve'
86 silly reify ]
87 silly reify mark retired [ '/Users/michelleliu/NexusWebsiteV1/node_modules/reusify' ]
88 silly reify mark retired [ '/Users/michelleliu/NexusWebsiteV1/node_modules/run-parallel' ]
89 silly reify mark retired [ '/Users/michelleliu/NexusWebsiteV1/node_modules/shebang-command' ]
90 silly reify mark retired [ '/Users/michelleliu/NexusWebsiteV1/node_modules/shebang-regex' ]
91 silly reify mark retired [ '/Users/michelleliu/NexusWebsiteV1/node_modules/signal-exit' ]
92 silly reify mark retired [ '/Users/michelleliu/NexusWebsiteV1/node_modules/string-width' ]
93 silly reify mark retired [ '/Users/michelleliu/NexusWebsiteV1/node_modules/string-width-cjs' ]
94 silly reify mark retired [ '/Users/michelleliu/NexusWebsiteV1/node_modules/strip-ansi' ]
95 silly reify mark retired [ '/Users/michelleliu/NexusWebsiteV1/node_modules/strip-ansi-cjs' ]
96 silly reify mark retired [
96 silly reify   '/Users/michelleliu/NexusWebsiteV1/node_modules/sucrase',
96 silly reify   '/Users/michelleliu/NexusWebsiteV1/node_modules/.bin/sucrase',
96 silly reify   '/Users/michelleliu/NexusWebsiteV1/node_modules/.bin/sucrase-node'
96 silly reify ]
97 silly reify mark retired [
97 silly reify   '/Users/michelleliu/NexusWebsiteV1/node_modules/supports-preserve-symlinks-flag'
97 silly reify ]
98 silly reify mark retired [
98 silly reify   '/Users/michelleliu/NexusWebsiteV1/node_modules/tailwindcss',
98 silly reify   '/Users/michelleliu/NexusWebsiteV1/node_modules/.bin/tailwind',
98 silly reify   '/Users/michelleliu/NexusWebsiteV1/node_modules/.bin/tailwindcss'
98 silly reify ]
99 silly reify mark retired [ '/Users/michelleliu/NexusWebsiteV1/node_modules/thenify' ]
100 silly reify mark retired [ '/Users/michelleliu/NexusWebsiteV1/node_modules/thenify-all' ]
101 silly reify mark retired [ '/Users/michelleliu/NexusWebsiteV1/node_modules/to-regex-range' ]
102 silly reify mark retired [
102 silly reify   '/Users/michelleliu/NexusWebsiteV1/node_modules/ts-interface-checker'
102 silly reify ]
103 silly reify mark retired [ '/Users/michelleliu/NexusWebsiteV1/node_modules/util-deprecate' ]
104 silly reify mark retired [
104 silly reify   '/Users/michelleliu/NexusWebsiteV1/node_modules/which',
104 silly reify   '/Users/michelleliu/NexusWebsiteV1/node_modules/.bin/node-which'
104 silly reify ]
105 silly reify mark retired [ '/Users/michelleliu/NexusWebsiteV1/node_modules/wrap-ansi' ]
106 silly reify mark retired [ '/Users/michelleliu/NexusWebsiteV1/node_modules/wrap-ansi-cjs' ]
107 silly reify moves {
107 silly reify   '/Users/michelleliu/NexusWebsiteV1/node_modules/@isaacs/cliui': '/Users/michelleliu/NexusWebsiteV1/node_modules/@isaacs/.cliui-FB8ZMQr8',
107 silly reify   '/Users/michelleliu/NexusWebsiteV1/node_modules/@nodelib/fs.scandir': '/Users/michelleliu/NexusWebsiteV1/node_modules/@nodelib/.fs.scandir-Eq0kBA13',
107 silly reify   '/Users/michelleliu/NexusWebsiteV1/node_modules/@nodelib/fs.stat': '/Users/michelleliu/NexusWebsiteV1/node_modules/@nodelib/.fs.stat-ktXDQdxR',
107 silly reify   '/Users/michelleliu/NexusWebsiteV1/node_modules/@nodelib/fs.walk': '/Users/michelleliu/NexusWebsiteV1/node_modules/@nodelib/.fs.walk-NrixzU69',
107 silly reify   '/Users/michelleliu/NexusWebsiteV1/node_modules/@pkgjs/parseargs': '/Users/michelleliu/NexusWebsiteV1/node_modules/@pkgjs/.parseargs-AF3ZVbay',
107 silly reify   '/Users/michelleliu/NexusWebsiteV1/node_modules/@tailwindcss/node/node_modules/tailwindcss': '/Users/michelleliu/NexusWebsiteV1/node_modules/@tailwindcss/node/node_modules/.tailwindcss-omtTOdF0',
107 silly reify   '/Users/michelleliu/NexusWebsiteV1/node_modules/@tailwindcss/postcss/node_modules/tailwindcss': '/Users/michelleliu/NexusWebsiteV1/node_modules/@tailwindcss/postcss/node_modules/.tailwindcss-KRNRBQCn',
107 silly reify   '/Users/michelleliu/NexusWebsiteV1/node_modules/ansi-regex': '/Users/michelleliu/NexusWebsiteV1/node_modules/.ansi-regex-2zYIfKmC',
107 silly reify   '/Users/michelleliu/NexusWebsiteV1/node_modules/ansi-styles': '/Users/michelleliu/NexusWebsiteV1/node_modules/.ansi-styles-fmhZGSSC',
107 silly reify   '/Users/michelleliu/NexusWebsiteV1/node_modules/any-promise': '/Users/michelleliu/NexusWebsiteV1/node_modules/.any-promise-QaTH24F6',
107 silly reify   '/Users/michelleliu/NexusWebsiteV1/node_modules/anymatch': '/Users/michelleliu/NexusWebsiteV1/node_modules/.anymatch-Ax3hji7f',
107 silly reify   '/Users/michelleliu/NexusWebsiteV1/node_modules/arg': '/Users/michelleliu/NexusWebsiteV1/node_modules/.arg-ka0UALCz',
107 silly reify   '/Users/michelleliu/NexusWebsiteV1/node_modules/balanced-match': '/Users/michelleliu/NexusWebsiteV1/node_modules/.balanced-match-8vkZTYBT',
107 silly reify   '/Users/michelleliu/NexusWebsiteV1/node_modules/binary-extensions': '/Users/michelleliu/NexusWebsiteV1/node_modules/.binary-extensions-ItOhpPWy',
107 silly reify   '/Users/michelleliu/NexusWebsiteV1/node_modules/brace-expansion': '/Users/michelleliu/NexusWebsiteV1/node_modules/.brace-expansion-oD165VGt',
107 silly reify   '/Users/michelleliu/NexusWebsiteV1/node_modules/braces': '/Users/michelleliu/NexusWebsiteV1/node_modules/.braces-1Y3SwXRi',
107 silly reify   '/Users/michelleliu/NexusWebsiteV1/node_modules/camelcase-css': '/Users/michelleliu/NexusWebsiteV1/node_modules/.camelcase-css-huRYod1h',
107 silly reify   '/Users/michelleliu/NexusWebsiteV1/node_modules/chokidar': '/Users/michelleliu/NexusWebsiteV1/node_modules/.chokidar-InOnynIe',
107 silly reify   '/Users/michelleliu/NexusWebsiteV1/node_modules/color-convert': '/Users/michelleliu/NexusWebsiteV1/node_modules/.color-convert-a6MMK5ho',
107 silly reify   '/Users/michelleliu/NexusWebsiteV1/node_modules/color-name': '/Users/michelleliu/NexusWebsiteV1/node_modules/.color-name-vtg9ln5b',
107 silly reify   '/Users/michelleliu/NexusWebsiteV1/node_modules/commander': '/Users/michelleliu/NexusWebsiteV1/node_modules/.commander-9fLfxjzA',
107 silly reify   '/Users/michelleliu/NexusWebsiteV1/node_modules/cross-spawn': '/Users/michelleliu/NexusWebsiteV1/node_modules/.cross-spawn-n5ytdKrb',
107 silly reify   '/Users/michelleliu/NexusWebsiteV1/node_modules/cssesc': '/Users/michelleliu/NexusWebsiteV1/node_modules/.cssesc-503yXzYG',
107 silly reify   '/Users/michelleliu/NexusWebsiteV1/node_modules/.bin/cssesc': '/Users/michelleliu/NexusWebsiteV1/node_modules/.bin/.cssesc-74crJ3KR',
107 silly reify   '/Users/michelleliu/NexusWebsiteV1/node_modules/didyoumean': '/Users/michelleliu/NexusWebsiteV1/node_modules/.didyoumean-gmBBbEKI',
107 silly reify   '/Users/michelleliu/NexusWebsiteV1/node_modules/dlv': '/Users/michelleliu/NexusWebsiteV1/node_modules/.dlv-sO4Iiij0',
107 silly reify   '/Users/michelleliu/NexusWebsiteV1/node_modules/eastasianwidth': '/Users/michelleliu/NexusWebsiteV1/node_modules/.eastasianwidth-09XOImYn',
107 silly reify   '/Users/michelleliu/NexusWebsiteV1/node_modules/emoji-regex': '/Users/michelleliu/NexusWebsiteV1/node_modules/.emoji-regex-F6tMQ0Kn',
107 silly reify   '/Users/michelleliu/NexusWebsiteV1/node_modules/fast-glob': '/Users/michelleliu/NexusWebsiteV1/node_modules/.fast-glob-ZZQajMJb',
107 silly reify   '/Users/michelleliu/NexusWebsiteV1/node_modules/fastq': '/Users/michelleliu/NexusWebsiteV1/node_modules/.fastq-XJezL1mZ',
107 silly reify   '/Users/michelleliu/NexusWebsiteV1/node_modules/fill-range': '/Users/michelleliu/NexusWebsiteV1/node_modules/.fill-range-vS7qPILD',
107 silly reify   '/Users/michelleliu/NexusWebsiteV1/node_modules/foreground-child': '/Users/michelleliu/NexusWebsiteV1/node_modules/.foreground-child-JUaTA3Xt',
107 silly reify   '/Users/michelleliu/NexusWebsiteV1/node_modules/function-bind': '/Users/michelleliu/NexusWebsiteV1/node_modules/.function-bind-2zSLtUHG',
107 silly reify   '/Users/michelleliu/NexusWebsiteV1/node_modules/glob': '/Users/michelleliu/NexusWebsiteV1/node_modules/.glob-Zfa1nJfw',
107 silly reify   '/Users/michelleliu/NexusWebsiteV1/node_modules/.bin/glob': '/Users/michelleliu/NexusWebsiteV1/node_modules/.bin/.glob-Bb2K5VSG',
107 silly reify   '/Users/michelleliu/NexusWebsiteV1/node_modules/glob-parent': '/Users/michelleliu/NexusWebsiteV1/node_modules/.glob-parent-S5wyqBwc',
107 silly reify   '/Users/michelleliu/NexusWebsiteV1/node_modules/hasown': '/Users/michelleliu/NexusWebsiteV1/node_modules/.hasown-PiPUPvhl',
107 silly reify   '/Users/michelleliu/NexusWebsiteV1/node_modules/is-binary-path': '/Users/michelleliu/NexusWebsiteV1/node_modules/.is-binary-path-fyRVc0Ad',
107 silly reify   '/Users/michelleliu/NexusWebsiteV1/node_modules/is-core-module': '/Users/michelleliu/NexusWebsiteV1/node_modules/.is-core-module-F1qjb5rw',
107 silly reify   '/Users/michelleliu/NexusWebsiteV1/node_modules/is-extglob': '/Users/michelleliu/NexusWebsiteV1/node_modules/.is-extglob-ckzyPxhZ',
107 silly reify   '/Users/michelleliu/NexusWebsiteV1/node_modules/is-fullwidth-code-point': '/Users/michelleliu/NexusWebsiteV1/node_modules/.is-fullwidth-code-point-TQh0h1Gm',
107 silly reify   '/Users/michelleliu/NexusWebsiteV1/node_modules/is-glob': '/Users/michelleliu/NexusWebsiteV1/node_modules/.is-glob-P6j3udLk',
107 silly reify   '/Users/michelleliu/NexusWebsiteV1/node_modules/is-number': '/Users/michelleliu/NexusWebsiteV1/node_modules/.is-number-nqE7Q06I',
107 silly reify   '/Users/michelleliu/NexusWebsiteV1/node_modules/isexe': '/Users/michelleliu/NexusWebsiteV1/node_modules/.isexe-Qp5pC1Fe',
107 silly reify   '/Users/michelleliu/NexusWebsiteV1/node_modules/jackspeak': '/Users/michelleliu/NexusWebsiteV1/node_modules/.jackspeak-F5lhpbpq',
107 silly reify   '/Users/michelleliu/NexusWebsiteV1/node_modules/lilconfig': '/Users/michelleliu/NexusWebsiteV1/node_modules/.lilconfig-C5r630aS',
107 silly reify   '/Users/michelleliu/NexusWebsiteV1/node_modules/lines-and-columns': '/Users/michelleliu/NexusWebsiteV1/node_modules/.lines-and-columns-P2magv7K',
107 silly reify   '/Users/michelleliu/NexusWebsiteV1/node_modules/lru-cache': '/Users/michelleliu/NexusWebsiteV1/node_modules/.lru-cache-WKoeCDoB',
107 silly reify   '/Users/michelleliu/NexusWebsiteV1/node_modules/merge2': '/Users/michelleliu/NexusWebsiteV1/node_modules/.merge2-vHoh54iO',
107 silly reify   '/Users/michelleliu/NexusWebsiteV1/node_modules/micromatch': '/Users/michelleliu/NexusWebsiteV1/node_modules/.micromatch-olmUCTp8',
107 silly reify   '/Users/michelleliu/NexusWebsiteV1/node_modules/minimatch': '/Users/michelleliu/NexusWebsiteV1/node_modules/.minimatch-WUTG1kzg',
107 silly reify   '/Users/michelleliu/NexusWebsiteV1/node_modules/minipass': '/Users/michelleliu/NexusWebsiteV1/node_modules/.minipass-LjN82Qa7',
107 silly reify   '/Users/michelleliu/NexusWebsiteV1/node_modules/mz': '/Users/michelleliu/NexusWebsiteV1/node_modules/.mz-kkhDkmPC',
107 silly reify   '/Users/michelleliu/NexusWebsiteV1/node_modules/normalize-path': '/Users/michelleliu/NexusWebsiteV1/node_modules/.normalize-path-mHhRRUYl',
107 silly reify   '/Users/michelleliu/NexusWebsiteV1/node_modules/object-hash': '/Users/michelleliu/NexusWebsiteV1/node_modules/.object-hash-9pPIcSCy',
107 silly reify   '/Users/michelleliu/NexusWebsiteV1/node_modules/package-json-from-dist': '/Users/michelleliu/NexusWebsiteV1/node_modules/.package-json-from-dist-KcPwNd1c',
107 silly reify   '/Users/michelleliu/NexusWebsiteV1/node_modules/path-key': '/Users/michelleliu/NexusWebsiteV1/node_modules/.path-key-lKnAHH8Y',
107 silly reify   '/Users/michelleliu/NexusWebsiteV1/node_modules/path-parse': '/Users/michelleliu/NexusWebsiteV1/node_modules/.path-parse-PDevsCVu',
107 silly reify   '/Users/michelleliu/NexusWebsiteV1/node_modules/path-scurry': '/Users/michelleliu/NexusWebsiteV1/node_modules/.path-scurry-AlD6hlc0',
107 silly reify   '/Users/michelleliu/NexusWebsiteV1/node_modules/pify': '/Users/michelleliu/NexusWebsiteV1/node_modules/.pify-D7r9QRGF',
107 silly reify   '/Users/michelleliu/NexusWebsiteV1/node_modules/pirates': '/Users/michelleliu/NexusWebsiteV1/node_modules/.pirates-4Y9ReM3L',
107 silly reify   '/Users/michelleliu/NexusWebsiteV1/node_modules/postcss-import': '/Users/michelleliu/NexusWebsiteV1/node_modules/.postcss-import-nw2i33Zz',
107 silly reify   '/Users/michelleliu/NexusWebsiteV1/node_modules/postcss-js': '/Users/michelleliu/NexusWebsiteV1/node_modules/.postcss-js-1qUbvjG1',
107 silly reify   '/Users/michelleliu/NexusWebsiteV1/node_modules/postcss-load-config': '/Users/michelleliu/NexusWebsiteV1/node_modules/.postcss-load-config-7GQvfgmg',
107 silly reify   '/Users/michelleliu/NexusWebsiteV1/node_modules/postcss-nested': '/Users/michelleliu/NexusWebsiteV1/node_modules/.postcss-nested-SjLPXfEG',
107 silly reify   '/Users/michelleliu/NexusWebsiteV1/node_modules/postcss-selector-parser': '/Users/michelleliu/NexusWebsiteV1/node_modules/.postcss-selector-parser-c8qh8gJB',
107 silly reify   '/Users/michelleliu/NexusWebsiteV1/node_modules/queue-microtask': '/Users/michelleliu/NexusWebsiteV1/node_modules/.queue-microtask-ewGGdqks',
107 silly reify   '/Users/michelleliu/NexusWebsiteV1/node_modules/read-cache': '/Users/michelleliu/NexusWebsiteV1/node_modules/.read-cache-WpwUKUSE',
107 silly reify   '/Users/michelleliu/NexusWebsiteV1/node_modules/readdirp': '/Users/michelleliu/NexusWebsiteV1/node_modules/.readdirp-iEiZlJyC',
107 silly reify   '/Users/michelleliu/NexusWebsiteV1/node_modules/resolve': '/Users/michelleliu/NexusWebsiteV1/node_modules/.resolve-haIO9lTH',
107 silly reify   '/Users/michelleliu/NexusWebsiteV1/node_modules/.bin/resolve': '/Users/michelleliu/NexusWebsiteV1/node_modules/.bin/.resolve-9TVBfE7C',
107 silly reify   '/Users/michelleliu/NexusWebsiteV1/node_modules/reusify': '/Users/michelleliu/NexusWebsiteV1/node_modules/.reusify-dCJLUo6n',
107 silly reify   '/Users/michelleliu/NexusWebsiteV1/node_modules/run-parallel': '/Users/michelleliu/NexusWebsiteV1/node_modules/.run-parallel-7rEnSS6J',
107 silly reify   '/Users/michelleliu/NexusWebsiteV1/node_modules/shebang-command': '/Users/michelleliu/NexusWebsiteV1/node_modules/.shebang-command-XMNGMGRu',
107 silly reify   '/Users/michelleliu/NexusWebsiteV1/node_modules/shebang-regex': '/Users/michelleliu/NexusWebsiteV1/node_modules/.shebang-regex-1jUzXzwK',
107 silly reify   '/Users/michelleliu/NexusWebsiteV1/node_modules/signal-exit': '/Users/michelleliu/NexusWebsiteV1/node_modules/.signal-exit-wglzFRm3',
107 silly reify   '/Users/michelleliu/NexusWebsiteV1/node_modules/string-width': '/Users/michelleliu/NexusWebsiteV1/node_modules/.string-width-kgMUsjk6',
107 silly reify   '/Users/michelleliu/NexusWebsiteV1/node_modules/string-width-cjs': '/Users/michelleliu/NexusWebsiteV1/node_modules/.string-width-cjs-2SyAaLSR',
107 silly reify   '/Users/michelleliu/NexusWebsiteV1/node_modules/strip-ansi': '/Users/michelleliu/NexusWebsiteV1/node_modules/.strip-ansi-cCjzRznm',
107 silly reify   '/Users/michelleliu/NexusWebsiteV1/node_modules/strip-ansi-cjs': '/Users/michelleliu/NexusWebsiteV1/node_modules/.strip-ansi-cjs-2zIP4KfE',
107 silly reify   '/Users/michelleliu/NexusWebsiteV1/node_modules/sucrase': '/Users/michelleliu/NexusWebsiteV1/node_modules/.sucrase-eV6UU9Hm',
107 silly reify   '/Users/michelleliu/NexusWebsiteV1/node_modules/.bin/sucrase': '/Users/michelleliu/NexusWebsiteV1/node_modules/.bin/.sucrase-GHl8SpFy',
107 silly reify   '/Users/michelleliu/NexusWebsiteV1/node_modules/.bin/sucrase-node': '/Users/michelleliu/NexusWebsiteV1/node_modules/.bin/.sucrase-node-xZmL6B5r',
107 silly reify   '/Users/michelleliu/NexusWebsiteV1/node_modules/supports-preserve-symlinks-flag': '/Users/michelleliu/NexusWebsiteV1/node_modules/.supports-preserve-symlinks-flag-cKbpn0wP',
107 silly reify   '/Users/michelleliu/NexusWebsiteV1/node_modules/tailwindcss': '/Users/michelleliu/NexusWebsiteV1/node_modules/.tailwindcss-PwMw0JO4',
107 silly reify   '/Users/michelleliu/NexusWebsiteV1/node_modules/.bin/tailwind': '/Users/michelleliu/NexusWebsiteV1/node_modules/.bin/.tailwind-5CZp5RcU',
107 silly reify   '/Users/michelleliu/NexusWebsiteV1/node_modules/.bin/tailwindcss': '/Users/michelleliu/NexusWebsiteV1/node_modules/.bin/.tailwindcss-JbK3A8C8',
107 silly reify   '/Users/michelleliu/NexusWebsiteV1/node_modules/thenify': '/Users/michelleliu/NexusWebsiteV1/node_modules/.thenify-Z3azvkxn',
107 silly reify   '/Users/michelleliu/NexusWebsiteV1/node_modules/thenify-all': '/Users/michelleliu/NexusWebsiteV1/node_modules/.thenify-all-YIYa0FXC',
107 silly reify   '/Users/michelleliu/NexusWebsiteV1/node_modules/to-regex-range': '/Users/michelleliu/NexusWebsiteV1/node_modules/.to-regex-range-R8V15yS2',
107 silly reify   '/Users/michelleliu/NexusWebsiteV1/node_modules/ts-interface-checker': '/Users/michelleliu/NexusWebsiteV1/node_modules/.ts-interface-checker-YkDgyosr',
107 silly reify   '/Users/michelleliu/NexusWebsiteV1/node_modules/util-deprecate': '/Users/michelleliu/NexusWebsiteV1/node_modules/.util-deprecate-H84ev5wY',
107 silly reify   '/Users/michelleliu/NexusWebsiteV1/node_modules/which': '/Users/michelleliu/NexusWebsiteV1/node_modules/.which-fOq9M8c1',
107 silly reify   '/Users/michelleliu/NexusWebsiteV1/node_modules/.bin/node-which': '/Users/michelleliu/NexusWebsiteV1/node_modules/.bin/.node-which-Yt41MQz0',
107 silly reify   '/Users/michelleliu/NexusWebsiteV1/node_modules/wrap-ansi': '/Users/michelleliu/NexusWebsiteV1/node_modules/.wrap-ansi-6LsUbx1J',
107 silly reify   '/Users/michelleliu/NexusWebsiteV1/node_modules/wrap-ansi-cjs': '/Users/michelleliu/NexusWebsiteV1/node_modules/.wrap-ansi-cjs-2p9naSrN'
107 silly reify }
108 verbose reify failed optional dependency /Users/michelleliu/NexusWebsiteV1/node_modules/@tailwindcss/oxide-wasm32-wasi
109 silly reify mark deleted [
109 silly reify   '/Users/michelleliu/NexusWebsiteV1/node_modules/@tailwindcss/oxide-wasm32-wasi'
109 silly reify ]
110 silly audit bulk request {
110 silly audit   '@alloc/quick-lru': [ '5.2.0' ],
110 silly audit   '@babel/runtime': [ '7.28.4' ],
110 silly audit   '@esbuild/aix-ppc64': [ '0.25.11' ],
110 silly audit   '@esbuild/android-arm': [ '0.25.11' ],
110 silly audit   '@esbuild/android-arm64': [ '0.25.11' ],
110 silly audit   '@esbuild/android-x64': [ '0.25.11' ],
110 silly audit   '@esbuild/darwin-arm64': [ '0.25.11' ],
110 silly audit   '@esbuild/darwin-x64': [ '0.25.11' ],
110 silly audit   '@esbuild/freebsd-arm64': [ '0.25.11' ],
110 silly audit   '@esbuild/freebsd-x64': [ '0.25.11' ],
110 silly audit   '@esbuild/linux-arm': [ '0.25.11' ],
110 silly audit   '@esbuild/linux-arm64': [ '0.25.11' ],
110 silly audit   '@esbuild/linux-ia32': [ '0.25.11' ],
110 silly audit   '@esbuild/linux-loong64': [ '0.25.11' ],
110 silly audit   '@esbuild/linux-mips64el': [ '0.25.11' ],
110 silly audit   '@esbuild/linux-ppc64': [ '0.25.11' ],
110 silly audit   '@esbuild/linux-riscv64': [ '0.25.11' ],
110 silly audit   '@esbuild/linux-s390x': [ '0.25.11' ],
110 silly audit   '@esbuild/linux-x64': [ '0.25.11' ],
110 silly audit   '@esbuild/netbsd-arm64': [ '0.25.11' ],
110 silly audit   '@esbuild/netbsd-x64': [ '0.25.11' ],
110 silly audit   '@esbuild/openbsd-arm64': [ '0.25.11' ],
110 silly audit   '@esbuild/openbsd-x64': [ '0.25.11' ],
110 silly audit   '@esbuild/openharmony-arm64': [ '0.25.11' ],
110 silly audit   '@esbuild/sunos-x64': [ '0.25.11' ],
110 silly audit   '@esbuild/win32-arm64': [ '0.25.11' ],
110 silly audit   '@esbuild/win32-ia32': [ '0.25.11' ],
110 silly audit   '@esbuild/win32-x64': [ '0.25.11' ],
110 silly audit   '@floating-ui/core': [ '1.7.3' ],
110 silly audit   '@floating-ui/dom': [ '1.7.4' ],
110 silly audit   '@floating-ui/react-dom': [ '2.1.6' ],
110 silly audit   '@floating-ui/utils': [ '0.2.10' ],
110 silly audit   '@jridgewell/gen-mapping': [ '0.3.13' ],
110 silly audit   '@jridgewell/remapping': [ '2.3.5' ],
110 silly audit   '@jridgewell/resolve-uri': [ '3.1.2' ],
110 silly audit   '@jridgewell/sourcemap-codec': [ '1.5.5' ],
110 silly audit   '@jridgewell/trace-mapping': [ '0.3.31' ],
110 silly audit   '@radix-ui/number': [ '1.1.1' ],
110 silly audit   '@radix-ui/primitive': [ '1.1.3' ],
110 silly audit   '@radix-ui/react-accordion': [ '1.2.12' ],
110 silly audit   '@radix-ui/react-alert-dialog': [ '1.1.15' ],
110 silly audit   '@radix-ui/react-arrow': [ '1.1.7' ],
110 silly audit   '@radix-ui/react-aspect-ratio': [ '1.1.7' ],
110 silly audit   '@radix-ui/react-avatar': [ '1.1.10' ],
110 silly audit   '@radix-ui/react-checkbox': [ '1.3.3' ],
110 silly audit   '@radix-ui/react-collapsible': [ '1.1.12' ],
110 silly audit   '@radix-ui/react-collection': [ '1.1.7' ],
110 silly audit   '@radix-ui/react-compose-refs': [ '1.1.2' ],
110 silly audit   '@radix-ui/react-context': [ '1.1.2' ],
110 silly audit   '@radix-ui/react-context-menu': [ '2.2.16' ],
110 silly audit   '@radix-ui/react-dialog': [ '1.1.15' ],
110 silly audit   '@radix-ui/react-direction': [ '1.1.1' ],
110 silly audit   '@radix-ui/react-dismissable-layer': [ '1.1.11' ],
110 silly audit   '@radix-ui/react-dropdown-menu': [ '2.1.16' ],
110 silly audit   '@radix-ui/react-focus-guards': [ '1.1.3' ],
110 silly audit   '@radix-ui/react-focus-scope': [ '1.1.7' ],
110 silly audit   '@radix-ui/react-hover-card': [ '1.1.15' ],
110 silly audit   '@radix-ui/react-id': [ '1.1.1' ],
110 silly audit   '@radix-ui/react-label': [ '2.1.7' ],
110 silly audit   '@radix-ui/react-menu': [ '2.1.16' ],
110 silly audit   '@radix-ui/react-menubar': [ '1.1.16' ],
110 silly audit   '@radix-ui/react-navigation-menu': [ '1.2.14' ],
110 silly audit   '@radix-ui/react-popover': [ '1.1.15' ],
110 silly audit   '@radix-ui/react-popper': [ '1.2.8' ],
110 silly audit   '@radix-ui/react-portal': [ '1.1.9' ],
110 silly audit   '@radix-ui/react-presence': [ '1.1.5' ],
110 silly audit   '@radix-ui/react-primitive': [ '2.1.3' ],
110 silly audit   '@radix-ui/react-progress': [ '1.1.7' ],
110 silly audit   '@radix-ui/react-radio-group': [ '1.3.8' ],
110 silly audit   '@radix-ui/react-roving-focus': [ '1.1.11' ],
110 silly audit   '@radix-ui/react-scroll-area': [ '1.2.10' ],
110 silly audit   '@radix-ui/react-select': [ '2.2.6' ],
110 silly audit   '@radix-ui/react-separator': [ '1.1.7' ],
110 silly audit   '@radix-ui/react-slider': [ '1.3.6' ],
110 silly audit   '@radix-ui/react-slot': [ '1.2.3' ],
110 silly audit   '@radix-ui/react-switch': [ '1.2.6' ],
110 silly audit   '@radix-ui/react-tabs': [ '1.1.13' ],
110 silly audit   '@radix-ui/react-toggle': [ '1.1.10' ],
110 silly audit   '@radix-ui/react-toggle-group': [ '1.1.11' ],
110 silly audit   '@radix-ui/react-tooltip': [ '1.2.8' ],
110 silly audit   '@radix-ui/react-use-callback-ref': [ '1.1.1' ],
110 silly audit   '@radix-ui/react-use-controllable-state': [ '1.2.2' ],
110 silly audit   '@radix-ui/react-use-effect-event': [ '0.0.2' ],
110 silly audit   '@radix-ui/react-use-escape-keydown': [ '1.1.1' ],
110 silly audit   '@radix-ui/react-use-is-hydrated': [ '0.1.0' ],
110 silly audit   '@radix-ui/react-use-layout-effect': [ '1.1.1' ],
110 silly audit   '@radix-ui/react-use-previous': [ '1.1.1' ],
110 silly audit   '@radix-ui/react-use-rect': [ '1.1.1' ],
110 silly audit   '@radix-ui/react-use-size': [ '1.1.1' ],
110 silly audit   '@radix-ui/react-visually-hidden': [ '1.2.3' ],
110 silly audit   '@radix-ui/rect': [ '1.1.1' ],
110 silly audit   '@rolldown/pluginutils': [ '1.0.0-beta.27' ],
110 silly audit   '@rollup/rollup-android-arm-eabi': [ '4.52.5' ],
110 silly audit   '@rollup/rollup-android-arm64': [ '4.52.5' ],
110 silly audit   '@rollup/rollup-darwin-arm64': [ '4.52.5' ],
110 silly audit   '@rollup/rollup-darwin-x64': [ '4.52.5' ],
110 silly audit   '@rollup/rollup-freebsd-arm64': [ '4.52.5' ],
110 silly audit   '@rollup/rollup-freebsd-x64': [ '4.52.5' ],
110 silly audit   '@rollup/rollup-linux-arm-gnueabihf': [ '4.52.5' ],
110 silly audit   '@rollup/rollup-linux-arm-musleabihf': [ '4.52.5' ],
110 silly audit   '@rollup/rollup-linux-arm64-gnu': [ '4.52.5' ],
110 silly audit   '@rollup/rollup-linux-arm64-musl': [ '4.52.5' ],
110 silly audit   '@rollup/rollup-linux-loong64-gnu': [ '4.52.5' ],
110 silly audit   '@rollup/rollup-linux-ppc64-gnu': [ '4.52.5' ],
110 silly audit   '@rollup/rollup-linux-riscv64-gnu': [ '4.52.5' ],
110 silly audit   '@rollup/rollup-linux-riscv64-musl': [ '4.52.5' ],
110 silly audit   '@rollup/rollup-linux-s390x-gnu': [ '4.52.5' ],
110 silly audit   '@rollup/rollup-linux-x64-gnu': [ '4.52.5' ],
110 silly audit   '@rollup/rollup-linux-x64-musl': [ '4.52.5' ],
110 silly audit   '@rollup/rollup-openharmony-arm64': [ '4.52.5' ],
110 silly audit   '@rollup/rollup-win32-arm64-msvc': [ '4.52.5' ],
110 silly audit   '@rollup/rollup-win32-ia32-msvc': [ '4.52.5' ],
110 silly audit   '@rollup/rollup-win32-x64-gnu': [ '4.52.5' ],
110 silly audit   '@rollup/rollup-win32-x64-msvc': [ '4.52.5' ],
110 silly audit   '@swc/core': [ '1.13.5' ],
110 silly audit   '@swc/core-darwin-arm64': [ '1.13.5' ],
110 silly audit   '@swc/core-darwin-x64': [ '1.13.5' ],
110 silly audit   '@swc/core-linux-arm-gnueabihf': [ '1.13.5' ],
110 silly audit   '@swc/core-linux-arm64-gnu': [ '1.13.5' ],
110 silly audit   '@swc/core-linux-arm64-musl': [ '1.13.5' ],
110 silly audit   '@swc/core-linux-x64-gnu': [ '1.13.5' ],
110 silly audit   '@swc/core-linux-x64-musl': [ '1.13.5' ],
110 silly audit   '@swc/core-win32-arm64-msvc': [ '1.13.5' ],
110 silly audit   '@swc/core-win32-ia32-msvc': [ '1.13.5' ],
110 silly audit   '@swc/core-win32-x64-msvc': [ '1.13.5' ],
110 silly audit   '@swc/counter': [ '0.1.3' ],
110 silly audit   '@swc/types': [ '0.1.25' ],
110 silly audit   '@tailwindcss/node': [ '4.1.16' ],
110 silly audit   jiti: [ '2.6.1', '1.21.7' ],
110 silly audit   tailwindcss: [ '4.1.16' ],
110 silly audit   '@tailwindcss/oxide': [ '4.1.16' ],
110 silly audit   '@tailwindcss/oxide-android-arm64': [ '4.1.16' ],
110 silly audit   '@tailwindcss/oxide-darwin-arm64': [ '4.1.16' ],
110 silly audit   '@tailwindcss/oxide-darwin-x64': [ '4.1.16' ],
110 silly audit   '@tailwindcss/oxide-freebsd-x64': [ '4.1.16' ],
110 silly audit   '@tailwindcss/oxide-linux-arm-gnueabihf': [ '4.1.16' ],
110 silly audit   '@tailwindcss/oxide-linux-arm64-gnu': [ '4.1.16' ],
110 silly audit   '@tailwindcss/oxide-linux-arm64-musl': [ '4.1.16' ],
110 silly audit   '@tailwindcss/oxide-linux-x64-gnu': [ '4.1.16' ],
110 silly audit   '@tailwindcss/oxide-linux-x64-musl': [ '4.1.16' ],
110 silly audit   '@tailwindcss/oxide-win32-arm64-msvc': [ '4.1.16' ],
110 silly audit   '@tailwindcss/oxide-win32-x64-msvc': [ '4.1.16' ],
110 silly audit   '@tailwindcss/postcss': [ '4.1.16' ],
110 silly audit   '@types/d3-array': [ '3.2.2' ],
110 silly audit   '@types/d3-color': [ '3.1.3' ],
110 silly audit   '@types/d3-ease': [ '3.0.2' ],
110 silly audit   '@types/d3-interpolate': [ '3.0.4' ],
110 silly audit   '@types/d3-path': [ '3.1.1' ],
110 silly audit   '@types/d3-scale': [ '4.0.9' ],
110 silly audit   '@types/d3-shape': [ '3.1.7' ],
110 silly audit   '@types/d3-time': [ '3.0.4' ],
110 silly audit   '@types/d3-timer': [ '3.0.2' ],
110 silly audit   '@types/estree': [ '1.0.8' ],
110 silly audit   '@types/node': [ '20.19.23' ],
110 silly audit   '@vitejs/plugin-react-swc': [ '3.11.0' ],
110 silly audit   picomatch: [ '4.0.3' ],
110 silly audit   'aria-hidden': [ '1.2.6' ],
110 silly audit   autoprefixer: [ '10.4.21' ],
110 silly audit   'baseline-browser-mapping': [ '2.8.23' ],
110 silly audit   browserslist: [ '4.27.0' ],
110 silly audit   'caniuse-lite': [ '1.0.30001753' ],
110 silly audit   'class-variance-authority': [ '0.7.1' ],
110 silly audit   clsx: [ '2.1.1' ],
110 silly audit   cmdk: [ '1.1.1' ],
110 silly audit   csstype: [ '3.1.3' ],
110 silly audit   'd3-array': [ '3.2.4' ],
110 silly audit   'd3-color': [ '3.1.0' ],
110 silly audit   'd3-ease': [ '3.0.1' ],
110 silly audit   'd3-format': [ '3.1.0' ],
110 silly audit   'd3-interpolate': [ '3.0.1' ],
110 silly audit   'd3-path': [ '3.1.0' ],
110 silly audit   'd3-scale': [ '4.0.2' ],
110 silly audit   'd3-shape': [ '3.2.0' ],
110 silly audit   'd3-time': [ '3.1.0' ],
110 silly audit   'd3-time-format': [ '4.1.0' ],
110 silly audit   'd3-timer': [ '3.0.1' ],
110 silly audit   'date-fns': [ '3.6.0' ],
110 silly audit   'decimal.js-light': [ '2.5.1' ],
110 silly audit   'detect-libc': [ '2.1.2' ],
110 silly audit   'detect-node-es': [ '1.1.0' ],
110 silly audit   'dom-helpers': [ '5.2.1' ],
110 silly audit   'electron-to-chromium': [ '1.5.244' ],
110 silly audit   'embla-carousel': [ '8.6.0' ],
110 silly audit   'embla-carousel-react': [ '8.6.0' ],
110 silly audit   'embla-carousel-reactive-utils': [ '8.6.0' ],
110 silly audit   'enhanced-resolve': [ '5.18.3' ],
110 silly audit   esbuild: [ '0.25.11' ],
110 silly audit   escalade: [ '3.2.0' ],
110 silly audit   eventemitter3: [ '4.0.7' ],
110 silly audit   'fast-equals': [ '5.3.2' ],
110 silly audit   fdir: [ '6.5.0' ],
110 silly audit   'fraction.js': [ '4.3.7' ],
110 silly audit   fsevents: [ '2.3.3' ],
110 silly audit   'get-nonce': [ '1.0.1' ],
110 silly audit   'graceful-fs': [ '4.2.11' ],
110 silly audit   'input-otp': [ '1.4.2' ],
110 silly audit   internmap: [ '2.0.3' ],
110 silly audit   'js-tokens': [ '4.0.0' ],
110 silly audit   lightningcss: [ '1.30.2' ],
110 silly audit   'lightningcss-android-arm64': [ '1.30.2' ],
110 silly audit   'lightningcss-darwin-arm64': [ '1.30.2' ],
110 silly audit   'lightningcss-darwin-x64': [ '1.30.2' ],
110 silly audit   'lightningcss-freebsd-x64': [ '1.30.2' ],
110 silly audit   'lightningcss-linux-arm-gnueabihf': [ '1.30.2' ],
110 silly audit   'lightningcss-linux-arm64-gnu': [ '1.30.2' ],
110 silly audit   'lightningcss-linux-arm64-musl': [ '1.30.2' ],
110 silly audit   'lightningcss-linux-x64-gnu': [ '1.30.2' ],
110 silly audit   'lightningcss-linux-x64-musl': [ '1.30.2' ],
110 silly audit   'lightningcss-win32-arm64-msvc': [ '1.30.2' ],
110 silly audit   'lightningcss-win32-x64-msvc': [ '1.30.2' ],
110 silly audit   lodash: [ '4.17.21' ],
110 silly audit   'loose-envify': [ '1.4.0' ],
110 silly audit   'lucide-react': [ '0.487.0' ],
110 silly audit   'magic-string': [ '0.30.21' ],
110 silly audit   nanoid: [ '3.3.11' ],
110 silly audit   'next-themes': [ '0.4.6' ],
110 silly audit   'node-releases': [ '2.0.27' ],
110 silly audit   'normalize-range': [ '0.1.2' ],
110 silly audit   'object-assign': [ '4.1.1' ],
110 silly audit   picocolors: [ '1.1.1' ],
110 silly audit   postcss: [ '8.5.6' ],
110 silly audit   'postcss-value-parser': [ '4.2.0' ],
110 silly audit   'prop-types': [ '15.8.1' ],
110 silly audit   'react-is': [ '16.13.1', '18.3.1' ],
110 silly audit   react: [ '18.3.1' ],
110 silly audit   'react-day-picker': [ '8.10.1' ],
110 silly audit   'react-dom': [ '18.3.1' ],
110 silly audit   'react-hook-form': [ '7.65.0' ],
110 silly audit   'react-remove-scroll': [ '2.7.1' ],
110 silly audit   'react-remove-scroll-bar': [ '2.3.8' ],
110 silly audit   'react-resizable-panels': [ '2.1.9' ],
110 silly audit   'react-smooth': [ '4.0.4' ],
110 silly audit   'react-style-singleton': [ '2.2.3' ],
110 silly audit   'react-transition-group': [ '4.4.5' ],
110 silly audit   recharts: [ '2.15.4' ],
110 silly audit   'recharts-scale': [ '0.4.5' ],
110 silly audit   rollup: [ '4.52.5' ],
110 silly audit   scheduler: [ '0.23.2' ],
110 silly audit   sonner: [ '2.0.7' ],
110 silly audit   'source-map-js': [ '1.2.1' ],
110 silly audit   'tailwind-merge': [ '3.3.1' ],
110 silly audit   tapable: [ '2.3.0' ],
110 silly audit   'tiny-invariant': [ '1.3.3' ],
110 silly audit   tinyglobby: [ '0.2.15' ],
110 silly audit   tslib: [ '2.8.1' ],
110 silly audit   'undici-types': [ '6.21.0' ],
110 silly audit   'update-browserslist-db': [ '1.1.4' ],
110 silly audit   'use-callback-ref': [ '1.3.3' ],
110 silly audit   'use-sidecar': [ '1.1.3' ],
110 silly audit   'use-sync-external-store': [ '1.6.0' ],
110 silly audit   vaul: [ '1.1.2' ],
110 silly audit   'victory-vendor': [ '36.9.2' ],
110 silly audit   vite: [ '6.4.1' ],
110 silly audit   '@tailwindcss/oxide-wasm32-wasi': [ '4.1.16' ]
110 silly audit }
111 verbose reify failed optional dependency /Users/michelleliu/NexusWebsiteV1/node_modules/lightningcss-win32-x64-msvc
112 silly reify mark deleted [
112 silly reify   '/Users/michelleliu/NexusWebsiteV1/node_modules/lightningcss-win32-x64-msvc'
112 silly reify ]
113 verbose reify failed optional dependency /Users/michelleliu/NexusWebsiteV1/node_modules/lightningcss-win32-arm64-msvc
114 silly reify mark deleted [
114 silly reify   '/Users/michelleliu/NexusWebsiteV1/node_modules/lightningcss-win32-arm64-msvc'
114 silly reify ]
115 verbose reify failed optional dependency /Users/michelleliu/NexusWebsiteV1/node_modules/lightningcss-linux-x64-musl
116 silly reify mark deleted [
116 silly reify   '/Users/michelleliu/NexusWebsiteV1/node_modules/lightningcss-linux-x64-musl'
116 silly reify ]
117 verbose reify failed optional dependency /Users/michelleliu/NexusWebsiteV1/node_modules/lightningcss-linux-x64-gnu
118 silly reify mark deleted [
118 silly reify   '/Users/michelleliu/NexusWebsiteV1/node_modules/lightningcss-linux-x64-gnu'
118 silly reify ]
119 verbose reify failed optional dependency /Users/michelleliu/NexusWebsiteV1/node_modules/lightningcss-linux-arm64-musl
120 silly reify mark deleted [
120 silly reify   '/Users/michelleliu/NexusWebsiteV1/node_modules/lightningcss-linux-arm64-musl'
120 silly reify ]
121 verbose reify failed optional dependency /Users/michelleliu/NexusWebsiteV1/node_modules/lightningcss-linux-arm64-gnu
122 silly reify mark deleted [
122 silly reify   '/Users/michelleliu/NexusWebsiteV1/node_modules/lightningcss-linux-arm64-gnu'
122 silly reify ]
123 verbose reify failed optional dependency /Users/michelleliu/NexusWebsiteV1/node_modules/lightningcss-linux-arm-gnueabihf
124 silly reify mark deleted [
124 silly reify   '/Users/michelleliu/NexusWebsiteV1/node_modules/lightningcss-linux-arm-gnueabihf'
124 silly reify ]
125 verbose reify failed optional dependency /Users/michelleliu/NexusWebsiteV1/node_modules/lightningcss-freebsd-x64
126 silly reify mark deleted [
126 silly reify   '/Users/michelleliu/NexusWebsiteV1/node_modules/lightningcss-freebsd-x64'
126 silly reify ]
127 verbose reify failed optional dependency /Users/michelleliu/NexusWebsiteV1/node_modules/lightningcss-darwin-x64
128 silly reify mark deleted [
128 silly reify   '/Users/michelleliu/NexusWebsiteV1/node_modules/lightningcss-darwin-x64'
128 silly reify ]
129 verbose reify failed optional dependency /Users/michelleliu/NexusWebsiteV1/node_modules/lightningcss-android-arm64
130 silly reify mark deleted [
130 silly reify   '/Users/michelleliu/NexusWebsiteV1/node_modules/lightningcss-android-arm64'
130 silly reify ]
131 verbose reify failed optional dependency /Users/michelleliu/NexusWebsiteV1/node_modules/@tailwindcss/oxide-win32-x64-msvc
132 silly reify mark deleted [
132 silly reify   '/Users/michelleliu/NexusWebsiteV1/node_modules/@tailwindcss/oxide-win32-x64-msvc'
132 silly reify ]
133 verbose reify failed optional dependency /Users/michelleliu/NexusWebsiteV1/node_modules/@tailwindcss/oxide-win32-arm64-msvc
134 silly reify mark deleted [
134 silly reify   '/Users/michelleliu/NexusWebsiteV1/node_modules/@tailwindcss/oxide-win32-arm64-msvc'
134 silly reify ]
135 verbose reify failed optional dependency /Users/michelleliu/NexusWebsiteV1/node_modules/@tailwindcss/oxide-linux-x64-musl
136 silly reify mark deleted [
136 silly reify   '/Users/michelleliu/NexusWebsiteV1/node_modules/@tailwindcss/oxide-linux-x64-musl'
136 silly reify ]
137 verbose reify failed optional dependency /Users/michelleliu/NexusWebsiteV1/node_modules/@tailwindcss/oxide-linux-x64-gnu
138 silly reify mark deleted [
138 silly reify   '/Users/michelleliu/NexusWebsiteV1/node_modules/@tailwindcss/oxide-linux-x64-gnu'
138 silly reify ]
139 verbose reify failed optional dependency /Users/michelleliu/NexusWebsiteV1/node_modules/@tailwindcss/oxide-linux-arm64-musl
140 silly reify mark deleted [
140 silly reify   '/Users/michelleliu/NexusWebsiteV1/node_modules/@tailwindcss/oxide-linux-arm64-musl'
140 silly reify ]
141 verbose reify failed optional dependency /Users/michelleliu/NexusWebsiteV1/node_modules/@tailwindcss/oxide-linux-arm64-gnu
142 silly reify mark deleted [
142 silly reify   '/Users/michelleliu/NexusWebsiteV1/node_modules/@tailwindcss/oxide-linux-arm64-gnu'
142 silly reify ]
143 verbose reify failed optional dependency /Users/michelleliu/NexusWebsiteV1/node_modules/@tailwindcss/oxide-linux-arm-gnueabihf
144 silly reify mark deleted [
144 silly reify   '/Users/michelleliu/NexusWebsiteV1/node_modules/@tailwindcss/oxide-linux-arm-gnueabihf'
144 silly reify ]
145 verbose reify failed optional dependency /Users/michelleliu/NexusWebsiteV1/node_modules/@tailwindcss/oxide-freebsd-x64
146 silly reify mark deleted [
146 silly reify   '/Users/michelleliu/NexusWebsiteV1/node_modules/@tailwindcss/oxide-freebsd-x64'
146 silly reify ]
147 verbose reify failed optional dependency /Users/michelleliu/NexusWebsiteV1/node_modules/@tailwindcss/oxide-darwin-x64
148 silly reify mark deleted [
148 silly reify   '/Users/michelleliu/NexusWebsiteV1/node_modules/@tailwindcss/oxide-darwin-x64'
148 silly reify ]
149 verbose reify failed optional dependency /Users/michelleliu/NexusWebsiteV1/node_modules/@tailwindcss/oxide-android-arm64
150 silly reify mark deleted [
150 silly reify   '/Users/michelleliu/NexusWebsiteV1/node_modules/@tailwindcss/oxide-android-arm64'
150 silly reify ]
151 verbose reify failed optional dependency /Users/michelleliu/NexusWebsiteV1/node_modules/@swc/core-win32-x64-msvc
152 silly reify mark deleted [
152 silly reify   '/Users/michelleliu/NexusWebsiteV1/node_modules/@swc/core-win32-x64-msvc'
152 silly reify ]
153 verbose reify failed optional dependency /Users/michelleliu/NexusWebsiteV1/node_modules/@swc/core-win32-ia32-msvc
154 silly reify mark deleted [
154 silly reify   '/Users/michelleliu/NexusWebsiteV1/node_modules/@swc/core-win32-ia32-msvc'
154 silly reify ]
155 verbose reify failed optional dependency /Users/michelleliu/NexusWebsiteV1/node_modules/@swc/core-win32-arm64-msvc
156 silly reify mark deleted [
156 silly reify   '/Users/michelleliu/NexusWebsiteV1/node_modules/@swc/core-win32-arm64-msvc'
156 silly reify ]
157 verbose reify failed optional dependency /Users/michelleliu/NexusWebsiteV1/node_modules/@swc/core-linux-x64-musl
158 silly reify mark deleted [
158 silly reify   '/Users/michelleliu/NexusWebsiteV1/node_modules/@swc/core-linux-x64-musl'
158 silly reify ]
159 verbose reify failed optional dependency /Users/michelleliu/NexusWebsiteV1/node_modules/@swc/core-linux-x64-gnu
160 silly reify mark deleted [
160 silly reify   '/Users/michelleliu/NexusWebsiteV1/node_modules/@swc/core-linux-x64-gnu'
160 silly reify ]
161 verbose reify failed optional dependency /Users/michelleliu/NexusWebsiteV1/node_modules/@swc/core-linux-arm64-musl
162 silly reify mark deleted [
162 silly reify   '/Users/michelleliu/NexusWebsiteV1/node_modules/@swc/core-linux-arm64-musl'
162 silly reify ]
163 verbose reify failed optional dependency /Users/michelleliu/NexusWebsiteV1/node_modules/@swc/core-linux-arm64-gnu
164 silly reify mark deleted [
164 silly reify   '/Users/michelleliu/NexusWebsiteV1/node_modules/@swc/core-linux-arm64-gnu'
164 silly reify ]
165 verbose reify failed optional dependency /Users/michelleliu/NexusWebsiteV1/node_modules/@swc/core-linux-arm-gnueabihf
166 silly reify mark deleted [
166 silly reify   '/Users/michelleliu/NexusWebsiteV1/node_modules/@swc/core-linux-arm-gnueabihf'
166 silly reify ]
167 verbose reify failed optional dependency /Users/michelleliu/NexusWebsiteV1/node_modules/@swc/core-darwin-x64
168 silly reify mark deleted [
168 silly reify   '/Users/michelleliu/NexusWebsiteV1/node_modules/@swc/core-darwin-x64'
168 silly reify ]
169 verbose reify failed optional dependency /Users/michelleliu/NexusWebsiteV1/node_modules/@rollup/rollup-win32-x64-msvc
170 silly reify mark deleted [
170 silly reify   '/Users/michelleliu/NexusWebsiteV1/node_modules/@rollup/rollup-win32-x64-msvc'
170 silly reify ]
171 verbose reify failed optional dependency /Users/michelleliu/NexusWebsiteV1/node_modules/@rollup/rollup-win32-x64-gnu
172 silly reify mark deleted [
172 silly reify   '/Users/michelleliu/NexusWebsiteV1/node_modules/@rollup/rollup-win32-x64-gnu'
172 silly reify ]
173 verbose reify failed optional dependency /Users/michelleliu/NexusWebsiteV1/node_modules/@rollup/rollup-win32-ia32-msvc
174 silly reify mark deleted [
174 silly reify   '/Users/michelleliu/NexusWebsiteV1/node_modules/@rollup/rollup-win32-ia32-msvc'
174 silly reify ]
175 verbose reify failed optional dependency /Users/michelleliu/NexusWebsiteV1/node_modules/@rollup/rollup-win32-arm64-msvc
176 silly reify mark deleted [
176 silly reify   '/Users/michelleliu/NexusWebsiteV1/node_modules/@rollup/rollup-win32-arm64-msvc'
176 silly reify ]
177 verbose reify failed optional dependency /Users/michelleliu/NexusWebsiteV1/node_modules/@rollup/rollup-openharmony-arm64
178 silly reify mark deleted [
178 silly reify   '/Users/michelleliu/NexusWebsiteV1/node_modules/@rollup/rollup-openharmony-arm64'
178 silly reify ]
179 verbose reify failed optional dependency /Users/michelleliu/NexusWebsiteV1/node_modules/@rollup/rollup-linux-x64-musl
180 silly reify mark deleted [
180 silly reify   '/Users/michelleliu/NexusWebsiteV1/node_modules/@rollup/rollup-linux-x64-musl'
180 silly reify ]
181 verbose reify failed optional dependency /Users/michelleliu/NexusWebsiteV1/node_modules/@rollup/rollup-linux-x64-gnu
182 silly reify mark deleted [
182 silly reify   '/Users/michelleliu/NexusWebsiteV1/node_modules/@rollup/rollup-linux-x64-gnu'
182 silly reify ]
183 verbose reify failed optional dependency /Users/michelleliu/NexusWebsiteV1/node_modules/@rollup/rollup-linux-s390x-gnu
184 silly reify mark deleted [
184 silly reify   '/Users/michelleliu/NexusWebsiteV1/node_modules/@rollup/rollup-linux-s390x-gnu'
184 silly reify ]
185 verbose reify failed optional dependency /Users/michelleliu/NexusWebsiteV1/node_modules/@rollup/rollup-linux-riscv64-musl
186 silly reify mark deleted [
186 silly reify   '/Users/michelleliu/NexusWebsiteV1/node_modules/@rollup/rollup-linux-riscv64-musl'
186 silly reify ]
187 verbose reify failed optional dependency /Users/michelleliu/NexusWebsiteV1/node_modules/@rollup/rollup-linux-riscv64-gnu
188 silly reify mark deleted [
188 silly reify   '/Users/michelleliu/NexusWebsiteV1/node_modules/@rollup/rollup-linux-riscv64-gnu'
188 silly reify ]
189 verbose reify failed optional dependency /Users/michelleliu/NexusWebsiteV1/node_modules/@rollup/rollup-linux-ppc64-gnu
190 silly reify mark deleted [
190 silly reify   '/Users/michelleliu/NexusWebsiteV1/node_modules/@rollup/rollup-linux-ppc64-gnu'
190 silly reify ]
191 verbose reify failed optional dependency /Users/michelleliu/NexusWebsiteV1/node_modules/@rollup/rollup-linux-loong64-gnu
192 silly reify mark deleted [
192 silly reify   '/Users/michelleliu/NexusWebsiteV1/node_modules/@rollup/rollup-linux-loong64-gnu'
192 silly reify ]
193 verbose reify failed optional dependency /Users/michelleliu/NexusWebsiteV1/node_modules/@rollup/rollup-linux-arm64-musl
194 silly reify mark deleted [
194 silly reify   '/Users/michelleliu/NexusWebsiteV1/node_modules/@rollup/rollup-linux-arm64-musl'
194 silly reify ]
195 verbose reify failed optional dependency /Users/michelleliu/NexusWebsiteV1/node_modules/@rollup/rollup-linux-arm64-gnu
196 silly reify mark deleted [
196 silly reify   '/Users/michelleliu/NexusWebsiteV1/node_modules/@rollup/rollup-linux-arm64-gnu'
196 silly reify ]
197 verbose reify failed optional dependency /Users/michelleliu/NexusWebsiteV1/node_modules/@rollup/rollup-linux-arm-musleabihf
198 silly reify mark deleted [
198 silly reify   '/Users/michelleliu/NexusWebsiteV1/node_modules/@rollup/rollup-linux-arm-musleabihf'
198 silly reify ]
199 verbose reify failed optional dependency /Users/michelleliu/NexusWebsiteV1/node_modules/@rollup/rollup-linux-arm-gnueabihf
200 silly reify mark deleted [
200 silly reify   '/Users/michelleliu/NexusWebsiteV1/node_modules/@rollup/rollup-linux-arm-gnueabihf'
200 silly reify ]
201 verbose reify failed optional dependency /Users/michelleliu/NexusWebsiteV1/node_modules/@rollup/rollup-freebsd-x64
202 silly reify mark deleted [
202 silly reify   '/Users/michelleliu/NexusWebsiteV1/node_modules/@rollup/rollup-freebsd-x64'
202 silly reify ]
203 verbose reify failed optional dependency /Users/michelleliu/NexusWebsiteV1/node_modules/@rollup/rollup-freebsd-arm64
204 silly reify mark deleted [
204 silly reify   '/Users/michelleliu/NexusWebsiteV1/node_modules/@rollup/rollup-freebsd-arm64'
204 silly reify ]
205 verbose reify failed optional dependency /Users/michelleliu/NexusWebsiteV1/node_modules/@rollup/rollup-darwin-x64
206 silly reify mark deleted [
206 silly reify   '/Users/michelleliu/NexusWebsiteV1/node_modules/@rollup/rollup-darwin-x64'
206 silly reify ]
207 verbose reify failed optional dependency /Users/michelleliu/NexusWebsiteV1/node_modules/@rollup/rollup-android-arm64
208 silly reify mark deleted [
208 silly reify   '/Users/michelleliu/NexusWebsiteV1/node_modules/@rollup/rollup-android-arm64'
208 silly reify ]
209 verbose reify failed optional dependency /Users/michelleliu/NexusWebsiteV1/node_modules/@rollup/rollup-android-arm-eabi
210 silly reify mark deleted [
210 silly reify   '/Users/michelleliu/NexusWebsiteV1/node_modules/@rollup/rollup-android-arm-eabi'
210 silly reify ]
211 verbose reify failed optional dependency /Users/michelleliu/NexusWebsiteV1/node_modules/@esbuild/win32-x64
212 silly reify mark deleted [ '/Users/michelleliu/NexusWebsiteV1/node_modules/@esbuild/win32-x64' ]
213 verbose reify failed optional dependency /Users/michelleliu/NexusWebsiteV1/node_modules/@esbuild/win32-ia32
214 silly reify mark deleted [
214 silly reify   '/Users/michelleliu/NexusWebsiteV1/node_modules/@esbuild/win32-ia32'
214 silly reify ]
215 verbose reify failed optional dependency /Users/michelleliu/NexusWebsiteV1/node_modules/@esbuild/win32-arm64
216 silly reify mark deleted [
216 silly reify   '/Users/michelleliu/NexusWebsiteV1/node_modules/@esbuild/win32-arm64'
216 silly reify ]
217 verbose reify failed optional dependency /Users/michelleliu/NexusWebsiteV1/node_modules/@esbuild/sunos-x64
218 silly reify mark deleted [ '/Users/michelleliu/NexusWebsiteV1/node_modules/@esbuild/sunos-x64' ]
219 verbose reify failed optional dependency /Users/michelleliu/NexusWebsiteV1/node_modules/@esbuild/openharmony-arm64
220 silly reify mark deleted [
220 silly reify   '/Users/michelleliu/NexusWebsiteV1/node_modules/@esbuild/openharmony-arm64'
220 silly reify ]
221 verbose reify failed optional dependency /Users/michelleliu/NexusWebsiteV1/node_modules/@esbuild/openbsd-x64
222 silly reify mark deleted [
222 silly reify   '/Users/michelleliu/NexusWebsiteV1/node_modules/@esbuild/openbsd-x64'
222 silly reify ]
223 verbose reify failed optional dependency /Users/michelleliu/NexusWebsiteV1/node_modules/@esbuild/openbsd-arm64
224 silly reify mark deleted [
224 silly reify   '/Users/michelleliu/NexusWebsiteV1/node_modules/@esbuild/openbsd-arm64'
224 silly reify ]
225 verbose reify failed optional dependency /Users/michelleliu/NexusWebsiteV1/node_modules/@esbuild/netbsd-x64
226 silly reify mark deleted [
226 silly reify   '/Users/michelleliu/NexusWebsiteV1/node_modules/@esbuild/netbsd-x64'
226 silly reify ]
227 verbose reify failed optional dependency /Users/michelleliu/NexusWebsiteV1/node_modules/@esbuild/netbsd-arm64
228 silly reify mark deleted [
228 silly reify   '/Users/michelleliu/NexusWebsiteV1/node_modules/@esbuild/netbsd-arm64'
228 silly reify ]
229 verbose reify failed optional dependency /Users/michelleliu/NexusWebsiteV1/node_modules/@esbuild/linux-x64
230 silly reify mark deleted [ '/Users/michelleliu/NexusWebsiteV1/node_modules/@esbuild/linux-x64' ]
231 verbose reify failed optional dependency /Users/michelleliu/NexusWebsiteV1/node_modules/@esbuild/linux-s390x
232 silly reify mark deleted [
232 silly reify   '/Users/michelleliu/NexusWebsiteV1/node_modules/@esbuild/linux-s390x'
232 silly reify ]
233 verbose reify failed optional dependency /Users/michelleliu/NexusWebsiteV1/node_modules/@esbuild/linux-riscv64
234 silly reify mark deleted [
234 silly reify   '/Users/michelleliu/NexusWebsiteV1/node_modules/@esbuild/linux-riscv64'
234 silly reify ]
235 verbose reify failed optional dependency /Users/michelleliu/NexusWebsiteV1/node_modules/@esbuild/linux-ppc64
236 silly reify mark deleted [
236 silly reify   '/Users/michelleliu/NexusWebsiteV1/node_modules/@esbuild/linux-ppc64'
236 silly reify ]
237 verbose reify failed optional dependency /Users/michelleliu/NexusWebsiteV1/node_modules/@esbuild/linux-mips64el
238 silly reify mark deleted [
238 silly reify   '/Users/michelleliu/NexusWebsiteV1/node_modules/@esbuild/linux-mips64el'
238 silly reify ]
239 verbose reify failed optional dependency /Users/michelleliu/NexusWebsiteV1/node_modules/@esbuild/linux-loong64
240 silly reify mark deleted [
240 silly reify   '/Users/michelleliu/NexusWebsiteV1/node_modules/@esbuild/linux-loong64'
240 silly reify ]
241 verbose reify failed optional dependency /Users/michelleliu/NexusWebsiteV1/node_modules/@esbuild/linux-ia32
242 silly reify mark deleted [
242 silly reify   '/Users/michelleliu/NexusWebsiteV1/node_modules/@esbuild/linux-ia32'
242 silly reify ]
243 verbose reify failed optional dependency /Users/michelleliu/NexusWebsiteV1/node_modules/@esbuild/linux-arm64
244 silly reify mark deleted [
244 silly reify   '/Users/michelleliu/NexusWebsiteV1/node_modules/@esbuild/linux-arm64'
244 silly reify ]
245 verbose reify failed optional dependency /Users/michelleliu/NexusWebsiteV1/node_modules/@esbuild/linux-arm
246 silly reify mark deleted [ '/Users/michelleliu/NexusWebsiteV1/node_modules/@esbuild/linux-arm' ]
247 verbose reify failed optional dependency /Users/michelleliu/NexusWebsiteV1/node_modules/@esbuild/freebsd-x64
248 silly reify mark deleted [
248 silly reify   '/Users/michelleliu/NexusWebsiteV1/node_modules/@esbuild/freebsd-x64'
248 silly reify ]
249 verbose reify failed optional dependency /Users/michelleliu/NexusWebsiteV1/node_modules/@esbuild/freebsd-arm64
250 silly reify mark deleted [
250 silly reify   '/Users/michelleliu/NexusWebsiteV1/node_modules/@esbuild/freebsd-arm64'
250 silly reify ]
251 verbose reify failed optional dependency /Users/michelleliu/NexusWebsiteV1/node_modules/@esbuild/darwin-x64
252 silly reify mark deleted [
252 silly reify   '/Users/michelleliu/NexusWebsiteV1/node_modules/@esbuild/darwin-x64'
252 silly reify ]
253 verbose reify failed optional dependency /Users/michelleliu/NexusWebsiteV1/node_modules/@esbuild/android-x64
254 silly reify mark deleted [
254 silly reify   '/Users/michelleliu/NexusWebsiteV1/node_modules/@esbuild/android-x64'
254 silly reify ]
255 verbose reify failed optional dependency /Users/michelleliu/NexusWebsiteV1/node_modules/@esbuild/android-arm64
256 silly reify mark deleted [
256 silly reify   '/Users/michelleliu/NexusWebsiteV1/node_modules/@esbuild/android-arm64'
256 silly reify ]
257 verbose reify failed optional dependency /Users/michelleliu/NexusWebsiteV1/node_modules/@esbuild/android-arm
258 silly reify mark deleted [
258 silly reify   '/Users/michelleliu/NexusWebsiteV1/node_modules/@esbuild/android-arm'
258 silly reify ]
259 verbose reify failed optional dependency /Users/michelleliu/NexusWebsiteV1/node_modules/@esbuild/aix-ppc64
260 silly reify mark deleted [ '/Users/michelleliu/NexusWebsiteV1/node_modules/@esbuild/aix-ppc64' ]
261 http cache tailwindcss@https://registry.npmjs.org/tailwindcss/-/tailwindcss-4.1.16.tgz 0ms (cache hit)
262 http fetch POST 200 https://registry.npmjs.org/-/npm/v1/security/advisories/bulk 111ms
263 silly audit report {}
264 silly ADD
265 silly ADD
266 silly ADD
267 silly ADD
268 silly ADD
269 silly ADD
270 silly ADD
271 silly ADD
272 silly ADD
273 silly ADD
274 silly ADD
275 silly ADD
276 silly ADD
277 silly ADD
278 silly ADD
279 silly ADD
280 silly ADD
281 silly ADD
282 silly ADD
283 silly ADD
284 silly ADD
285 silly ADD
286 silly ADD
287 silly ADD
288 silly ADD
289 silly ADD
290 silly ADD
291 silly ADD
292 silly ADD
293 silly ADD
294 silly ADD
295 silly ADD
296 silly ADD
297 silly ADD
298 silly ADD
299 silly ADD
300 silly ADD
301 silly ADD
302 silly ADD
303 silly ADD
304 silly ADD
305 silly ADD
306 silly ADD
307 silly ADD
308 silly ADD
309 silly ADD
310 silly ADD
311 silly ADD
312 silly ADD
313 silly ADD
314 silly ADD
315 silly ADD
316 silly ADD
317 silly ADD
318 silly ADD
319 silly ADD
320 silly ADD
321 silly ADD
322 silly ADD
323 silly ADD
324 silly ADD
325 silly ADD
326 silly ADD
327 silly ADD
328 silly ADD
329 silly ADD
330 silly ADD
331 silly ADD
332 silly ADD
333 silly ADD
334 silly ADD
335 silly ADD
336 silly ADD
337 silly ADD
338 silly ADD
339 silly ADD
340 silly REMOVE node_modules/wrap-ansi-cjs
341 silly REMOVE node_modules/wrap-ansi-cjs/node_modules/strip-ansi
342 silly REMOVE node_modules/wrap-ansi-cjs/node_modules/string-width
343 silly REMOVE node_modules/wrap-ansi-cjs/node_modules/emoji-regex
344 silly REMOVE node_modules/wrap-ansi-cjs/node_modules/ansi-styles
345 silly REMOVE node_modules/wrap-ansi-cjs/node_modules/ansi-regex
346 silly REMOVE node_modules/wrap-ansi
347 silly REMOVE node_modules/which
348 silly REMOVE node_modules/util-deprecate
349 silly REMOVE node_modules/ts-interface-checker
350 silly REMOVE node_modules/to-regex-range
351 silly REMOVE node_modules/thenify-all
352 silly REMOVE node_modules/thenify
353 silly CHANGE node_modules/tailwindcss
354 silly REMOVE node_modules/supports-preserve-symlinks-flag
355 silly REMOVE node_modules/sucrase
356 silly REMOVE node_modules/strip-ansi-cjs
357 silly REMOVE node_modules/strip-ansi-cjs/node_modules/ansi-regex
358 silly REMOVE node_modules/strip-ansi
359 silly REMOVE node_modules/string-width-cjs
360 silly REMOVE node_modules/string-width-cjs/node_modules/strip-ansi
361 silly REMOVE node_modules/string-width-cjs/node_modules/emoji-regex
362 silly REMOVE node_modules/string-width-cjs/node_modules/ansi-regex
363 silly REMOVE node_modules/string-width
364 silly REMOVE node_modules/signal-exit
365 silly REMOVE node_modules/shebang-regex
366 silly REMOVE node_modules/shebang-command
367 silly REMOVE node_modules/run-parallel
368 silly REMOVE node_modules/reusify
369 silly REMOVE node_modules/resolve
370 silly REMOVE node_modules/readdirp
371 silly REMOVE node_modules/readdirp/node_modules/picomatch
372 silly REMOVE node_modules/read-cache
373 silly REMOVE node_modules/queue-microtask
374 silly REMOVE node_modules/postcss-selector-parser
375 silly REMOVE node_modules/postcss-nested
376 silly REMOVE node_modules/postcss-load-config
377 silly REMOVE node_modules/postcss-js
378 silly REMOVE node_modules/postcss-import
379 silly REMOVE node_modules/pirates
380 silly REMOVE node_modules/pify
381 silly REMOVE node_modules/path-scurry
382 silly REMOVE node_modules/path-parse
383 silly REMOVE node_modules/path-key
384 silly REMOVE node_modules/package-json-from-dist
385 silly REMOVE node_modules/object-hash
386 silly REMOVE node_modules/normalize-path
387 silly REMOVE node_modules/mz
388 silly REMOVE node_modules/minipass
389 silly REMOVE node_modules/minimatch
390 silly REMOVE node_modules/micromatch
391 silly REMOVE node_modules/micromatch/node_modules/picomatch
392 silly REMOVE node_modules/merge2
393 silly REMOVE node_modules/lru-cache
394 silly REMOVE node_modules/lines-and-columns
395 silly REMOVE node_modules/lilconfig
396 silly REMOVE node_modules/jackspeak
397 silly REMOVE node_modules/isexe
398 silly REMOVE node_modules/is-number
399 silly REMOVE node_modules/is-glob
400 silly REMOVE node_modules/is-fullwidth-code-point
401 silly REMOVE node_modules/is-extglob
402 silly REMOVE node_modules/is-core-module
403 silly REMOVE node_modules/is-binary-path
404 silly REMOVE node_modules/hasown
405 silly REMOVE node_modules/glob-parent
406 silly REMOVE node_modules/glob
407 silly REMOVE node_modules/function-bind
408 silly REMOVE node_modules/foreground-child
409 silly REMOVE node_modules/fill-range
410 silly REMOVE node_modules/fastq
411 silly REMOVE node_modules/fast-glob
412 silly REMOVE node_modules/fast-glob/node_modules/glob-parent
413 silly REMOVE node_modules/emoji-regex
414 silly REMOVE node_modules/eastasianwidth
415 silly REMOVE node_modules/dlv
416 silly REMOVE node_modules/didyoumean
417 silly REMOVE node_modules/cssesc
418 silly REMOVE node_modules/cross-spawn
419 silly REMOVE node_modules/commander
420 silly REMOVE node_modules/color-name
421 silly REMOVE node_modules/color-convert
422 silly REMOVE node_modules/chokidar
423 silly REMOVE node_modules/chokidar/node_modules/glob-parent
424 silly REMOVE node_modules/camelcase-css
425 silly REMOVE node_modules/braces
426 silly REMOVE node_modules/brace-expansion
427 silly REMOVE node_modules/binary-extensions
428 silly REMOVE node_modules/balanced-match
429 silly REMOVE node_modules/arg
430 silly REMOVE node_modules/anymatch
431 silly REMOVE node_modules/anymatch/node_modules/picomatch
432 silly REMOVE node_modules/any-promise
433 silly REMOVE node_modules/ansi-styles
434 silly REMOVE node_modules/ansi-regex
435 silly REMOVE node_modules/@tailwindcss/postcss/node_modules/tailwindcss
436 silly REMOVE node_modules/@tailwindcss/node/node_modules/tailwindcss
437 silly REMOVE node_modules/@pkgjs/parseargs
438 silly REMOVE node_modules/@nodelib/fs.walk
439 silly REMOVE node_modules/@nodelib/fs.stat
440 silly REMOVE node_modules/@nodelib/fs.scandir
441 silly REMOVE node_modules/@isaacs/cliui
442 verbose cwd /Users/michelleliu/NexusWebsiteV1
443 verbose os Darwin 24.6.0
444 verbose node v22.21.0
445 verbose npm  v10.9.4
446 verbose exit 0
447 info ok
